[nltk_data] Downloading package punkt to
[nltk_data]     /home/mainakbiswas/nltk_data...
[nltk_data]   Package punkt is already up-to-date!
[nltk_data] Downloading package stopwords to
[nltk_data]     /home/mainakbiswas/nltk_data...
[nltk_data]   Package stopwords is already up-to-date!
[32m[I 2022-04-06 08:18:36,787][0m A new study created in memory with name: no-name-a9e17c30-dd8a-4927-a912-692d83f98b2c[0m
/opt/anaconda3/lib/python3.6/site-packages/optuna/study/study.py:397: FutureWarning: `n_jobs` argument has been deprecated in v2.7.0. This feature will be removed in v4.0.0. See https://github.com/optuna/optuna/releases/tag/v2.7.0.
  FutureWarning,
  0%|          | 0/10 [00:00<?, ?it/s]
  0%|          | 0/10 [00:00<?, ?it/s][A

  0%|          | 0/10 [00:00<?, ?it/s][A[A
 10%|â–ˆ         | 1/10 [02:44<24:41, 164.66s/it][A

 10%|â–ˆ         | 1/10 [02:50<25:33, 170.38s/it][A[A 10%|â–ˆ         | 1/10 [03:03<27:29, 183.26s/it]
 20%|â–ˆâ–ˆ        | 2/10 [05:30<22:01, 165.16s/it][A

 20%|â–ˆâ–ˆ        | 2/10 [05:41<22:45, 170.64s/it][A[A 20%|â–ˆâ–ˆ        | 2/10 [06:05<24:19, 182.48s/it]
 30%|â–ˆâ–ˆâ–ˆ       | 3/10 [08:15<19:15, 165.07s/it][A

 30%|â–ˆâ–ˆâ–ˆ       | 3/10 [08:29<19:46, 169.45s/it][A[A 30%|â–ˆâ–ˆâ–ˆ       | 3/10 [09:09<21:24, 183.48s/it]
 40%|â–ˆâ–ˆâ–ˆâ–ˆ      | 4/10 [11:00<16:30, 165.02s/it][A

 40%|â–ˆâ–ˆâ–ˆâ–ˆ      | 4/10 [11:16<16:50, 168.50s/it][A[A 40%|â–ˆâ–ˆâ–ˆâ–ˆ      | 4/10 [12:14<18:24, 184.12s/it]
 50%|â–ˆâ–ˆâ–ˆâ–ˆâ–ˆ     | 5/10 [13:44<13:44, 164.92s/it][A

 50%|â–ˆâ–ˆâ–ˆâ–ˆâ–ˆ     | 5/10 [14:01<13:57, 167.46s/it][A[A 50%|â–ˆâ–ˆâ–ˆâ–ˆâ–ˆ     | 5/10 [15:15<15:13, 182.71s/it]
 60%|â–ˆâ–ˆâ–ˆâ–ˆâ–ˆâ–ˆ    | 6/10 [16:29<10:59, 164.89s/it][A

 60%|â–ˆâ–ˆâ–ˆâ–ˆâ–ˆâ–ˆ    | 6/10 [16:48<11:08, 167.03s/it][A[A 60%|â–ˆâ–ˆâ–ˆâ–ˆâ–ˆâ–ˆ    | 6/10 [18:21<12:15, 183.92s/it]
 70%|â–ˆâ–ˆâ–ˆâ–ˆâ–ˆâ–ˆâ–ˆ   | 7/10 [19:14<08:14, 164.89s/it][A

 70%|â–ˆâ–ˆâ–ˆâ–ˆâ–ˆâ–ˆâ–ˆ   | 7/10 [19:33<08:19, 166.59s/it][A[A 70%|â–ˆâ–ˆâ–ˆâ–ˆâ–ˆâ–ˆâ–ˆ   | 7/10 [21:25<09:12, 184.08s/it]
 80%|â–ˆâ–ˆâ–ˆâ–ˆâ–ˆâ–ˆâ–ˆâ–ˆ  | 8/10 [21:59<05:29, 164.96s/it][A

 80%|â–ˆâ–ˆâ–ˆâ–ˆâ–ˆâ–ˆâ–ˆâ–ˆ  | 8/10 [22:20<05:33, 166.72s/it][A[A 80%|â–ˆâ–ˆâ–ˆâ–ˆâ–ˆâ–ˆâ–ˆâ–ˆ  | 8/10 [24:26<06:05, 182.93s/it]
 90%|â–ˆâ–ˆâ–ˆâ–ˆâ–ˆâ–ˆâ–ˆâ–ˆâ–ˆ | 9/10 [24:44<02:44, 164.87s/it][A

 90%|â–ˆâ–ˆâ–ˆâ–ˆâ–ˆâ–ˆâ–ˆâ–ˆâ–ˆ | 9/10 [25:06<02:46, 166.33s/it][A[A 90%|â–ˆâ–ˆâ–ˆâ–ˆâ–ˆâ–ˆâ–ˆâ–ˆâ–ˆ | 9/10 [27:25<03:01, 181.78s/it]
100%|â–ˆâ–ˆâ–ˆâ–ˆâ–ˆâ–ˆâ–ˆâ–ˆâ–ˆâ–ˆ| 10/10 [27:29<00:00, 164.91s/it][A100%|â–ˆâ–ˆâ–ˆâ–ˆâ–ˆâ–ˆâ–ˆâ–ˆâ–ˆâ–ˆ| 10/10 [27:29<00:00, 164.93s/it]
[32m[I 2022-04-06 08:46:18,451][0m Trial 0 finished with value: 0.4503058103975535 and parameters: {'emb_size': 100, 'hidden_size': 128, 'fc_size': 128, 'num_layers': 2, 'dropout_rnn': 0.5016281072464723, 'dropout_fc': 0.7636360576670682, 'learning_rate': 3.406303086247354e-05, 'l2_reg': 0.0021799040763067277}. Best is trial 0 with value: 0.4503058103975535.[0m

  0%|          | 0/10 [00:00<?, ?it/s][A

100%|â–ˆâ–ˆâ–ˆâ–ˆâ–ˆâ–ˆâ–ˆâ–ˆâ–ˆâ–ˆ| 10/10 [27:52<00:00, 166.35s/it][A[A100%|â–ˆâ–ˆâ–ˆâ–ˆâ–ˆâ–ˆâ–ˆâ–ˆâ–ˆâ–ˆ| 10/10 [27:52<00:00, 167.26s/it]
[32m[I 2022-04-06 08:46:41,811][0m Trial 2 finished with value: 0.4504150283966798 and parameters: {'emb_size': 200, 'hidden_size': 128, 'fc_size': 64, 'num_layers': 2, 'dropout_rnn': 0.5841778852433581, 'dropout_fc': 0.44155673336301615, 'learning_rate': 0.000743440100407724, 'l2_reg': 0.007507004488234797}. Best is trial 2 with value: 0.4504150283966798.[0m


  0%|          | 0/10 [00:00<?, ?it/s][A[A100%|â–ˆâ–ˆâ–ˆâ–ˆâ–ˆâ–ˆâ–ˆâ–ˆâ–ˆâ–ˆ| 10/10 [30:25<00:00, 181.28s/it]100%|â–ˆâ–ˆâ–ˆâ–ˆâ–ˆâ–ˆâ–ˆâ–ˆâ–ˆâ–ˆ| 10/10 [30:25<00:00, 182.57s/it]
[32m[I 2022-04-06 08:49:15,658][0m Trial 1 finished with value: 0.45081549439347607 and parameters: {'emb_size': 100, 'hidden_size': 256, 'fc_size': 128, 'num_layers': 2, 'dropout_rnn': 0.2366730462546463, 'dropout_fc': 0.6071641133072562, 'learning_rate': 0.0012756186893785428, 'l2_reg': 0.002352831270960754}. Best is trial 1 with value: 0.45081549439347607.[0m
  0%|          | 0/10 [00:00<?, ?it/s]
 10%|â–ˆ         | 1/10 [03:11<28:40, 191.20s/it][A

 10%|â–ˆ         | 1/10 [03:18<29:47, 198.58s/it][A[A 10%|â–ˆ         | 1/10 [03:12<28:50, 192.30s/it]
 20%|â–ˆâ–ˆ        | 2/10 [06:17<25:04, 188.07s/it][A

 20%|â–ˆâ–ˆ        | 2/10 [06:30<25:55, 194.39s/it][A[A 20%|â–ˆâ–ˆ        | 2/10 [06:22<25:27, 190.90s/it]
 30%|â–ˆâ–ˆâ–ˆ       | 3/10 [09:20<21:42, 186.09s/it][A

 30%|â–ˆâ–ˆâ–ˆ       | 3/10 [09:45<22:44, 194.99s/it][A[A
 40%|â–ˆâ–ˆâ–ˆâ–ˆ      | 4/10 [12:19<18:19, 183.33s/it][A 30%|â–ˆâ–ˆâ–ˆ       | 3/10 [09:28<22:01, 188.82s/it]

 40%|â–ˆâ–ˆâ–ˆâ–ˆ      | 4/10 [12:58<19:24, 194.15s/it][A[A
 50%|â–ˆâ–ˆâ–ˆâ–ˆâ–ˆ     | 5/10 [15:15<15:02, 180.44s/it][A 40%|â–ˆâ–ˆâ–ˆâ–ˆ      | 4/10 [12:35<18:47, 187.92s/it]

 50%|â–ˆâ–ˆâ–ˆâ–ˆâ–ˆ     | 5/10 [16:11<16:07, 193.57s/it][A[A
 60%|â–ˆâ–ˆâ–ˆâ–ˆâ–ˆâ–ˆ    | 6/10 [18:19<12:06, 181.64s/it][A 50%|â–ˆâ–ˆâ–ˆâ–ˆâ–ˆ     | 5/10 [15:49<15:51, 190.36s/it]

 60%|â–ˆâ–ˆâ–ˆâ–ˆâ–ˆâ–ˆ    | 6/10 [19:30<13:01, 195.47s/it][A[A
 70%|â–ˆâ–ˆâ–ˆâ–ˆâ–ˆâ–ˆâ–ˆ   | 7/10 [21:20<09:04, 181.53s/it][A 60%|â–ˆâ–ˆâ–ˆâ–ˆâ–ˆâ–ˆ    | 6/10 [19:00<12:41, 190.48s/it]

 70%|â–ˆâ–ˆâ–ˆâ–ˆâ–ˆâ–ˆâ–ˆ   | 7/10 [22:42<09:43, 194.36s/it][A[A
 80%|â–ˆâ–ˆâ–ˆâ–ˆâ–ˆâ–ˆâ–ˆâ–ˆ  | 8/10 [24:24<06:04, 182.47s/it][A 70%|â–ˆâ–ˆâ–ˆâ–ˆâ–ˆâ–ˆâ–ˆ   | 7/10 [22:08<09:29, 189.83s/it]

 80%|â–ˆâ–ˆâ–ˆâ–ˆâ–ˆâ–ˆâ–ˆâ–ˆ  | 8/10 [25:58<06:29, 194.97s/it][A[A
 90%|â–ˆâ–ˆâ–ˆâ–ˆâ–ˆâ–ˆâ–ˆâ–ˆâ–ˆ | 9/10 [27:29<03:03, 183.23s/it][A 80%|â–ˆâ–ˆâ–ˆâ–ˆâ–ˆâ–ˆâ–ˆâ–ˆ  | 8/10 [25:17<06:19, 189.55s/it]

 90%|â–ˆâ–ˆâ–ˆâ–ˆâ–ˆâ–ˆâ–ˆâ–ˆâ–ˆ | 9/10 [29:10<03:14, 194.13s/it][A[A
100%|â–ˆâ–ˆâ–ˆâ–ˆâ–ˆâ–ˆâ–ˆâ–ˆâ–ˆâ–ˆ| 10/10 [30:38<00:00, 184.84s/it][A100%|â–ˆâ–ˆâ–ˆâ–ˆâ–ˆâ–ˆâ–ˆâ–ˆâ–ˆâ–ˆ| 10/10 [30:38<00:00, 183.83s/it]
[32m[I 2022-04-06 09:17:00,004][0m Trial 3 finished with value: 0.4503058103975535 and parameters: {'emb_size': 100, 'hidden_size': 128, 'fc_size': 128, 'num_layers': 3, 'dropout_rnn': 0.35768327091396607, 'dropout_fc': 0.80244336221056, 'learning_rate': 0.00010212378874776996, 'l2_reg': 0.021341044198063392}. Best is trial 1 with value: 0.45081549439347607.[0m

  0%|          | 0/10 [00:00<?, ?it/s][A 90%|â–ˆâ–ˆâ–ˆâ–ˆâ–ˆâ–ˆâ–ˆâ–ˆâ–ˆ | 9/10 [28:46<03:15, 195.58s/it]

100%|â–ˆâ–ˆâ–ˆâ–ˆâ–ˆâ–ˆâ–ˆâ–ˆâ–ˆâ–ˆ| 10/10 [32:34<00:00, 197.11s/it][A[A100%|â–ˆâ–ˆâ–ˆâ–ˆâ–ˆâ–ˆâ–ˆâ–ˆâ–ˆâ–ˆ| 10/10 [32:34<00:00, 195.47s/it]
[32m[I 2022-04-06 09:19:19,884][0m Trial 4 finished with value: 0.450378622396971 and parameters: {'emb_size': 100, 'hidden_size': 128, 'fc_size': 128, 'num_layers': 3, 'dropout_rnn': 0.3662827172184767, 'dropout_fc': 0.8677767545004764, 'learning_rate': 3.7584749512957685e-05, 'l2_reg': 0.006117230308899922}. Best is trial 1 with value: 0.45081549439347607.[0m


  0%|          | 0/10 [00:00<?, ?it/s][A[A
 10%|â–ˆ         | 1/10 [04:01<36:09, 241.06s/it][A100%|â–ˆâ–ˆâ–ˆâ–ˆâ–ˆâ–ˆâ–ˆâ–ˆâ–ˆâ–ˆ| 10/10 [32:09<00:00, 197.79s/it]100%|â–ˆâ–ˆâ–ˆâ–ˆâ–ˆâ–ˆâ–ˆâ–ˆâ–ˆâ–ˆ| 10/10 [32:09<00:00, 192.95s/it]
[32m[I 2022-04-06 09:21:28,477][0m Trial 5 finished with value: 0.450378622396971 and parameters: {'emb_size': 100, 'hidden_size': 128, 'fc_size': 64, 'num_layers': 3, 'dropout_rnn': 0.5836881797719857, 'dropout_fc': 0.8326194880385978, 'learning_rate': 1.486324176699688e-05, 'l2_reg': 0.0061740007069239974}. Best is trial 1 with value: 0.45081549439347607.[0m
  0%|          | 0/10 [00:00<?, ?it/s]

 10%|â–ˆ         | 1/10 [03:03<27:33, 183.73s/it][A[A 10%|â–ˆ         | 1/10 [02:45<24:52, 165.78s/it]
 20%|â–ˆâ–ˆ        | 2/10 [08:05<32:22, 242.82s/it][A

 20%|â–ˆâ–ˆ        | 2/10 [06:06<24:25, 183.18s/it][A[A 20%|â–ˆâ–ˆ        | 2/10 [05:29<21:57, 164.70s/it]

 30%|â–ˆâ–ˆâ–ˆ       | 3/10 [09:07<21:14, 182.11s/it][A[A
 30%|â–ˆâ–ˆâ–ˆ       | 3/10 [12:09<28:23, 243.38s/it][A 30%|â–ˆâ–ˆâ–ˆ       | 3/10 [08:15<19:17, 165.38s/it]

 40%|â–ˆâ–ˆâ–ˆâ–ˆ      | 4/10 [12:08<18:10, 181.78s/it][A[A 40%|â–ˆâ–ˆâ–ˆâ–ˆ      | 4/10 [11:02<16:34, 165.67s/it]
 40%|â–ˆâ–ˆâ–ˆâ–ˆ      | 4/10 [16:13<24:22, 243.71s/it][A

 50%|â–ˆâ–ˆâ–ˆâ–ˆâ–ˆ     | 5/10 [15:10<15:08, 181.76s/it][A[A 50%|â–ˆâ–ˆâ–ˆâ–ˆâ–ˆ     | 5/10 [13:48<13:49, 165.86s/it]
 50%|â–ˆâ–ˆâ–ˆâ–ˆâ–ˆ     | 5/10 [20:20<20:25, 245.03s/it][A

 60%|â–ˆâ–ˆâ–ˆâ–ˆâ–ˆâ–ˆ    | 6/10 [18:16<12:12, 183.14s/it][A[A 60%|â–ˆâ–ˆâ–ˆâ–ˆâ–ˆâ–ˆ    | 6/10 [16:34<11:03, 165.89s/it]

 70%|â–ˆâ–ˆâ–ˆâ–ˆâ–ˆâ–ˆâ–ˆ   | 7/10 [21:22<09:12, 184.10s/it][A[A 70%|â–ˆâ–ˆâ–ˆâ–ˆâ–ˆâ–ˆâ–ˆ   | 7/10 [19:20<08:17, 165.94s/it]
 60%|â–ˆâ–ˆâ–ˆâ–ˆâ–ˆâ–ˆ    | 6/10 [24:24<16:18, 244.74s/it][A 80%|â–ˆâ–ˆâ–ˆâ–ˆâ–ˆâ–ˆâ–ˆâ–ˆ  | 8/10 [22:06<05:32, 166.16s/it]

 80%|â–ˆâ–ˆâ–ˆâ–ˆâ–ˆâ–ˆâ–ˆâ–ˆ  | 8/10 [24:32<06:12, 186.10s/it][A[A
 70%|â–ˆâ–ˆâ–ˆâ–ˆâ–ˆâ–ˆâ–ˆ   | 7/10 [28:30<12:14, 244.85s/it][A 90%|â–ˆâ–ˆâ–ˆâ–ˆâ–ˆâ–ˆâ–ˆâ–ˆâ–ˆ | 9/10 [24:54<02:46, 166.67s/it]

 90%|â–ˆâ–ˆâ–ˆâ–ˆâ–ˆâ–ˆâ–ˆâ–ˆâ–ˆ | 9/10 [27:37<03:05, 185.76s/it][A[A100%|â–ˆâ–ˆâ–ˆâ–ˆâ–ˆâ–ˆâ–ˆâ–ˆâ–ˆâ–ˆ| 10/10 [27:41<00:00, 166.66s/it]100%|â–ˆâ–ˆâ–ˆâ–ˆâ–ˆâ–ˆâ–ˆâ–ˆâ–ˆâ–ˆ| 10/10 [27:41<00:00, 166.13s/it]
[32m[I 2022-04-06 09:49:12,083][0m Trial 8 finished with value: 0.450378622396971 and parameters: {'emb_size': 100, 'hidden_size': 128, 'fc_size': 128, 'num_layers': 2, 'dropout_rnn': 0.6624941324281547, 'dropout_fc': 0.6610281682775303, 'learning_rate': 0.0008931081991155267, 'l2_reg': 0.1144130430133056}. Best is trial 1 with value: 0.45081549439347607.[0m
  0%|          | 0/10 [00:00<?, ?it/s]
 80%|â–ˆâ–ˆâ–ˆâ–ˆâ–ˆâ–ˆâ–ˆâ–ˆ  | 8/10 [32:34<08:09, 244.65s/it][A

100%|â–ˆâ–ˆâ–ˆâ–ˆâ–ˆâ–ˆâ–ˆâ–ˆâ–ˆâ–ˆ| 10/10 [30:42<00:00, 185.42s/it][A[A100%|â–ˆâ–ˆâ–ˆâ–ˆâ–ˆâ–ˆâ–ˆâ–ˆâ–ˆâ–ˆ| 10/10 [30:42<00:00, 184.23s/it]
[32m[I 2022-04-06 09:50:05,295][0m Trial 7 finished with value: 0.46741663026066693 and parameters: {'emb_size': 100, 'hidden_size': 256, 'fc_size': 128, 'num_layers': 2, 'dropout_rnn': 0.49272402480633876, 'dropout_fc': 0.5783879534667837, 'learning_rate': 2.0428471092763382e-05, 'l2_reg': 0.001176383818158911}. Best is trial 7 with value: 0.46741663026066693.[0m


  0%|          | 0/10 [00:00<?, ?it/s][A[A 10%|â–ˆ         | 1/10 [03:06<27:54, 186.07s/it]

 10%|â–ˆ         | 1/10 [03:12<28:48, 192.10s/it][A[A
 90%|â–ˆâ–ˆâ–ˆâ–ˆâ–ˆâ–ˆâ–ˆâ–ˆâ–ˆ | 9/10 [36:37<04:04, 244.29s/it][A 20%|â–ˆâ–ˆ        | 2/10 [06:13<24:53, 186.63s/it]

 20%|â–ˆâ–ˆ        | 2/10 [06:22<25:30, 191.28s/it][A[A
100%|â–ˆâ–ˆâ–ˆâ–ˆâ–ˆâ–ˆâ–ˆâ–ˆâ–ˆâ–ˆ| 10/10 [40:40<00:00, 243.69s/it][A100%|â–ˆâ–ˆâ–ˆâ–ˆâ–ˆâ–ˆâ–ˆâ–ˆâ–ˆâ–ˆ| 10/10 [40:40<00:00, 244.01s/it]
[32m[I 2022-04-06 09:57:44,722][0m Trial 6 finished with value: 0.4503058103975535 and parameters: {'emb_size': 100, 'hidden_size': 256, 'fc_size': 64, 'num_layers': 3, 'dropout_rnn': 0.5720178187341851, 'dropout_fc': 0.46755537495898947, 'learning_rate': 0.0002872119273633016, 'l2_reg': 0.00283844752938504}. Best is trial 7 with value: 0.46741663026066693.[0m

  0%|          | 0/10 [00:00<?, ?it/s][A 30%|â–ˆâ–ˆâ–ˆ       | 3/10 [09:16<21:35, 185.13s/it]

 30%|â–ˆâ–ˆâ–ˆ       | 3/10 [09:33<22:17, 191.07s/it][A[A
 10%|â–ˆ         | 1/10 [02:44<24:42, 164.74s/it][A 40%|â–ˆâ–ˆâ–ˆâ–ˆ      | 4/10 [12:17<18:20, 183.48s/it]

 40%|â–ˆâ–ˆâ–ˆâ–ˆ      | 4/10 [12:45<19:08, 191.39s/it][A[A
 20%|â–ˆâ–ˆ        | 2/10 [05:30<22:00, 165.07s/it][A 50%|â–ˆâ–ˆâ–ˆâ–ˆâ–ˆ     | 5/10 [15:21<15:18, 183.69s/it]

 50%|â–ˆâ–ˆâ–ˆâ–ˆâ–ˆ     | 5/10 [15:52<15:48, 189.73s/it][A[A
 30%|â–ˆâ–ˆâ–ˆ       | 3/10 [08:15<19:18, 165.45s/it][A 60%|â–ˆâ–ˆâ–ˆâ–ˆâ–ˆâ–ˆ    | 6/10 [18:22<12:11, 182.79s/it]
 40%|â–ˆâ–ˆâ–ˆâ–ˆ      | 4/10 [11:02<16:35, 165.91s/it][A

 60%|â–ˆâ–ˆâ–ˆâ–ˆâ–ˆâ–ˆ    | 6/10 [19:02<12:40, 190.03s/it][A[A 70%|â–ˆâ–ˆâ–ˆâ–ˆâ–ˆâ–ˆâ–ˆ   | 7/10 [21:22<09:05, 181.83s/it]
 50%|â–ˆâ–ˆâ–ˆâ–ˆâ–ˆ     | 5/10 [13:47<13:48, 165.66s/it][A

 70%|â–ˆâ–ˆâ–ˆâ–ˆâ–ˆâ–ˆâ–ˆ   | 7/10 [22:08<09:25, 188.53s/it][A[A 80%|â–ˆâ–ˆâ–ˆâ–ˆâ–ˆâ–ˆâ–ˆâ–ˆ  | 8/10 [24:21<06:01, 180.90s/it]
 60%|â–ˆâ–ˆâ–ˆâ–ˆâ–ˆâ–ˆ    | 6/10 [16:33<11:02, 165.57s/it][A

 80%|â–ˆâ–ˆâ–ˆâ–ˆâ–ˆâ–ˆâ–ˆâ–ˆ  | 8/10 [25:16<06:17, 188.50s/it][A[A 90%|â–ˆâ–ˆâ–ˆâ–ˆâ–ˆâ–ˆâ–ˆâ–ˆâ–ˆ | 9/10 [27:24<03:01, 181.59s/it]
 70%|â–ˆâ–ˆâ–ˆâ–ˆâ–ˆâ–ˆâ–ˆ   | 7/10 [19:18<08:16, 165.52s/it][A

 90%|â–ˆâ–ˆâ–ˆâ–ˆâ–ˆâ–ˆâ–ˆâ–ˆâ–ˆ | 9/10 [28:28<03:09, 189.54s/it][A[A100%|â–ˆâ–ˆâ–ˆâ–ˆâ–ˆâ–ˆâ–ˆâ–ˆâ–ˆâ–ˆ| 10/10 [30:26<00:00, 181.61s/it]100%|â–ˆâ–ˆâ–ˆâ–ˆâ–ˆâ–ˆâ–ˆâ–ˆâ–ˆâ–ˆ| 10/10 [30:26<00:00, 182.60s/it]
[32m[I 2022-04-06 10:19:41,332][0m Trial 9 finished with value: 0.4505606523955148 and parameters: {'emb_size': 100, 'hidden_size': 256, 'fc_size': 64, 'num_layers': 2, 'dropout_rnn': 0.3563490548115372, 'dropout_fc': 0.4947306101473869, 'learning_rate': 0.00703206040263298, 'l2_reg': 0.012048753797827293}. Best is trial 7 with value: 0.46741663026066693.[0m
  0%|          | 0/10 [00:00<?, ?it/s]
 80%|â–ˆâ–ˆâ–ˆâ–ˆâ–ˆâ–ˆâ–ˆâ–ˆ  | 8/10 [22:03<05:30, 165.46s/it][A

100%|â–ˆâ–ˆâ–ˆâ–ˆâ–ˆâ–ˆâ–ˆâ–ˆâ–ˆâ–ˆ| 10/10 [31:40<00:00, 190.29s/it][A[A100%|â–ˆâ–ˆâ–ˆâ–ˆâ–ˆâ–ˆâ–ˆâ–ˆâ–ˆâ–ˆ| 10/10 [31:40<00:00, 190.06s/it]
[32m[I 2022-04-06 10:21:49,135][0m Trial 10 finished with value: 0.4504150283966798 and parameters: {'emb_size': 200, 'hidden_size': 256, 'fc_size': 64, 'num_layers': 2, 'dropout_rnn': 0.5051240029888675, 'dropout_fc': 0.2806958460243214, 'learning_rate': 0.0017021534451499422, 'l2_reg': 0.019590924034689247}. Best is trial 7 with value: 0.46741663026066693.[0m


  0%|          | 0/10 [00:00<?, ?it/s][A[A
 90%|â–ˆâ–ˆâ–ˆâ–ˆâ–ˆâ–ˆâ–ˆâ–ˆâ–ˆ | 9/10 [24:49<02:45, 165.36s/it][A 10%|â–ˆ         | 1/10 [03:08<28:17, 188.62s/it]

 10%|â–ˆ         | 1/10 [03:07<28:07, 187.52s/it][A[A
100%|â–ˆâ–ˆâ–ˆâ–ˆâ–ˆâ–ˆâ–ˆâ–ˆâ–ˆâ–ˆ| 10/10 [27:34<00:00, 165.34s/it][A100%|â–ˆâ–ˆâ–ˆâ–ˆâ–ˆâ–ˆâ–ˆâ–ˆâ–ˆâ–ˆ| 10/10 [27:34<00:00, 165.44s/it]
[32m[I 2022-04-06 10:25:21,439][0m Trial 11 finished with value: 0.4506334643949323 and parameters: {'emb_size': 200, 'hidden_size': 128, 'fc_size': 128, 'num_layers': 2, 'dropout_rnn': 0.33843345196392804, 'dropout_fc': 0.5836011329361332, 'learning_rate': 0.00048366203920506253, 'l2_reg': 0.4580293158187962}. Best is trial 7 with value: 0.46741663026066693.[0m

  0%|          | 0/10 [00:00<?, ?it/s][A 20%|â–ˆâ–ˆ        | 2/10 [06:23<25:36, 192.10s/it]

 20%|â–ˆâ–ˆ        | 2/10 [06:16<25:08, 188.55s/it][A[A
 10%|â–ˆ         | 1/10 [02:55<26:19, 175.45s/it][A 30%|â–ˆâ–ˆâ–ˆ       | 3/10 [09:37<22:30, 192.92s/it]
 20%|â–ˆâ–ˆ        | 2/10 [05:49<23:15, 174.40s/it][A

 30%|â–ˆâ–ˆâ–ˆ       | 3/10 [09:27<22:08, 189.75s/it][A[A 40%|â–ˆâ–ˆâ–ˆâ–ˆ      | 4/10 [12:55<19:31, 195.24s/it]
 30%|â–ˆâ–ˆâ–ˆ       | 3/10 [08:46<20:31, 175.89s/it][A

 40%|â–ˆâ–ˆâ–ˆâ–ˆ      | 4/10 [12:37<18:58, 189.74s/it][A[A 50%|â–ˆâ–ˆâ–ˆâ–ˆâ–ˆ     | 5/10 [16:08<16:11, 194.39s/it]
 40%|â–ˆâ–ˆâ–ˆâ–ˆ      | 4/10 [11:43<17:37, 176.28s/it][A

 50%|â–ˆâ–ˆâ–ˆâ–ˆâ–ˆ     | 5/10 [15:47<15:49, 189.93s/it][A[A 60%|â–ˆâ–ˆâ–ˆâ–ˆâ–ˆâ–ˆ    | 6/10 [19:28<13:04, 196.05s/it]
 50%|â–ˆâ–ˆâ–ˆâ–ˆâ–ˆ     | 5/10 [14:39<14:40, 176.19s/it][A

 60%|â–ˆâ–ˆâ–ˆâ–ˆâ–ˆâ–ˆ    | 6/10 [18:57<12:38, 189.73s/it][A[A 70%|â–ˆâ–ˆâ–ˆâ–ˆâ–ˆâ–ˆâ–ˆ   | 7/10 [22:45<09:50, 196.68s/it]
 60%|â–ˆâ–ˆâ–ˆâ–ˆâ–ˆâ–ˆ    | 6/10 [17:36<11:45, 176.38s/it][A

 70%|â–ˆâ–ˆâ–ˆâ–ˆâ–ˆâ–ˆâ–ˆ   | 7/10 [22:06<09:28, 189.55s/it][A[A 80%|â–ˆâ–ˆâ–ˆâ–ˆâ–ˆâ–ˆâ–ˆâ–ˆ  | 8/10 [25:55<06:29, 194.53s/it]
 70%|â–ˆâ–ˆâ–ˆâ–ˆâ–ˆâ–ˆâ–ˆ   | 7/10 [20:41<08:57, 179.33s/it][A

 80%|â–ˆâ–ˆâ–ˆâ–ˆâ–ˆâ–ˆâ–ˆâ–ˆ  | 8/10 [25:12<06:16, 188.43s/it][A[A 90%|â–ˆâ–ˆâ–ˆâ–ˆâ–ˆâ–ˆâ–ˆâ–ˆâ–ˆ | 9/10 [29:06<03:13, 193.18s/it]
 80%|â–ˆâ–ˆâ–ˆâ–ˆâ–ˆâ–ˆâ–ˆâ–ˆ  | 8/10 [23:37<05:56, 178.16s/it][A

 90%|â–ˆâ–ˆâ–ˆâ–ˆâ–ˆâ–ˆâ–ˆâ–ˆâ–ˆ | 9/10 [28:18<03:07, 187.72s/it][A[A
 90%|â–ˆâ–ˆâ–ˆâ–ˆâ–ˆâ–ˆâ–ˆâ–ˆâ–ˆ | 9/10 [26:33<02:57, 177.64s/it][A100%|â–ˆâ–ˆâ–ˆâ–ˆâ–ˆâ–ˆâ–ˆâ–ˆâ–ˆâ–ˆ| 10/10 [32:16<00:00, 192.44s/it]100%|â–ˆâ–ˆâ–ˆâ–ˆâ–ˆâ–ˆâ–ˆâ–ˆâ–ˆâ–ˆ| 10/10 [32:16<00:00, 193.69s/it]
[32m[I 2022-04-06 10:52:01,589][0m Trial 12 finished with value: 0.450232998398136 and parameters: {'emb_size': 200, 'hidden_size': 256, 'fc_size': 128, 'num_layers': 2, 'dropout_rnn': 0.7608026973604683, 'dropout_fc': 0.20509057090009725, 'learning_rate': 0.09508603669134567, 'l2_reg': 0.4922816831128391}. Best is trial 7 with value: 0.46741663026066693.[0m
  0%|          | 0/10 [00:00<?, ?it/s]

100%|â–ˆâ–ˆâ–ˆâ–ˆâ–ˆâ–ˆâ–ˆâ–ˆâ–ˆâ–ˆ| 10/10 [31:26<00:00, 187.87s/it][A[A100%|â–ˆâ–ˆâ–ˆâ–ˆâ–ˆâ–ˆâ–ˆâ–ˆâ–ˆâ–ˆ| 10/10 [31:26<00:00, 188.69s/it]
[32m[I 2022-04-06 10:53:19,241][0m Trial 13 finished with value: 0.33569972331440223 and parameters: {'emb_size': 200, 'hidden_size': 256, 'fc_size': 128, 'num_layers': 2, 'dropout_rnn': 0.21410431630142954, 'dropout_fc': 0.6115667867295035, 'learning_rate': 0.04356778348178367, 'l2_reg': 0.0020039073172300956}. Best is trial 7 with value: 0.46741663026066693.[0m


  0%|          | 0/10 [00:00<?, ?it/s][A[A
100%|â–ˆâ–ˆâ–ˆâ–ˆâ–ˆâ–ˆâ–ˆâ–ˆâ–ˆâ–ˆ| 10/10 [29:28<00:00, 176.59s/it][A100%|â–ˆâ–ˆâ–ˆâ–ˆâ–ˆâ–ˆâ–ˆâ–ˆâ–ˆâ–ˆ| 10/10 [29:28<00:00, 176.82s/it]
[32m[I 2022-04-06 10:54:52,739][0m Trial 14 finished with value: 0.4481214504150284 and parameters: {'emb_size': 100, 'hidden_size': 256, 'fc_size': 128, 'num_layers': 2, 'dropout_rnn': 0.20430168538363375, 'dropout_fc': 0.6296397357407579, 'learning_rate': 0.014015032249980977, 'l2_reg': 0.0011525601606921872}. Best is trial 7 with value: 0.46741663026066693.[0m

  0%|          | 0/10 [00:00<?, ?it/s][A 10%|â–ˆ         | 1/10 [03:08<28:13, 188.14s/it]

 10%|â–ˆ         | 1/10 [02:59<26:57, 179.73s/it][A[A
 10%|â–ˆ         | 1/10 [02:58<26:46, 178.51s/it][A 20%|â–ˆâ–ˆ        | 2/10 [06:13<24:51, 186.50s/it]

 20%|â–ˆâ–ˆ        | 2/10 [06:02<24:14, 181.79s/it][A[A
 20%|â–ˆâ–ˆ        | 2/10 [05:55<23:39, 177.40s/it][A 30%|â–ˆâ–ˆâ–ˆ       | 3/10 [09:23<21:55, 187.89s/it]

 30%|â–ˆâ–ˆâ–ˆ       | 3/10 [09:05<21:16, 182.29s/it][A[A
 30%|â–ˆâ–ˆâ–ˆ       | 3/10 [08:55<20:51, 178.79s/it][A 40%|â–ˆâ–ˆâ–ˆâ–ˆ      | 4/10 [12:26<18:37, 186.30s/it]

 40%|â–ˆâ–ˆâ–ˆâ–ˆ      | 4/10 [12:08<18:14, 182.34s/it][A[A
 40%|â–ˆâ–ˆâ–ˆâ–ˆ      | 4/10 [11:53<17:50, 178.47s/it][A 50%|â–ˆâ–ˆâ–ˆâ–ˆâ–ˆ     | 5/10 [15:34<15:34, 186.92s/it]

 50%|â–ˆâ–ˆâ–ˆâ–ˆâ–ˆ     | 5/10 [15:12<15:14, 182.95s/it][A[A
 50%|â–ˆâ–ˆâ–ˆâ–ˆâ–ˆ     | 5/10 [14:47<14:44, 176.99s/it][A 60%|â–ˆâ–ˆâ–ˆâ–ˆâ–ˆâ–ˆ    | 6/10 [18:46<12:33, 188.42s/it]

 60%|â–ˆâ–ˆâ–ˆâ–ˆâ–ˆâ–ˆ    | 6/10 [18:15<12:11, 182.95s/it][A[A
 60%|â–ˆâ–ˆâ–ˆâ–ˆâ–ˆâ–ˆ    | 6/10 [17:43<11:45, 176.43s/it][A 70%|â–ˆâ–ˆâ–ˆâ–ˆâ–ˆâ–ˆâ–ˆ   | 7/10 [21:50<09:21, 187.06s/it]

 70%|â–ˆâ–ˆâ–ˆâ–ˆâ–ˆâ–ˆâ–ˆ   | 7/10 [21:21<09:12, 184.01s/it][A[A
 70%|â–ˆâ–ˆâ–ˆâ–ˆâ–ˆâ–ˆâ–ˆ   | 7/10 [20:43<08:52, 177.65s/it][A 80%|â–ˆâ–ˆâ–ˆâ–ˆâ–ˆâ–ˆâ–ˆâ–ˆ  | 8/10 [24:54<06:12, 186.19s/it]

 80%|â–ˆâ–ˆâ–ˆâ–ˆâ–ˆâ–ˆâ–ˆâ–ˆ  | 8/10 [24:20<06:05, 182.54s/it][A[A
 80%|â–ˆâ–ˆâ–ˆâ–ˆâ–ˆâ–ˆâ–ˆâ–ˆ  | 8/10 [23:40<05:54, 177.49s/it][A 90%|â–ˆâ–ˆâ–ˆâ–ˆâ–ˆâ–ˆâ–ˆâ–ˆâ–ˆ | 9/10 [27:59<03:05, 185.77s/it]

 90%|â–ˆâ–ˆâ–ˆâ–ˆâ–ˆâ–ˆâ–ˆâ–ˆâ–ˆ | 9/10 [27:26<03:03, 183.61s/it][A[A
 90%|â–ˆâ–ˆâ–ˆâ–ˆâ–ˆâ–ˆâ–ˆâ–ˆâ–ˆ | 9/10 [26:37<02:57, 177.20s/it][A100%|â–ˆâ–ˆâ–ˆâ–ˆâ–ˆâ–ˆâ–ˆâ–ˆâ–ˆâ–ˆ| 10/10 [31:10<00:00, 187.28s/it]100%|â–ˆâ–ˆâ–ˆâ–ˆâ–ˆâ–ˆâ–ˆâ–ˆâ–ˆâ–ˆ| 10/10 [31:10<00:00, 187.03s/it]
[32m[I 2022-04-06 11:23:15,289][0m Trial 15 finished with value: 0.450378622396971 and parameters: {'emb_size': 100, 'hidden_size': 256, 'fc_size': 128, 'num_layers': 2, 'dropout_rnn': 0.22681543094975498, 'dropout_fc': 0.6479580341809226, 'learning_rate': 0.006325543435138925, 'l2_reg': 0.0010539355093141416}. Best is trial 7 with value: 0.46741663026066693.[0m
  0%|          | 0/10 [00:00<?, ?it/s]

100%|â–ˆâ–ˆâ–ˆâ–ˆâ–ˆâ–ˆâ–ˆâ–ˆâ–ˆâ–ˆ| 10/10 [30:26<00:00, 182.42s/it][A[A100%|â–ˆâ–ˆâ–ˆâ–ˆâ–ˆâ–ˆâ–ˆâ–ˆâ–ˆâ–ˆ| 10/10 [30:26<00:00, 182.65s/it]
[32m[I 2022-04-06 11:23:48,921][0m Trial 16 finished with value: 0.43556138051550897 and parameters: {'emb_size': 100, 'hidden_size': 256, 'fc_size': 128, 'num_layers': 2, 'dropout_rnn': 0.2086790390371052, 'dropout_fc': 0.6824660159310624, 'learning_rate': 0.005342354734629571, 'l2_reg': 0.001033832133946456}. Best is trial 7 with value: 0.46741663026066693.[0m


  0%|          | 0/10 [00:00<?, ?it/s][A[A
100%|â–ˆâ–ˆâ–ˆâ–ˆâ–ˆâ–ˆâ–ˆâ–ˆâ–ˆâ–ˆ| 10/10 [29:36<00:00, 177.94s/it][A100%|â–ˆâ–ˆâ–ˆâ–ˆâ–ˆâ–ˆâ–ˆâ–ˆâ–ˆâ–ˆ| 10/10 [29:36<00:00, 177.67s/it]
