[32m[I 2022-04-06 11:24:32,598][0m Trial 17 finished with value: 0.4504878403960973 and parameters: {'emb_size': 100, 'hidden_size': 256, 'fc_size': 128, 'num_layers': 2, 'dropout_rnn': 0.4317535469226339, 'dropout_fc': 0.3554265390778437, 'learning_rate': 0.006226771651417304, 'l2_reg': 0.001030909463826804}. Best is trial 7 with value: 0.46741663026066693.[0m

  0%|          | 0/10 [00:00<?, ?it/s][A 10%|â–ˆ         | 1/10 [03:08<28:14, 188.32s/it]

 10%|â–ˆ         | 1/10 [03:03<27:31, 183.54s/it][A[A
 10%|â–ˆ         | 1/10 [04:02<36:20, 242.31s/it][A 20%|â–ˆâ–ˆ        | 2/10 [06:13<24:49, 186.20s/it]

 20%|â–ˆâ–ˆ        | 2/10 [06:05<24:20, 182.62s/it][A[A 30%|â–ˆâ–ˆâ–ˆ       | 3/10 [09:19<21:44, 186.31s/it]
 20%|â–ˆâ–ˆ        | 2/10 [08:05<32:22, 242.83s/it][A

 30%|â–ˆâ–ˆâ–ˆ       | 3/10 [09:09<21:23, 183.41s/it][A[A 40%|â–ˆâ–ˆâ–ˆâ–ˆ      | 4/10 [12:27<18:42, 187.04s/it]

 40%|â–ˆâ–ˆâ–ˆâ–ˆ      | 4/10 [12:12<18:19, 183.29s/it][A[A
 30%|â–ˆâ–ˆâ–ˆ       | 3/10 [12:09<28:24, 243.48s/it][A 50%|â–ˆâ–ˆâ–ˆâ–ˆâ–ˆ     | 5/10 [15:37<15:39, 187.89s/it]

 50%|â–ˆâ–ˆâ–ˆâ–ˆâ–ˆ     | 5/10 [15:18<15:20, 184.08s/it][A[A
 40%|â–ˆâ–ˆâ–ˆâ–ˆ      | 4/10 [16:18<24:32, 245.50s/it][A 60%|â–ˆâ–ˆâ–ˆâ–ˆâ–ˆâ–ˆ    | 6/10 [18:49<12:37, 189.31s/it]

 60%|â–ˆâ–ˆâ–ˆâ–ˆâ–ˆâ–ˆ    | 6/10 [18:28<12:23, 186.00s/it][A[A
 50%|â–ˆâ–ˆâ–ˆâ–ˆâ–ˆ     | 5/10 [20:22<20:24, 244.91s/it][A 70%|â–ˆâ–ˆâ–ˆâ–ˆâ–ˆâ–ˆâ–ˆ   | 7/10 [21:55<09:25, 188.39s/it]

 70%|â–ˆâ–ˆâ–ˆâ–ˆâ–ˆâ–ˆâ–ˆ   | 7/10 [21:32<09:16, 185.52s/it][A[A 80%|â–ˆâ–ˆâ–ˆâ–ˆâ–ˆâ–ˆâ–ˆâ–ˆ  | 8/10 [25:02<06:15, 187.93s/it]

 80%|â–ˆâ–ˆâ–ˆâ–ˆâ–ˆâ–ˆâ–ˆâ–ˆ  | 8/10 [24:37<06:10, 185.25s/it][A[A
 60%|â–ˆâ–ˆâ–ˆâ–ˆâ–ˆâ–ˆ    | 6/10 [24:25<16:18, 244.52s/it][A 90%|â–ˆâ–ˆâ–ˆâ–ˆâ–ˆâ–ˆâ–ˆâ–ˆâ–ˆ | 9/10 [28:13<03:08, 188.99s/it]

 90%|â–ˆâ–ˆâ–ˆâ–ˆâ–ˆâ–ˆâ–ˆâ–ˆâ–ˆ | 9/10 [27:47<03:06, 186.82s/it][A[A
 70%|â–ˆâ–ˆâ–ˆâ–ˆâ–ˆâ–ˆâ–ˆ   | 7/10 [28:34<12:17, 245.83s/it][A100%|â–ˆâ–ˆâ–ˆâ–ˆâ–ˆâ–ˆâ–ˆâ–ˆâ–ˆâ–ˆ| 10/10 [31:28<00:00, 190.80s/it]100%|â–ˆâ–ˆâ–ˆâ–ˆâ–ˆâ–ˆâ–ˆâ–ˆâ–ˆâ–ˆ| 10/10 [31:28<00:00, 188.87s/it]


100%|â–ˆâ–ˆâ–ˆâ–ˆâ–ˆâ–ˆâ–ˆâ–ˆâ–ˆâ–ˆ| 10/10 [30:57<00:00, 187.79s/it][A[A100%|â–ˆâ–ˆâ–ˆâ–ˆâ–ˆâ–ˆâ–ˆâ–ˆâ–ˆâ–ˆ| 10/10 [30:57<00:00, 185.76s/it]
[32m[I 2022-04-06 11:54:47,410][0m Trial 18 finished with value: 0.45026940439784474 and parameters: {'emb_size': 100, 'hidden_size': 256, 'fc_size': 128, 'num_layers': 2, 'dropout_rnn': 0.42797397066525245, 'dropout_fc': 0.3590719614459079, 'learning_rate': 0.00019804646760619612, 'l2_reg': 0.06702677562195612}. Best is trial 7 with value: 0.46741663026066693.[0m
  0%|          | 0/10 [00:00<?, ?it/s][32m[I 2022-04-06 11:54:49,841][0m Trial 19 finished with value: 0.4504878403960973 and parameters: {'emb_size': 100, 'hidden_size': 256, 'fc_size': 128, 'num_layers': 2, 'dropout_rnn': 0.4333476046673169, 'dropout_fc': 0.3570282303405985, 'learning_rate': 0.00019052443403261063, 'l2_reg': 0.04914942049337558}. Best is trial 7 with value: 0.46741663026066693.[0m


  0%|          | 0/10 [00:00<?, ?it/s][A[A
 80%|â–ˆâ–ˆâ–ˆâ–ˆâ–ˆâ–ˆâ–ˆâ–ˆ  | 8/10 [32:35<08:08, 244.15s/it][A

 10%|â–ˆ         | 1/10 [04:13<37:57, 253.09s/it][A[A 10%|â–ˆ         | 1/10 [04:18<38:47, 258.64s/it]
 90%|â–ˆâ–ˆâ–ˆâ–ˆâ–ˆâ–ˆâ–ˆâ–ˆâ–ˆ | 9/10 [36:51<04:08, 248.07s/it][A

 20%|â–ˆâ–ˆ        | 2/10 [08:40<34:54, 261.79s/it][A[A 20%|â–ˆâ–ˆ        | 2/10 [08:52<35:39, 267.38s/it]
100%|â–ˆâ–ˆâ–ˆâ–ˆâ–ˆâ–ˆâ–ˆâ–ˆâ–ˆâ–ˆ| 10/10 [41:02<00:00, 248.91s/it][A100%|â–ˆâ–ˆâ–ˆâ–ˆâ–ˆâ–ˆâ–ˆâ–ˆâ–ˆâ–ˆ| 10/10 [41:02<00:00, 246.26s/it]
[32m[I 2022-04-06 12:05:39,729][0m Trial 20 finished with value: 0.450669870394641 and parameters: {'emb_size': 100, 'hidden_size': 256, 'fc_size': 128, 'num_layers': 3, 'dropout_rnn': 0.7973485588363018, 'dropout_fc': 0.7237107134375865, 'learning_rate': 0.00016159845041878275, 'l2_reg': 0.07440723726128065}. Best is trial 7 with value: 0.46741663026066693.[0m

  0%|          | 0/10 [00:00<?, ?it/s][A

 30%|â–ˆâ–ˆâ–ˆ       | 3/10 [12:51<29:56, 256.61s/it][A[A 30%|â–ˆâ–ˆâ–ˆ       | 3/10 [13:08<30:35, 262.23s/it]
 10%|â–ˆ         | 1/10 [04:00<36:07, 240.81s/it][A

 40%|â–ˆâ–ˆâ–ˆâ–ˆ      | 4/10 [16:59<25:18, 253.07s/it][A[A 40%|â–ˆâ–ˆâ–ˆâ–ˆ      | 4/10 [17:26<26:04, 260.78s/it]
 20%|â–ˆâ–ˆ        | 2/10 [08:01<32:07, 240.89s/it][A

 50%|â–ˆâ–ˆâ–ˆâ–ˆâ–ˆ     | 5/10 [21:10<21:01, 252.32s/it][A[A 50%|â–ˆâ–ˆâ–ˆâ–ˆâ–ˆ     | 5/10 [21:46<21:42, 260.45s/it]
 30%|â–ˆâ–ˆâ–ˆ       | 3/10 [12:07<28:20, 242.92s/it][A

 60%|â–ˆâ–ˆâ–ˆâ–ˆâ–ˆâ–ˆ    | 6/10 [25:56<17:36, 264.05s/it][A[A 60%|â–ˆâ–ˆâ–ˆâ–ˆâ–ˆâ–ˆ    | 6/10 [27:01<18:36, 279.06s/it]
 40%|â–ˆâ–ˆâ–ˆâ–ˆ      | 4/10 [18:07<28:56, 289.44s/it][A

 70%|â–ˆâ–ˆâ–ˆâ–ˆâ–ˆâ–ˆâ–ˆ   | 7/10 [31:04<13:55, 278.36s/it][A[A 70%|â–ˆâ–ˆâ–ˆâ–ˆâ–ˆâ–ˆâ–ˆ   | 7/10 [31:53<14:09, 283.20s/it]
 50%|â–ˆâ–ˆâ–ˆâ–ˆâ–ˆ     | 5/10 [22:46<23:47, 285.42s/it][A

 80%|â–ˆâ–ˆâ–ˆâ–ˆâ–ˆâ–ˆâ–ˆâ–ˆ  | 8/10 [35:17<09:00, 270.35s/it][A[A 80%|â–ˆâ–ˆâ–ˆâ–ˆâ–ˆâ–ˆâ–ˆâ–ˆ  | 8/10 [36:14<09:12, 276.25s/it]
 60%|â–ˆâ–ˆâ–ˆâ–ˆâ–ˆâ–ˆ    | 6/10 [27:05<18:26, 276.53s/it][A

 90%|â–ˆâ–ˆâ–ˆâ–ˆâ–ˆâ–ˆâ–ˆâ–ˆâ–ˆ | 9/10 [39:51<04:31, 271.44s/it][A[A 90%|â–ˆâ–ˆâ–ˆâ–ˆâ–ˆâ–ˆâ–ˆâ–ˆâ–ˆ | 9/10 [40:55<04:37, 277.53s/it]
 70%|â–ˆâ–ˆâ–ˆâ–ˆâ–ˆâ–ˆâ–ˆ   | 7/10 [31:37<13:44, 274.97s/it][A

100%|â–ˆâ–ˆâ–ˆâ–ˆâ–ˆâ–ˆâ–ˆâ–ˆâ–ˆâ–ˆ| 10/10 [44:30<00:00, 273.76s/it][A[A100%|â–ˆâ–ˆâ–ˆâ–ˆâ–ˆâ–ˆâ–ˆâ–ˆâ–ˆâ–ˆ| 10/10 [44:30<00:00, 267.07s/it]
[32m[I 2022-04-06 12:39:33,815][0m Trial 22 finished with value: 0.4504514343963885 and parameters: {'emb_size': 100, 'hidden_size': 256, 'fc_size': 128, 'num_layers': 3, 'dropout_rnn': 0.27849126458325313, 'dropout_fc': 0.5208624972482829, 'learning_rate': 0.001994050090427154, 'l2_reg': 0.0025187209285240687}. Best is trial 7 with value: 0.46741663026066693.[0m


  0%|          | 0/10 [00:00<?, ?it/s][A[A100%|â–ˆâ–ˆâ–ˆâ–ˆâ–ˆâ–ˆâ–ˆâ–ˆâ–ˆâ–ˆ| 10/10 [46:53<00:00, 302.36s/it]100%|â–ˆâ–ˆâ–ˆâ–ˆâ–ˆâ–ˆâ–ˆâ–ˆâ–ˆâ–ˆ| 10/10 [46:53<00:00, 281.33s/it]
[32m[I 2022-04-06 12:41:54,719][0m Trial 21 finished with value: 0.4503422163972623 and parameters: {'emb_size': 100, 'hidden_size': 256, 'fc_size': 128, 'num_layers': 3, 'dropout_rnn': 0.7659076072029583, 'dropout_fc': 0.53745756632238, 'learning_rate': 0.00232835069497987, 'l2_reg': 0.004033084227428394}. Best is trial 7 with value: 0.46741663026066693.[0m
  0%|          | 0/10 [00:00<?, ?it/s]

 10%|â–ˆ         | 1/10 [07:39<1:08:51, 459.11s/it][A[A
 80%|â–ˆâ–ˆâ–ˆâ–ˆâ–ˆâ–ˆâ–ˆâ–ˆ  | 8/10 [41:35<12:35, 377.84s/it][A 10%|â–ˆ         | 1/10 [06:26<57:58, 386.55s/it]
 90%|â–ˆâ–ˆâ–ˆâ–ˆâ–ˆâ–ˆâ–ˆâ–ˆâ–ˆ | 9/10 [45:34<05:34, 334.65s/it][A

 20%|â–ˆâ–ˆ        | 2/10 [11:45<44:33, 334.16s/it]  [A[A 20%|â–ˆâ–ˆ        | 2/10 [10:42<41:16, 309.54s/it]
100%|â–ˆâ–ˆâ–ˆâ–ˆâ–ˆâ–ˆâ–ˆâ–ˆâ–ˆâ–ˆ| 10/10 [49:38<00:00, 306.45s/it][A100%|â–ˆâ–ˆâ–ˆâ–ˆâ–ˆâ–ˆâ–ˆâ–ˆâ–ˆâ–ˆ| 10/10 [49:38<00:00, 297.83s/it]
[32m[I 2022-04-06 12:55:22,559][0m Trial 23 finished with value: 0.45026940439784474 and parameters: {'emb_size': 100, 'hidden_size': 256, 'fc_size': 128, 'num_layers': 3, 'dropout_rnn': 0.7635862085044408, 'dropout_fc': 0.7351657168010832, 'learning_rate': 1.1944300924310904e-05, 'l2_reg': 0.1071496285325872}. Best is trial 7 with value: 0.46741663026066693.[0m

  0%|          | 0/10 [00:00<?, ?it/s][A

 30%|â–ˆâ–ˆâ–ˆ       | 3/10 [15:55<34:30, 295.76s/it][A[A 30%|â–ˆâ–ˆâ–ˆ       | 3/10 [14:53<33:00, 282.86s/it]
 10%|â–ˆ         | 1/10 [04:04<36:36, 244.02s/it][A

 40%|â–ˆâ–ˆâ–ˆâ–ˆ      | 4/10 [20:02<27:37, 276.24s/it][A[A 40%|â–ˆâ–ˆâ–ˆâ–ˆ      | 4/10 [19:12<27:20, 273.42s/it]
 20%|â–ˆâ–ˆ        | 2/10 [08:04<32:14, 241.84s/it][A

 50%|â–ˆâ–ˆâ–ˆâ–ˆâ–ˆ     | 5/10 [24:08<22:07, 265.52s/it][A[A 50%|â–ˆâ–ˆâ–ˆâ–ˆâ–ˆ     | 5/10 [23:32<22:23, 268.78s/it]
 30%|â–ˆâ–ˆâ–ˆ       | 3/10 [12:07<28:17, 242.43s/it][A

 60%|â–ˆâ–ˆâ–ˆâ–ˆâ–ˆâ–ˆ    | 6/10 [28:17<17:18, 259.75s/it][A[A 60%|â–ˆâ–ˆâ–ˆâ–ˆâ–ˆâ–ˆ    | 6/10 [27:54<17:44, 266.24s/it]
 40%|â–ˆâ–ˆâ–ˆâ–ˆ      | 4/10 [16:15<24:27, 244.58s/it][A

 70%|â–ˆâ–ˆâ–ˆâ–ˆâ–ˆâ–ˆâ–ˆ   | 7/10 [32:29<12:52, 257.40s/it][A[A 70%|â–ˆâ–ˆâ–ˆâ–ˆâ–ˆâ–ˆâ–ˆ   | 7/10 [32:14<13:13, 264.37s/it]
 50%|â–ˆâ–ˆâ–ˆâ–ˆâ–ˆ     | 5/10 [20:19<20:21, 244.38s/it][A

 80%|â–ˆâ–ˆâ–ˆâ–ˆâ–ˆâ–ˆâ–ˆâ–ˆ  | 8/10 [36:38<08:29, 254.75s/it][A[A 80%|â–ˆâ–ˆâ–ˆâ–ˆâ–ˆâ–ˆâ–ˆâ–ˆ  | 8/10 [36:28<08:42, 261.14s/it]
 60%|â–ˆâ–ˆâ–ˆâ–ˆâ–ˆâ–ˆ    | 6/10 [24:20<16:13, 243.34s/it][A

 90%|â–ˆâ–ˆâ–ˆâ–ˆâ–ˆâ–ˆâ–ˆâ–ˆâ–ˆ | 9/10 [40:49<04:13, 253.49s/it][A[A 90%|â–ˆâ–ˆâ–ˆâ–ˆâ–ˆâ–ˆâ–ˆâ–ˆâ–ˆ | 9/10 [40:44<04:19, 259.31s/it]
 70%|â–ˆâ–ˆâ–ˆâ–ˆâ–ˆâ–ˆâ–ˆ   | 7/10 [28:21<12:07, 242.62s/it][A

100%|â–ˆâ–ˆâ–ˆâ–ˆâ–ˆâ–ˆâ–ˆâ–ˆâ–ˆâ–ˆ| 10/10 [44:59<00:00, 252.26s/it][A[A100%|â–ˆâ–ˆâ–ˆâ–ˆâ–ˆâ–ˆâ–ˆâ–ˆâ–ˆâ–ˆ| 10/10 [44:59<00:00, 269.91s/it]
[32m[I 2022-04-06 13:24:37,554][0m Trial 24 finished with value: 0.4504514343963885 and parameters: {'emb_size': 100, 'hidden_size': 256, 'fc_size': 128, 'num_layers': 3, 'dropout_rnn': 0.7226440795386266, 'dropout_fc': 0.7284385593474236, 'learning_rate': 6.496198066725933e-05, 'l2_reg': 0.1701145963885431}. Best is trial 7 with value: 0.46741663026066693.[0m


  0%|          | 0/10 [00:00<?, ?it/s][A[A100%|â–ˆâ–ˆâ–ˆâ–ˆâ–ˆâ–ˆâ–ˆâ–ˆâ–ˆâ–ˆ| 10/10 [45:04<00:00, 259.75s/it]100%|â–ˆâ–ˆâ–ˆâ–ˆâ–ˆâ–ˆâ–ˆâ–ˆâ–ˆâ–ˆ| 10/10 [45:04<00:00, 270.49s/it]
[32m[I 2022-04-06 13:27:04,627][0m Trial 25 finished with value: 0.450524246395806 and parameters: {'emb_size': 100, 'hidden_size': 256, 'fc_size': 128, 'num_layers': 3, 'dropout_rnn': 0.6946595927916855, 'dropout_fc': 0.728356951305868, 'learning_rate': 4.2585897050713685e-05, 'l2_reg': 0.18233889886427718}. Best is trial 7 with value: 0.46741663026066693.[0m
  0%|          | 0/10 [00:00<?, ?it/s]
 80%|â–ˆâ–ˆâ–ˆâ–ˆâ–ˆâ–ˆâ–ˆâ–ˆ  | 8/10 [32:30<08:09, 244.66s/it][A

 10%|â–ˆ         | 1/10 [04:17<38:34, 257.12s/it][A[A 10%|â–ˆ         | 1/10 [04:33<40:59, 273.27s/it]
 90%|â–ˆâ–ˆâ–ˆâ–ˆâ–ˆâ–ˆâ–ˆâ–ˆâ–ˆ | 9/10 [36:53<04:10, 250.19s/it][A

 20%|â–ˆâ–ˆ        | 2/10 [08:44<35:06, 263.32s/it][A[A 20%|â–ˆâ–ˆ        | 2/10 [09:02<36:07, 270.95s/it]
100%|â–ˆâ–ˆâ–ˆâ–ˆâ–ˆâ–ˆâ–ˆâ–ˆâ–ˆâ–ˆ| 10/10 [41:13<00:00, 253.31s/it][A100%|â–ˆâ–ˆâ–ˆâ–ˆâ–ˆâ–ˆâ–ˆâ–ˆâ–ˆâ–ˆ| 10/10 [41:13<00:00, 247.35s/it]
[32m[I 2022-04-06 13:36:40,652][0m Trial 26 finished with value: 0.4507426823940585 and parameters: {'emb_size': 100, 'hidden_size': 256, 'fc_size': 128, 'num_layers': 3, 'dropout_rnn': 0.6992158337085859, 'dropout_fc': 0.7325455685621965, 'learning_rate': 6.696500426638344e-05, 'l2_reg': 0.03964356252035679}. Best is trial 7 with value: 0.46741663026066693.[0m

  0%|          | 0/10 [00:00<?, ?it/s][A

 30%|â–ˆâ–ˆâ–ˆ       | 3/10 [13:13<31:00, 265.83s/it][A[A
 10%|â–ˆ         | 1/10 [03:19<29:53, 199.24s/it][A 30%|â–ˆâ–ˆâ–ˆ       | 3/10 [13:31<31:31, 270.21s/it]

 40%|â–ˆâ–ˆâ–ˆâ–ˆ      | 4/10 [17:41<26:39, 266.54s/it][A[A
 20%|â–ˆâ–ˆ        | 2/10 [06:38<26:33, 199.24s/it][A 40%|â–ˆâ–ˆâ–ˆâ–ˆ      | 4/10 [18:03<27:05, 270.94s/it]
 30%|â–ˆâ–ˆâ–ˆ       | 3/10 [09:56<23:09, 198.48s/it][A

 50%|â–ˆâ–ˆâ–ˆâ–ˆâ–ˆ     | 5/10 [22:08<22:14, 266.94s/it][A[A 50%|â–ˆâ–ˆâ–ˆâ–ˆâ–ˆ     | 5/10 [22:33<22:31, 270.32s/it]
 40%|â–ˆâ–ˆâ–ˆâ–ˆ      | 4/10 [13:06<19:32, 195.34s/it][A

 60%|â–ˆâ–ˆâ–ˆâ–ˆâ–ˆâ–ˆ    | 6/10 [26:47<18:03, 270.79s/it][A[A
 50%|â–ˆâ–ˆâ–ˆâ–ˆâ–ˆ     | 5/10 [16:11<15:57, 191.56s/it][A 60%|â–ˆâ–ˆâ–ˆâ–ˆâ–ˆâ–ˆ    | 6/10 [26:57<17:52, 268.21s/it]
 60%|â–ˆâ–ˆâ–ˆâ–ˆâ–ˆâ–ˆ    | 6/10 [19:17<12:38, 189.66s/it][A

 70%|â–ˆâ–ˆâ–ˆâ–ˆâ–ˆâ–ˆâ–ˆ   | 7/10 [31:35<13:49, 276.41s/it][A[A 70%|â–ˆâ–ˆâ–ˆâ–ˆâ–ˆâ–ˆâ–ˆ   | 7/10 [31:22<13:21, 267.22s/it]
 70%|â–ˆâ–ˆâ–ˆâ–ˆâ–ˆâ–ˆâ–ˆ   | 7/10 [22:23<09:25, 188.42s/it][A

 80%|â–ˆâ–ˆâ–ˆâ–ˆâ–ˆâ–ˆâ–ˆâ–ˆ  | 8/10 [36:23<09:20, 280.18s/it][A[A
 80%|â–ˆâ–ˆâ–ˆâ–ˆâ–ˆâ–ˆâ–ˆâ–ˆ  | 8/10 [25:29<06:15, 187.86s/it][A 80%|â–ˆâ–ˆâ–ˆâ–ˆâ–ˆâ–ˆâ–ˆâ–ˆ  | 8/10 [35:45<08:51, 265.79s/it]
 90%|â–ˆâ–ˆâ–ˆâ–ˆâ–ˆâ–ˆâ–ˆâ–ˆâ–ˆ | 9/10 [28:36<03:07, 187.53s/it][A

 90%|â–ˆâ–ˆâ–ˆâ–ˆâ–ˆâ–ˆâ–ˆâ–ˆâ–ˆ | 9/10 [41:10<04:42, 282.37s/it][A[A 90%|â–ˆâ–ˆâ–ˆâ–ˆâ–ˆâ–ˆâ–ˆâ–ˆâ–ˆ | 9/10 [40:10<04:25, 265.77s/it]
100%|â–ˆâ–ˆâ–ˆâ–ˆâ–ˆâ–ˆâ–ˆâ–ˆâ–ˆâ–ˆ| 10/10 [31:42<00:00, 186.99s/it][A100%|â–ˆâ–ˆâ–ˆâ–ˆâ–ˆâ–ˆâ–ˆâ–ˆâ–ˆâ–ˆ| 10/10 [31:42<00:00, 190.25s/it]
[32m[I 2022-04-06 14:08:26,407][0m Trial 29 finished with value: 0.4504514343963885 and parameters: {'emb_size': 200, 'hidden_size': 256, 'fc_size': 64, 'num_layers': 2, 'dropout_rnn': 0.6490603743827505, 'dropout_fc': 0.5747653859731573, 'learning_rate': 1.9949542704854402e-05, 'l2_reg': 0.036700198287774675}. Best is trial 7 with value: 0.46741663026066693.[0m

  0%|          | 0/10 [00:00<?, ?it/s][A

100%|â–ˆâ–ˆâ–ˆâ–ˆâ–ˆâ–ˆâ–ˆâ–ˆâ–ˆâ–ˆ| 10/10 [45:58<00:00, 284.09s/it][A[A100%|â–ˆâ–ˆâ–ˆâ–ˆâ–ˆâ–ˆâ–ˆâ–ˆâ–ˆâ–ˆ| 10/10 [45:58<00:00, 275.85s/it]
[32m[I 2022-04-06 14:10:41,447][0m Trial 27 finished with value: 0.450378622396971 and parameters: {'emb_size': 100, 'hidden_size': 256, 'fc_size': 128, 'num_layers': 3, 'dropout_rnn': 0.6586875755065331, 'dropout_fc': 0.570633852778602, 'learning_rate': 9.376166487964896e-05, 'l2_reg': 0.03217102813541208}. Best is trial 7 with value: 0.46741663026066693.[0m


  0%|          | 0/10 [00:00<?, ?it/s][A[A100%|â–ˆâ–ˆâ–ˆâ–ˆâ–ˆâ–ˆâ–ˆâ–ˆâ–ˆâ–ˆ| 10/10 [44:35<00:00, 265.34s/it]100%|â–ˆâ–ˆâ–ˆâ–ˆâ–ˆâ–ˆâ–ˆâ–ˆâ–ˆâ–ˆ| 10/10 [44:35<00:00, 267.54s/it]
[32m[I 2022-04-06 14:11:45,030][0m Trial 28 finished with value: 0.4504150283966798 and parameters: {'emb_size': 100, 'hidden_size': 256, 'fc_size': 64, 'num_layers': 3, 'dropout_rnn': 0.6558026697484527, 'dropout_fc': 0.5854001085589938, 'learning_rate': 9.896525165113901e-05, 'l2_reg': 0.051320363543414405}. Best is trial 7 with value: 0.46741663026066693.[0m
  0%|          | 0/10 [00:00<?, ?it/s]
 10%|â–ˆ         | 1/10 [04:12<37:50, 252.24s/it][A

 10%|â–ˆ         | 1/10 [03:27<31:10, 207.79s/it][A[A 10%|â–ˆ         | 1/10 [03:13<28:57, 193.02s/it]
 20%|â–ˆâ–ˆ        | 2/10 [08:25<33:41, 252.68s/it][A

 20%|â–ˆâ–ˆ        | 2/10 [06:49<27:15, 204.38s/it][A[A 20%|â–ˆâ–ˆ        | 2/10 [06:27<25:50, 193.82s/it]

 30%|â–ˆâ–ˆâ–ˆ       | 3/10 [10:03<23:16, 199.46s/it][A[A
 30%|â–ˆâ–ˆâ–ˆ       | 3/10 [12:38<29:31, 253.08s/it][A 30%|â–ˆâ–ˆâ–ˆ       | 3/10 [09:44<22:47, 195.30s/it]

 40%|â–ˆâ–ˆâ–ˆâ–ˆ      | 4/10 [13:21<19:54, 199.09s/it][A[A 40%|â–ˆâ–ˆâ–ˆâ–ˆ      | 4/10 [13:02<19:39, 196.53s/it]
 40%|â–ˆâ–ˆâ–ˆâ–ˆ      | 4/10 [17:03<25:46, 257.70s/it][A

 50%|â–ˆâ–ˆâ–ˆâ–ˆâ–ˆ     | 5/10 [16:31<16:18, 195.78s/it][A[A 50%|â–ˆâ–ˆâ–ˆâ–ˆâ–ˆ     | 5/10 [16:18<16:20, 196.05s/it]
 50%|â–ˆâ–ˆâ–ˆâ–ˆâ–ˆ     | 5/10 [21:07<21:04, 252.91s/it][A

 60%|â–ˆâ–ˆâ–ˆâ–ˆâ–ˆâ–ˆ    | 6/10 [19:34<12:45, 191.36s/it][A[A 60%|â–ˆâ–ˆâ–ˆâ–ˆâ–ˆâ–ˆ    | 6/10 [19:27<12:54, 193.68s/it]

 70%|â–ˆâ–ˆâ–ˆâ–ˆâ–ˆâ–ˆâ–ˆ   | 7/10 [22:39<09:27, 189.17s/it][A[A
 60%|â–ˆâ–ˆâ–ˆâ–ˆâ–ˆâ–ˆ    | 6/10 [25:13<16:41, 250.26s/it][A 70%|â–ˆâ–ˆâ–ˆâ–ˆâ–ˆâ–ˆâ–ˆ   | 7/10 [22:35<09:35, 191.91s/it]

 80%|â–ˆâ–ˆâ–ˆâ–ˆâ–ˆâ–ˆâ–ˆâ–ˆ  | 8/10 [25:49<06:19, 189.52s/it][A[A 80%|â–ˆâ–ˆâ–ˆâ–ˆâ–ˆâ–ˆâ–ˆâ–ˆ  | 8/10 [25:49<06:25, 192.56s/it]
 70%|â–ˆâ–ˆâ–ˆâ–ˆâ–ˆâ–ˆâ–ˆ   | 7/10 [29:15<12:22, 247.61s/it][A

 90%|â–ˆâ–ˆâ–ˆâ–ˆâ–ˆâ–ˆâ–ˆâ–ˆâ–ˆ | 9/10 [28:54<03:08, 188.24s/it][A[A 90%|â–ˆâ–ˆâ–ˆâ–ˆâ–ˆâ–ˆâ–ˆâ–ˆâ–ˆ | 9/10 [29:03<03:12, 192.98s/it]
 80%|â–ˆâ–ˆâ–ˆâ–ˆâ–ˆâ–ˆâ–ˆâ–ˆ  | 8/10 [33:20<08:13, 246.77s/it][A

100%|â–ˆâ–ˆâ–ˆâ–ˆâ–ˆâ–ˆâ–ˆâ–ˆâ–ˆâ–ˆ| 10/10 [32:00<00:00, 187.35s/it][A[A100%|â–ˆâ–ˆâ–ˆâ–ˆâ–ˆâ–ˆâ–ˆâ–ˆâ–ˆâ–ˆ| 10/10 [32:00<00:00, 192.03s/it]
[32m[I 2022-04-06 14:42:44,983][0m Trial 31 finished with value: 0.4504150283966798 and parameters: {'emb_size': 100, 'hidden_size': 256, 'fc_size': 128, 'num_layers': 2, 'dropout_rnn': 0.5255540875539466, 'dropout_fc': 0.7845089879186431, 'learning_rate': 2.718849038834884e-05, 'l2_reg': 0.011801754905632619}. Best is trial 7 with value: 0.46741663026066693.[0m


  0%|          | 0/10 [00:00<?, ?it/s][A[A100%|â–ˆâ–ˆâ–ˆâ–ˆâ–ˆâ–ˆâ–ˆâ–ˆâ–ˆâ–ˆ| 10/10 [32:14<00:00, 192.45s/it]100%|â–ˆâ–ˆâ–ˆâ–ˆâ–ˆâ–ˆâ–ˆâ–ˆâ–ˆâ–ˆ| 10/10 [32:14<00:00, 193.45s/it]
[32m[I 2022-04-06 14:44:02,873][0m Trial 32 finished with value: 0.450378622396971 and parameters: {'emb_size': 100, 'hidden_size': 256, 'fc_size': 128, 'num_layers': 2, 'dropout_rnn': 0.5240346494685516, 'dropout_fc': 0.777483247362369, 'learning_rate': 3.197729977779952e-05, 'l2_reg': 0.012709410649100254}. Best is trial 7 with value: 0.46741663026066693.[0m
  0%|          | 0/10 [00:00<?, ?it/s]
 90%|â–ˆâ–ˆâ–ˆâ–ˆâ–ˆâ–ˆâ–ˆâ–ˆâ–ˆ | 9/10 [37:26<04:06, 246.51s/it][A

 10%|â–ˆ         | 1/10 [04:09<37:29, 249.95s/it][A[A 10%|â–ˆ         | 1/10 [04:17<38:34, 257.20s/it]
100%|â–ˆâ–ˆâ–ˆâ–ˆâ–ˆâ–ˆâ–ˆâ–ˆâ–ˆâ–ˆ| 10/10 [41:25<00:00, 244.41s/it][A100%|â–ˆâ–ˆâ–ˆâ–ˆâ–ˆâ–ˆâ–ˆâ–ˆâ–ˆâ–ˆ| 10/10 [41:25<00:00, 248.59s/it]
[32m[I 2022-04-06 14:49:56,796][0m Trial 30 finished with value: 0.4504150283966798 and parameters: {'emb_size': 100, 'hidden_size': 256, 'fc_size': 128, 'num_layers': 3, 'dropout_rnn': 0.5435944807050719, 'dropout_fc': 0.8971701878237496, 'learning_rate': 0.0003877190726508283, 'l2_reg': 0.012069574443707331}. Best is trial 7 with value: 0.46741663026066693.[0m

  0%|          | 0/10 [00:00<?, ?it/s][A

 20%|â–ˆâ–ˆ        | 2/10 [08:17<33:09, 248.71s/it][A[A 20%|â–ˆâ–ˆ        | 2/10 [08:33<34:15, 256.90s/it]
 10%|â–ˆ         | 1/10 [03:42<33:25, 222.83s/it][A

 30%|â–ˆâ–ˆâ–ˆ       | 3/10 [12:24<28:53, 247.70s/it][A[A 30%|â–ˆâ–ˆâ–ˆ       | 3/10 [12:48<29:51, 255.92s/it]
 20%|â–ˆâ–ˆ        | 2/10 [07:32<30:13, 226.66s/it][A

 40%|â–ˆâ–ˆâ–ˆâ–ˆ      | 4/10 [16:35<24:54, 249.15s/it][A[A
 30%|â–ˆâ–ˆâ–ˆ       | 3/10 [11:20<26:33, 227.61s/it][A 40%|â–ˆâ–ˆâ–ˆâ–ˆ      | 4/10 [17:17<26:06, 261.07s/it]

 50%|â–ˆâ–ˆâ–ˆâ–ˆâ–ˆ     | 5/10 [20:56<21:07, 253.43s/it][A[A
 40%|â–ˆâ–ˆâ–ˆâ–ˆ      | 4/10 [15:25<23:24, 234.14s/it][A 50%|â–ˆâ–ˆâ–ˆâ–ˆâ–ˆ     | 5/10 [21:32<21:34, 258.84s/it]

 60%|â–ˆâ–ˆâ–ˆâ–ˆâ–ˆâ–ˆ    | 6/10 [25:02<16:42, 250.70s/it][A[A
 50%|â–ˆâ–ˆâ–ˆâ–ˆâ–ˆ     | 5/10 [19:27<19:46, 237.30s/it][A 60%|â–ˆâ–ˆâ–ˆâ–ˆâ–ˆâ–ˆ    | 6/10 [25:46<17:09, 257.33s/it]

 70%|â–ˆâ–ˆâ–ˆâ–ˆâ–ˆâ–ˆâ–ˆ   | 7/10 [29:17<12:36, 252.23s/it][A[A 70%|â–ˆâ–ˆâ–ˆâ–ˆâ–ˆâ–ˆâ–ˆ   | 7/10 [30:26<13:13, 264.54s/it]
 60%|â–ˆâ–ˆâ–ˆâ–ˆâ–ˆâ–ˆ    | 6/10 [26:03<19:24, 291.20s/it][A

 80%|â–ˆâ–ˆâ–ˆâ–ˆâ–ˆâ–ˆâ–ˆâ–ˆ  | 8/10 [33:48<08:36, 258.34s/it][A[A 80%|â–ˆâ–ˆâ–ˆâ–ˆâ–ˆâ–ˆâ–ˆâ–ˆ  | 8/10 [34:48<08:47, 263.79s/it]
 70%|â–ˆâ–ˆâ–ˆâ–ˆâ–ˆâ–ˆâ–ˆ   | 7/10 [30:14<13:53, 277.95s/it][A

 90%|â–ˆâ–ˆâ–ˆâ–ˆâ–ˆâ–ˆâ–ˆâ–ˆâ–ˆ | 9/10 [38:05<04:17, 257.84s/it][A[A 90%|â–ˆâ–ˆâ–ˆâ–ˆâ–ˆâ–ˆâ–ˆâ–ˆâ–ˆ | 9/10 [39:51<04:36, 276.04s/it]

100%|â–ˆâ–ˆâ–ˆâ–ˆâ–ˆâ–ˆâ–ˆâ–ˆâ–ˆâ–ˆ| 10/10 [43:09<00:00, 271.93s/it][A[A100%|â–ˆâ–ˆâ–ˆâ–ˆâ–ˆâ–ˆâ–ˆâ–ˆâ–ˆâ–ˆ| 10/10 [43:09<00:00, 258.91s/it]
[32m[I 2022-04-06 15:25:58,742][0m Trial 33 finished with value: 0.450232998398136 and parameters: {'emb_size': 100, 'hidden_size': 256, 'fc_size': 128, 'num_layers': 3, 'dropout_rnn': 0.7989600119305603, 'dropout_fc': 0.7036891672509246, 'learning_rate': 0.00045085867848172116, 'l2_reg': 0.0019313308347770662}. Best is trial 7 with value: 0.46741663026066693.[0m


  0%|          | 0/10 [00:00<?, ?it/s][A[A
 80%|â–ˆâ–ˆâ–ˆâ–ˆâ–ˆâ–ˆâ–ˆâ–ˆ  | 8/10 [36:29<10:17, 308.74s/it][A100%|â–ˆâ–ˆâ–ˆâ–ˆâ–ˆâ–ˆâ–ˆâ–ˆâ–ˆâ–ˆ| 10/10 [44:23<00:00, 274.81s/it]100%|â–ˆâ–ˆâ–ˆâ–ˆâ–ˆâ–ˆâ–ˆâ–ˆâ–ˆâ–ˆ| 10/10 [44:23<00:00, 266.35s/it]
[32m[I 2022-04-06 15:28:31,996][0m Trial 34 finished with value: 0.4503058103975535 and parameters: {'emb_size': 100, 'hidden_size': 256, 'fc_size': 128, 'num_layers': 3, 'dropout_rnn': 0.7260697536995705, 'dropout_fc': 0.6876145407171782, 'learning_rate': 0.0003991695445279095, 'l2_reg': 0.0018291984039219705}. Best is trial 7 with value: 0.46741663026066693.[0m
  0%|          | 0/10 [00:00<?, ?it/s]

 10%|â–ˆ         | 1/10 [03:35<32:20, 215.66s/it][A[A
 90%|â–ˆâ–ˆâ–ˆâ–ˆâ–ˆâ–ˆâ–ˆâ–ˆâ–ˆ | 9/10 [41:21<05:03, 303.73s/it][A 10%|â–ˆ         | 1/10 [03:27<31:05, 207.26s/it]

 20%|â–ˆâ–ˆ        | 2/10 [07:12<28:50, 216.26s/it][A[A 20%|â–ˆâ–ˆ        | 2/10 [08:47<36:29, 273.72s/it]

 30%|â–ˆâ–ˆâ–ˆ       | 3/10 [13:34<34:02, 291.84s/it][A[A
100%|â–ˆâ–ˆâ–ˆâ–ˆâ–ˆâ–ˆâ–ˆâ–ˆâ–ˆâ–ˆ| 10/10 [51:37<00:00, 399.98s/it][A100%|â–ˆâ–ˆâ–ˆâ–ˆâ–ˆâ–ˆâ–ˆâ–ˆâ–ˆâ–ˆ| 10/10 [51:37<00:00, 309.73s/it]
