[32m[I 2022-04-06 15:41:53,313][0m Trial 35 finished with value: 0.44619193243046457 and parameters: {'emb_size': 100, 'hidden_size': 256, 'fc_size': 128, 'num_layers': 3, 'dropout_rnn': 0.6215049992360452, 'dropout_fc': 0.6847773119437903, 'learning_rate': 0.00015999291804042915, 'l2_reg': 0.001809176222840293}. Best is trial 7 with value: 0.46741663026066693.[0m

  0%|          | 0/10 [00:00<?, ?it/s][A 30%|â–ˆâ–ˆâ–ˆ       | 3/10 [15:14<37:56, 325.24s/it]

 40%|â–ˆâ–ˆâ–ˆâ–ˆ      | 4/10 [19:42<32:12, 322.03s/it][A[A 40%|â–ˆâ–ˆâ–ˆâ–ˆ      | 4/10 [21:57<35:37, 356.29s/it]

 50%|â–ˆâ–ˆâ–ˆâ–ˆâ–ˆ     | 5/10 [26:51<30:02, 360.54s/it][A[A
 10%|â–ˆ         | 1/10 [11:23<1:42:31, 683.45s/it][A 50%|â–ˆâ–ˆâ–ˆâ–ˆâ–ˆ     | 5/10 [26:33<27:16, 327.33s/it]

 60%|â–ˆâ–ˆâ–ˆâ–ˆâ–ˆâ–ˆ    | 6/10 [30:10<20:22, 305.74s/it][A[A
 20%|â–ˆâ–ˆ        | 2/10 [14:33<52:26, 393.37s/it]  [A 60%|â–ˆâ–ˆâ–ˆâ–ˆâ–ˆâ–ˆ    | 6/10 [29:51<18:53, 283.38s/it]

 70%|â–ˆâ–ˆâ–ˆâ–ˆâ–ˆâ–ˆâ–ˆ   | 7/10 [33:28<13:31, 270.39s/it][A[A
 30%|â–ˆâ–ˆâ–ˆ       | 3/10 [17:44<35:04, 300.67s/it][A 70%|â–ˆâ–ˆâ–ˆâ–ˆâ–ˆâ–ˆâ–ˆ   | 7/10 [33:02<12:38, 252.94s/it]

 80%|â–ˆâ–ˆâ–ˆâ–ˆâ–ˆâ–ˆâ–ˆâ–ˆ  | 8/10 [36:44<08:13, 246.67s/it][A[A
 40%|â–ˆâ–ˆâ–ˆâ–ˆ      | 4/10 [20:51<25:36, 256.02s/it][A 80%|â–ˆâ–ˆâ–ˆâ–ˆâ–ˆâ–ˆâ–ˆâ–ˆ  | 8/10 [36:20<07:51, 235.55s/it]

 90%|â–ˆâ–ˆâ–ˆâ–ˆâ–ˆâ–ˆâ–ˆâ–ˆâ–ˆ | 9/10 [39:56<03:49, 229.76s/it][A[A
 50%|â–ˆâ–ˆâ–ˆâ–ˆâ–ˆ     | 5/10 [24:03<19:24, 232.83s/it][A 90%|â–ˆâ–ˆâ–ˆâ–ˆâ–ˆâ–ˆâ–ˆâ–ˆâ–ˆ | 9/10 [39:31<03:41, 221.69s/it]
 60%|â–ˆâ–ˆâ–ˆâ–ˆâ–ˆâ–ˆ    | 6/10 [27:14<14:34, 218.74s/it][A

100%|â–ˆâ–ˆâ–ˆâ–ˆâ–ˆâ–ˆâ–ˆâ–ˆâ–ˆâ–ˆ| 10/10 [43:10<00:00, 218.69s/it][A[A100%|â–ˆâ–ˆâ–ˆâ–ˆâ–ˆâ–ˆâ–ˆâ–ˆâ–ˆâ–ˆ| 10/10 [43:10<00:00, 259.06s/it]
[32m[I 2022-04-06 16:09:12,618][0m Trial 36 finished with value: 0.4506334643949323 and parameters: {'emb_size': 100, 'hidden_size': 128, 'fc_size': 128, 'num_layers': 3, 'dropout_rnn': 0.4638346852296263, 'dropout_fc': 0.823392939275112, 'learning_rate': 5.6578837956901566e-05, 'l2_reg': 0.08577298324594733}. Best is trial 7 with value: 0.46741663026066693.[0m


  0%|          | 0/10 [00:00<?, ?it/s][A[A100%|â–ˆâ–ˆâ–ˆâ–ˆâ–ˆâ–ˆâ–ˆâ–ˆâ–ˆâ–ˆ| 10/10 [42:42<00:00, 212.23s/it]100%|â–ˆâ–ˆâ–ˆâ–ˆâ–ˆâ–ˆâ–ˆâ–ˆâ–ˆâ–ˆ| 10/10 [42:42<00:00, 256.28s/it]
[32m[I 2022-04-06 16:11:18,086][0m Trial 37 finished with value: 0.450378622396971 and parameters: {'emb_size': 100, 'hidden_size': 128, 'fc_size': 128, 'num_layers': 3, 'dropout_rnn': 0.46991325721174126, 'dropout_fc': 0.8434381933933695, 'learning_rate': 6.050999158353807e-05, 'l2_reg': 0.004024509214605426}. Best is trial 7 with value: 0.46741663026066693.[0m
  0%|          | 0/10 [00:00<?, ?it/s]
 70%|â–ˆâ–ˆâ–ˆâ–ˆâ–ˆâ–ˆâ–ˆ   | 7/10 [30:26<10:29, 209.74s/it][A

 10%|â–ˆ         | 1/10 [03:13<29:02, 193.65s/it][A[A 10%|â–ˆ         | 1/10 [02:45<24:45, 165.05s/it]
 80%|â–ˆâ–ˆâ–ˆâ–ˆâ–ˆâ–ˆâ–ˆâ–ˆ  | 8/10 [33:37<06:47, 203.89s/it][A

 20%|â–ˆâ–ˆ        | 2/10 [06:29<26:01, 195.16s/it][A[A 20%|â–ˆâ–ˆ        | 2/10 [05:29<21:58, 164.76s/it]
 90%|â–ˆâ–ˆâ–ˆâ–ˆâ–ˆâ–ˆâ–ˆâ–ˆâ–ˆ | 9/10 [36:50<03:20, 200.42s/it][A

 30%|â–ˆâ–ˆâ–ˆ       | 3/10 [09:46<22:50, 195.73s/it][A[A 30%|â–ˆâ–ˆâ–ˆ       | 3/10 [08:15<19:15, 165.11s/it]
100%|â–ˆâ–ˆâ–ˆâ–ˆâ–ˆâ–ˆâ–ˆâ–ˆâ–ˆâ–ˆ| 10/10 [40:01<00:00, 197.72s/it][A100%|â–ˆâ–ˆâ–ˆâ–ˆâ–ˆâ–ˆâ–ˆâ–ˆâ–ˆâ–ˆ| 10/10 [40:01<00:00, 240.18s/it]
[32m[I 2022-04-06 16:21:58,431][0m Trial 38 finished with value: 0.4505970583952235 and parameters: {'emb_size': 200, 'hidden_size': 128, 'fc_size': 128, 'num_layers': 3, 'dropout_rnn': 0.4648915230038275, 'dropout_fc': 0.8196456895138727, 'learning_rate': 5.528707527368381e-05, 'l2_reg': 0.003926302136976912}. Best is trial 7 with value: 0.46741663026066693.[0m

  0%|          | 0/10 [00:00<?, ?it/s][A

 40%|â–ˆâ–ˆâ–ˆâ–ˆ      | 4/10 [13:04<19:41, 196.86s/it][A[A 40%|â–ˆâ–ˆâ–ˆâ–ˆ      | 4/10 [11:00<16:31, 165.18s/it]
 10%|â–ˆ         | 1/10 [02:55<26:15, 175.10s/it][A 50%|â–ˆâ–ˆâ–ˆâ–ˆâ–ˆ     | 5/10 [13:45<13:46, 165.31s/it]

 50%|â–ˆâ–ˆâ–ˆâ–ˆâ–ˆ     | 5/10 [16:21<16:23, 196.71s/it][A[A
 20%|â–ˆâ–ˆ        | 2/10 [05:50<23:23, 175.40s/it][A 60%|â–ˆâ–ˆâ–ˆâ–ˆâ–ˆâ–ˆ    | 6/10 [16:32<11:02, 165.70s/it]

 60%|â–ˆâ–ˆâ–ˆâ–ˆâ–ˆâ–ˆ    | 6/10 [19:37<13:06, 196.57s/it][A[A 70%|â–ˆâ–ˆâ–ˆâ–ˆâ–ˆâ–ˆâ–ˆ   | 7/10 [19:18<08:17, 165.75s/it]
 30%|â–ˆâ–ˆâ–ˆ       | 3/10 [08:44<20:22, 174.61s/it][A

 70%|â–ˆâ–ˆâ–ˆâ–ˆâ–ˆâ–ˆâ–ˆ   | 7/10 [22:55<09:50, 196.92s/it][A[A 80%|â–ˆâ–ˆâ–ˆâ–ˆâ–ˆâ–ˆâ–ˆâ–ˆ  | 8/10 [22:03<05:31, 165.73s/it]
 40%|â–ˆâ–ˆâ–ˆâ–ˆ      | 4/10 [11:42<17:36, 176.15s/it][A

 80%|â–ˆâ–ˆâ–ˆâ–ˆâ–ˆâ–ˆâ–ˆâ–ˆ  | 8/10 [26:02<06:27, 193.73s/it][A[A 90%|â–ˆâ–ˆâ–ˆâ–ˆâ–ˆâ–ˆâ–ˆâ–ˆâ–ˆ | 9/10 [24:49<02:45, 165.62s/it]
 50%|â–ˆâ–ˆâ–ˆâ–ˆâ–ˆ     | 5/10 [14:35<14:33, 174.74s/it][A

 90%|â–ˆâ–ˆâ–ˆâ–ˆâ–ˆâ–ˆâ–ˆâ–ˆâ–ˆ | 9/10 [29:03<03:09, 189.89s/it][A[A100%|â–ˆâ–ˆâ–ˆâ–ˆâ–ˆâ–ˆâ–ˆâ–ˆâ–ˆâ–ˆ| 10/10 [27:35<00:00, 165.78s/it]100%|â–ˆâ–ˆâ–ˆâ–ˆâ–ˆâ–ˆâ–ˆâ–ˆâ–ˆâ–ˆ| 10/10 [27:35<00:00, 165.55s/it]
[32m[I 2022-04-06 16:38:55,939][0m Trial 40 finished with value: 0.450524246395806 and parameters: {'emb_size': 200, 'hidden_size': 128, 'fc_size': 64, 'num_layers': 2, 'dropout_rnn': 0.3132506288704175, 'dropout_fc': 0.4690311980020034, 'learning_rate': 2.2677544225793506e-05, 'l2_reg': 0.026869580731077418}. Best is trial 7 with value: 0.46741663026066693.[0m
  0%|          | 0/10 [00:00<?, ?it/s]
 60%|â–ˆâ–ˆâ–ˆâ–ˆâ–ˆâ–ˆ    | 6/10 [17:30<11:40, 175.09s/it][A

100%|â–ˆâ–ˆâ–ˆâ–ˆâ–ˆâ–ˆâ–ˆâ–ˆâ–ˆâ–ˆ| 10/10 [32:26<00:00, 193.79s/it][A[A100%|â–ˆâ–ˆâ–ˆâ–ˆâ–ˆâ–ˆâ–ˆâ–ˆâ–ˆâ–ˆ| 10/10 [32:26<00:00, 194.61s/it]
[32m[I 2022-04-06 16:41:42,077][0m Trial 39 finished with value: 0.45019659239842724 and parameters: {'emb_size': 200, 'hidden_size': 128, 'fc_size': 128, 'num_layers': 3, 'dropout_rnn': 0.2894003567895937, 'dropout_fc': 0.41384910717008233, 'learning_rate': 1.0280382516384829e-05, 'l2_reg': 0.003641650292785252}. Best is trial 7 with value: 0.46741663026066693.[0m


  0%|          | 0/10 [00:00<?, ?it/s][A[A 10%|â–ˆ         | 1/10 [03:02<27:26, 182.95s/it]
 70%|â–ˆâ–ˆâ–ˆâ–ˆâ–ˆâ–ˆâ–ˆ   | 7/10 [20:32<08:51, 177.25s/it][A

 10%|â–ˆ         | 1/10 [03:18<29:47, 198.66s/it][A[A 20%|â–ˆâ–ˆ        | 2/10 [06:14<25:02, 187.87s/it]
 80%|â–ˆâ–ˆâ–ˆâ–ˆâ–ˆâ–ˆâ–ˆâ–ˆ  | 8/10 [23:31<05:55, 177.74s/it][A 30%|â–ˆâ–ˆâ–ˆ       | 3/10 [09:26<22:07, 189.70s/it]

 20%|â–ˆâ–ˆ        | 2/10 [06:40<26:46, 200.80s/it][A[A
 90%|â–ˆâ–ˆâ–ˆâ–ˆâ–ˆâ–ˆâ–ˆâ–ˆâ–ˆ | 9/10 [26:30<02:58, 178.31s/it][A
100%|â–ˆâ–ˆâ–ˆâ–ˆâ–ˆâ–ˆâ–ˆâ–ˆâ–ˆâ–ˆ| 10/10 [29:27<00:00, 177.88s/it][A100%|â–ˆâ–ˆâ–ˆâ–ˆâ–ˆâ–ˆâ–ˆâ–ˆâ–ˆâ–ˆ| 10/10 [29:27<00:00, 176.79s/it]
 40%|â–ˆâ–ˆâ–ˆâ–ˆ      | 4/10 [12:32<18:51, 188.57s/it][32m[I 2022-04-06 16:51:29,373][0m Trial 41 finished with value: 0.45081549439347607 and parameters: {'emb_size': 100, 'hidden_size': 256, 'fc_size': 64, 'num_layers': 2, 'dropout_rnn': 0.3059559860869808, 'dropout_fc': 0.42830573989686244, 'learning_rate': 0.0010942671374528973, 'l2_reg': 0.026191828962389595}. Best is trial 7 with value: 0.46741663026066693.[0m

  0%|          | 0/10 [00:00<?, ?it/s][A

 30%|â–ˆâ–ˆâ–ˆ       | 3/10 [10:07<23:44, 203.52s/it][A[A
 10%|â–ˆ         | 1/10 [02:58<26:42, 178.07s/it][A 50%|â–ˆâ–ˆâ–ˆâ–ˆâ–ˆ     | 5/10 [15:41<15:42, 188.54s/it]

 40%|â–ˆâ–ˆâ–ˆâ–ˆ      | 4/10 [13:34<20:28, 204.83s/it][A[A
 20%|â–ˆâ–ˆ        | 2/10 [05:56<23:45, 178.15s/it][A 60%|â–ˆâ–ˆâ–ˆâ–ˆâ–ˆâ–ˆ    | 6/10 [18:50<12:34, 188.58s/it]

 50%|â–ˆâ–ˆâ–ˆâ–ˆâ–ˆ     | 5/10 [16:54<16:55, 203.01s/it][A[A
 30%|â–ˆâ–ˆâ–ˆ       | 3/10 [08:54<20:46, 178.00s/it][A 70%|â–ˆâ–ˆâ–ˆâ–ˆâ–ˆâ–ˆâ–ˆ   | 7/10 [22:01<09:28, 189.60s/it]

 60%|â–ˆâ–ˆâ–ˆâ–ˆâ–ˆâ–ˆ    | 6/10 [20:17<13:31, 202.91s/it][A[A
 40%|â–ˆâ–ˆâ–ˆâ–ˆ      | 4/10 [11:53<17:50, 178.36s/it][A 80%|â–ˆâ–ˆâ–ˆâ–ˆâ–ˆâ–ˆâ–ˆâ–ˆ  | 8/10 [25:11<06:19, 189.67s/it]

 70%|â–ˆâ–ˆâ–ˆâ–ˆâ–ˆâ–ˆâ–ˆ   | 7/10 [23:38<10:07, 202.37s/it][A[A
 50%|â–ˆâ–ˆâ–ˆâ–ˆâ–ˆ     | 5/10 [14:52<14:53, 178.62s/it][A 90%|â–ˆâ–ˆâ–ˆâ–ˆâ–ˆâ–ˆâ–ˆâ–ˆâ–ˆ | 9/10 [28:19<03:08, 188.96s/it]

 80%|â–ˆâ–ˆâ–ˆâ–ˆâ–ˆâ–ˆâ–ˆâ–ˆ  | 8/10 [27:02<06:45, 202.91s/it][A[A
 60%|â–ˆâ–ˆâ–ˆâ–ˆâ–ˆâ–ˆ    | 6/10 [17:45<11:47, 176.86s/it][A100%|â–ˆâ–ˆâ–ˆâ–ˆâ–ˆâ–ˆâ–ˆâ–ˆâ–ˆâ–ˆ| 10/10 [31:29<00:00, 189.33s/it]100%|â–ˆâ–ˆâ–ˆâ–ˆâ–ˆâ–ˆâ–ˆâ–ˆâ–ˆâ–ˆ| 10/10 [31:29<00:00, 188.92s/it]
[32m[I 2022-04-06 17:10:28,430][0m Trial 42 finished with value: 0.45026940439784474 and parameters: {'emb_size': 100, 'hidden_size': 256, 'fc_size': 64, 'num_layers': 2, 'dropout_rnn': 0.6072559470008178, 'dropout_fc': 0.40426355201957953, 'learning_rate': 0.0011819662646697763, 'l2_reg': 0.01978944608780531}. Best is trial 7 with value: 0.46741663026066693.[0m
  0%|          | 0/10 [00:00<?, ?it/s]
 70%|â–ˆâ–ˆâ–ˆâ–ˆâ–ˆâ–ˆâ–ˆ   | 7/10 [20:33<08:42, 174.07s/it][A

 90%|â–ˆâ–ˆâ–ˆâ–ˆâ–ˆâ–ˆâ–ˆâ–ˆâ–ˆ | 9/10 [30:25<03:22, 203.00s/it][A[A 10%|â–ˆ         | 1/10 [03:07<28:03, 187.07s/it]
 80%|â–ˆâ–ˆâ–ˆâ–ˆâ–ˆâ–ˆâ–ˆâ–ˆ  | 8/10 [23:35<05:53, 176.63s/it][A

100%|â–ˆâ–ˆâ–ˆâ–ˆâ–ˆâ–ˆâ–ˆâ–ˆâ–ˆâ–ˆ| 10/10 [33:49<00:00, 203.42s/it][A[A100%|â–ˆâ–ˆâ–ˆâ–ˆâ–ˆâ–ˆâ–ˆâ–ˆâ–ˆâ–ˆ| 10/10 [33:49<00:00, 202.99s/it]
[32m[I 2022-04-06 17:15:35,319][0m Trial 43 finished with value: 0.4504514343963885 and parameters: {'emb_size': 100, 'hidden_size': 128, 'fc_size': 128, 'num_layers': 3, 'dropout_rnn': 0.3903328039576986, 'dropout_fc': 0.8644667966445291, 'learning_rate': 0.0009977363680803307, 'l2_reg': 0.08500688273436413}. Best is trial 7 with value: 0.46741663026066693.[0m


  0%|          | 0/10 [00:00<?, ?it/s][A[A 20%|â–ˆâ–ˆ        | 2/10 [06:17<25:13, 189.24s/it]
 90%|â–ˆâ–ˆâ–ˆâ–ˆâ–ˆâ–ˆâ–ˆâ–ˆâ–ˆ | 9/10 [26:36<02:57, 177.95s/it][A

 10%|â–ˆ         | 1/10 [03:09<28:24, 189.43s/it][A[A 30%|â–ˆâ–ˆâ–ˆ       | 3/10 [09:27<22:05, 189.39s/it]
100%|â–ˆâ–ˆâ–ˆâ–ˆâ–ˆâ–ˆâ–ˆâ–ˆâ–ˆâ–ˆ| 10/10 [29:54<00:00, 184.03s/it][A100%|â–ˆâ–ˆâ–ˆâ–ˆâ–ˆâ–ˆâ–ˆâ–ˆâ–ˆâ–ˆ| 10/10 [29:54<00:00, 179.45s/it]
[32m[I 2022-04-06 17:21:26,916][0m Trial 44 finished with value: 0.4505606523955148 and parameters: {'emb_size': 100, 'hidden_size': 256, 'fc_size': 64, 'num_layers': 2, 'dropout_rnn': 0.2613489507882429, 'dropout_fc': 0.4381632878812449, 'learning_rate': 0.0010248932689924442, 'l2_reg': 0.016820328072313866}. Best is trial 7 with value: 0.46741663026066693.[0m

  0%|          | 0/10 [00:00<?, ?it/s][A

 20%|â–ˆâ–ˆ        | 2/10 [06:29<26:03, 195.43s/it][A[A 40%|â–ˆâ–ˆâ–ˆâ–ˆ      | 4/10 [13:39<21:24, 214.08s/it]

 30%|â–ˆâ–ˆâ–ˆ       | 3/10 [11:56<29:50, 255.74s/it][A[A
 10%|â–ˆ         | 1/10 [06:30<58:32, 390.26s/it][A 50%|â–ˆâ–ˆâ–ˆâ–ˆâ–ˆ     | 5/10 [18:12<19:36, 235.39s/it]

 40%|â–ˆâ–ˆâ–ˆâ–ˆ      | 4/10 [15:03<22:50, 228.43s/it][A[A
 20%|â–ˆâ–ˆ        | 2/10 [09:36<36:03, 270.45s/it][A 60%|â–ˆâ–ˆâ–ˆâ–ˆâ–ˆâ–ˆ    | 6/10 [21:23<14:41, 220.36s/it]

 50%|â–ˆâ–ˆâ–ˆâ–ˆâ–ˆ     | 5/10 [18:08<17:43, 212.78s/it][A[A
 30%|â–ˆâ–ˆâ–ˆ       | 3/10 [12:40<26:54, 230.71s/it][A 70%|â–ˆâ–ˆâ–ˆâ–ˆâ–ˆâ–ˆâ–ˆ   | 7/10 [24:32<10:29, 209.97s/it]

 60%|â–ˆâ–ˆâ–ˆâ–ˆâ–ˆâ–ˆ    | 6/10 [21:15<13:36, 204.08s/it][A[A
 40%|â–ˆâ–ˆâ–ˆâ–ˆ      | 4/10 [15:41<21:06, 211.03s/it][A 80%|â–ˆâ–ˆâ–ˆâ–ˆâ–ˆâ–ˆâ–ˆâ–ˆ  | 8/10 [27:41<06:46, 203.38s/it]

 70%|â–ˆâ–ˆâ–ˆâ–ˆâ–ˆâ–ˆâ–ˆ   | 7/10 [24:21<09:54, 198.08s/it][A[A
 50%|â–ˆâ–ˆâ–ˆâ–ˆâ–ˆ     | 5/10 [18:41<16:40, 200.01s/it][A 90%|â–ˆâ–ˆâ–ˆâ–ˆâ–ˆâ–ˆâ–ˆâ–ˆâ–ˆ | 9/10 [30:47<03:17, 197.86s/it]
 60%|â–ˆâ–ˆâ–ˆâ–ˆâ–ˆâ–ˆ    | 6/10 [21:19<12:22, 185.55s/it][A

 80%|â–ˆâ–ˆâ–ˆâ–ˆâ–ˆâ–ˆâ–ˆâ–ˆ  | 8/10 [27:33<06:32, 196.35s/it][A[A100%|â–ˆâ–ˆâ–ˆâ–ˆâ–ˆâ–ˆâ–ˆâ–ˆâ–ˆâ–ˆ| 10/10 [34:07<00:00, 198.65s/it]100%|â–ˆâ–ˆâ–ˆâ–ˆâ–ˆâ–ˆâ–ˆâ–ˆâ–ˆâ–ˆ| 10/10 [34:07<00:00, 204.77s/it]
[32m[I 2022-04-06 17:44:39,399][0m Trial 45 finished with value: 0.450232998398136 and parameters: {'emb_size': 100, 'hidden_size': 256, 'fc_size': 64, 'num_layers': 2, 'dropout_rnn': 0.3948303843396924, 'dropout_fc': 0.4929087296558107, 'learning_rate': 0.0008316298955930999, 'l2_reg': 0.0070181867236920655}. Best is trial 7 with value: 0.46741663026066693.[0m
  0%|          | 0/10 [00:00<?, ?it/s]
 70%|â–ˆâ–ˆâ–ˆâ–ˆâ–ˆâ–ˆâ–ˆ   | 7/10 [24:39<09:31, 190.49s/it][A

 90%|â–ˆâ–ˆâ–ˆâ–ˆâ–ˆâ–ˆâ–ˆâ–ˆâ–ˆ | 9/10 [30:57<03:18, 198.53s/it][A[A 10%|â–ˆ         | 1/10 [03:24<30:36, 204.01s/it]
 80%|â–ˆâ–ˆâ–ˆâ–ˆâ–ˆâ–ˆâ–ˆâ–ˆ  | 8/10 [27:56<06:24, 192.34s/it][A

100%|â–ˆâ–ˆâ–ˆâ–ˆâ–ˆâ–ˆâ–ˆâ–ˆâ–ˆâ–ˆ| 10/10 [34:15<00:00, 198.40s/it][A[A100%|â–ˆâ–ˆâ–ˆâ–ˆâ–ˆâ–ˆâ–ˆâ–ˆâ–ˆâ–ˆ| 10/10 [34:15<00:00, 205.52s/it]
[32m[I 2022-04-06 17:49:53,608][0m Trial 46 finished with value: 0.45026940439784474 and parameters: {'emb_size': 100, 'hidden_size': 256, 'fc_size': 64, 'num_layers': 2, 'dropout_rnn': 0.2720452105169113, 'dropout_fc': 0.6128639619298227, 'learning_rate': 0.00333692049870636, 'l2_reg': 0.007899625127465981}. Best is trial 7 with value: 0.46741663026066693.[0m


  0%|          | 0/10 [00:00<?, ?it/s][A[A 20%|â–ˆâ–ˆ        | 2/10 [06:34<26:06, 195.82s/it]

 10%|â–ˆ         | 1/10 [04:55<44:19, 295.46s/it][A[A
 90%|â–ˆâ–ˆâ–ˆâ–ˆâ–ˆâ–ˆâ–ˆâ–ˆâ–ˆ | 9/10 [33:33<03:57, 237.67s/it][A 30%|â–ˆâ–ˆâ–ˆ       | 3/10 [13:46<35:27, 303.90s/it]

 20%|â–ˆâ–ˆ        | 2/10 [13:40<57:25, 430.72s/it][A[A 40%|â–ˆâ–ˆâ–ˆâ–ˆ      | 4/10 [22:21<38:42, 387.17s/it]
100%|â–ˆâ–ˆâ–ˆâ–ˆâ–ˆâ–ˆâ–ˆâ–ˆâ–ˆâ–ˆ| 10/10 [48:51<00:00, 447.69s/it][A100%|â–ˆâ–ˆâ–ˆâ–ˆâ–ˆâ–ˆâ–ˆâ–ˆâ–ˆâ–ˆ| 10/10 [48:51<00:00, 293.13s/it]
[32m[I 2022-04-06 18:10:21,332][0m Trial 47 finished with value: 0.450669870394641 and parameters: {'emb_size': 100, 'hidden_size': 256, 'fc_size': 64, 'num_layers': 2, 'dropout_rnn': 0.24273514584334654, 'dropout_fc': 0.6227542228603117, 'learning_rate': 0.003733073318474475, 'l2_reg': 0.006959033712908556}. Best is trial 7 with value: 0.46741663026066693.[0m

  0%|          | 0/10 [00:00<?, ?it/s][A

 30%|â–ˆâ–ˆâ–ˆ       | 3/10 [20:36<49:26, 423.77s/it][A[A 50%|â–ˆâ–ˆâ–ˆâ–ˆâ–ˆ     | 5/10 [27:05<29:09, 349.83s/it]
 10%|â–ˆ         | 1/10 [03:01<27:16, 181.82s/it][A

 40%|â–ˆâ–ˆâ–ˆâ–ˆ      | 4/10 [23:39<32:52, 328.83s/it][A[A 60%|â–ˆâ–ˆâ–ˆâ–ˆâ–ˆâ–ˆ    | 6/10 [30:14<19:41, 295.37s/it]
 20%|â–ˆâ–ˆ        | 2/10 [06:02<24:08, 181.05s/it][A

 50%|â–ˆâ–ˆâ–ˆâ–ˆâ–ˆ     | 5/10 [26:44<23:05, 277.08s/it][A[A 70%|â–ˆâ–ˆâ–ˆâ–ˆâ–ˆâ–ˆâ–ˆ   | 7/10 [33:20<12:58, 259.40s/it]
 30%|â–ˆâ–ˆâ–ˆ       | 3/10 [08:59<20:55, 179.31s/it][A

 60%|â–ˆâ–ˆâ–ˆâ–ˆâ–ˆâ–ˆ    | 6/10 [29:48<16:20, 245.19s/it][A[A 80%|â–ˆâ–ˆâ–ˆâ–ˆâ–ˆâ–ˆâ–ˆâ–ˆ  | 8/10 [36:26<07:52, 236.08s/it]
 40%|â–ˆâ–ˆâ–ˆâ–ˆ      | 4/10 [11:59<17:57, 179.56s/it][A

 70%|â–ˆâ–ˆâ–ˆâ–ˆâ–ˆâ–ˆâ–ˆ   | 7/10 [32:51<11:14, 224.78s/it][A[A 90%|â–ˆâ–ˆâ–ˆâ–ˆâ–ˆâ–ˆâ–ˆâ–ˆâ–ˆ | 9/10 [39:31<03:40, 220.30s/it]
 50%|â–ˆâ–ˆâ–ˆâ–ˆâ–ˆ     | 5/10 [15:01<15:01, 180.34s/it][A

 80%|â–ˆâ–ˆâ–ˆâ–ˆâ–ˆâ–ˆâ–ˆâ–ˆ  | 8/10 [35:52<07:02, 211.07s/it][A[A100%|â–ˆâ–ˆâ–ˆâ–ˆâ–ˆâ–ˆâ–ˆâ–ˆâ–ˆâ–ˆ| 10/10 [42:39<00:00, 210.38s/it]100%|â–ˆâ–ˆâ–ˆâ–ˆâ–ˆâ–ˆâ–ˆâ–ˆâ–ˆâ–ˆ| 10/10 [42:39<00:00, 256.00s/it]
[32m[I 2022-04-06 18:27:22,681][0m Trial 48 finished with value: 0.4503422163972623 and parameters: {'emb_size': 100, 'hidden_size': 256, 'fc_size': 64, 'num_layers': 2, 'dropout_rnn': 0.23428823935968787, 'dropout_fc': 0.6279975868142249, 'learning_rate': 0.003108794726658266, 'l2_reg': 0.04557167814299936}. Best is trial 7 with value: 0.46741663026066693.[0m
  0%|          | 0/10 [00:00<?, ?it/s]
 60%|â–ˆâ–ˆâ–ˆâ–ˆâ–ˆâ–ˆ    | 6/10 [17:46<11:40, 175.21s/it][A

 90%|â–ˆâ–ˆâ–ˆâ–ˆâ–ˆâ–ˆâ–ˆâ–ˆâ–ˆ | 9/10 [38:58<03:23, 203.13s/it][A[A 10%|â–ˆ         | 1/10 [03:06<28:01, 186.86s/it]
 70%|â–ˆâ–ˆâ–ˆâ–ˆâ–ˆâ–ˆâ–ˆ   | 7/10 [20:42<08:46, 175.37s/it][A

100%|â–ˆâ–ˆâ–ˆâ–ˆâ–ˆâ–ˆâ–ˆâ–ˆâ–ˆâ–ˆ| 10/10 [43:07<00:00, 217.36s/it][A[A100%|â–ˆâ–ˆâ–ˆâ–ˆâ–ˆâ–ˆâ–ˆâ–ˆâ–ˆâ–ˆ| 10/10 [43:07<00:00, 258.76s/it]
[32m[I 2022-04-06 18:33:13,686][0m Trial 49 finished with value: 0.4505606523955148 and parameters: {'emb_size': 100, 'hidden_size': 256, 'fc_size': 64, 'num_layers': 2, 'dropout_rnn': 0.7998444537524751, 'dropout_fc': 0.6438883330496176, 'learning_rate': 0.00014133821597383291, 'l2_reg': 0.04285260269439618}. Best is trial 7 with value: 0.46741663026066693.[0m


  0%|          | 0/10 [00:00<?, ?it/s][A[A 20%|â–ˆâ–ˆ        | 2/10 [10:12<43:36, 327.11s/it]

 10%|â–ˆ         | 1/10 [05:58<53:46, 358.50s/it][A[A
 80%|â–ˆâ–ˆâ–ˆâ–ˆâ–ˆâ–ˆâ–ˆâ–ˆ  | 8/10 [29:03<09:18, 279.07s/it][A 30%|â–ˆâ–ˆâ–ˆ       | 3/10 [13:31<31:20, 268.60s/it]

 20%|â–ˆâ–ˆ        | 2/10 [09:03<34:11, 256.45s/it][A[A
 90%|â–ˆâ–ˆâ–ˆâ–ˆâ–ˆâ–ˆâ–ˆâ–ˆâ–ˆ | 9/10 [32:03<04:08, 248.01s/it][A 40%|â–ˆâ–ˆâ–ˆâ–ˆ      | 4/10 [17:37<25:59, 259.94s/it]

 30%|â–ˆâ–ˆâ–ˆ       | 3/10 [13:09<29:22, 251.82s/it][A[A
100%|â–ˆâ–ˆâ–ˆâ–ˆâ–ˆâ–ˆâ–ˆâ–ˆâ–ˆâ–ˆ| 10/10 [36:29<00:00, 253.58s/it][A100%|â–ˆâ–ˆâ–ˆâ–ˆâ–ˆâ–ˆâ–ˆâ–ˆâ–ˆâ–ˆ| 10/10 [36:29<00:00, 218.91s/it]
[32m[I 2022-04-06 18:46:53,466][0m Trial 50 finished with value: 0.4505606523955148 and parameters: {'emb_size': 100, 'hidden_size': 256, 'fc_size': 64, 'num_layers': 2, 'dropout_rnn': 0.32971381651703224, 'dropout_fc': 0.6547843371654292, 'learning_rate': 0.014292550002856832, 'l2_reg': 0.0014566308832562147}. Best is trial 7 with value: 0.46741663026066693.[0m

  0%|          | 0/10 [00:00<?, ?it/s][A 50%|â–ˆâ–ˆâ–ˆâ–ˆâ–ˆ     | 5/10 [20:59<19:54, 238.82s/it]

 40%|â–ˆâ–ˆâ–ˆâ–ˆ      | 4/10 [16:50<23:57, 239.63s/it][A[A
 10%|â–ˆ         | 1/10 [03:52<34:55, 232.79s/it][A 60%|â–ˆâ–ˆâ–ˆâ–ˆâ–ˆâ–ˆ    | 6/10 [24:31<15:19, 229.76s/it]

 50%|â–ˆâ–ˆâ–ˆâ–ˆâ–ˆ     | 5/10 [20:26<19:14, 230.87s/it][A[A 70%|â–ˆâ–ˆâ–ˆâ–ˆâ–ˆâ–ˆâ–ˆ   | 7/10 [30:53<13:58, 279.54s/it]
 20%|â–ˆâ–ˆ        | 2/10 [12:22<52:45, 395.65s/it][A

 60%|â–ˆâ–ˆâ–ˆâ–ˆâ–ˆâ–ˆ    | 6/10 [28:05<20:33, 308.44s/it][A[A 80%|â–ˆâ–ˆâ–ˆâ–ˆâ–ˆâ–ˆâ–ˆâ–ˆ  | 8/10 [37:36<10:37, 318.75s/it]

 70%|â–ˆâ–ˆâ–ˆâ–ˆâ–ˆâ–ˆâ–ˆ   | 7/10 [32:57<15:09, 303.25s/it][A[A
 30%|â–ˆâ–ˆâ–ˆ       | 3/10 [19:30<47:54, 410.65s/it][A 90%|â–ˆâ–ˆâ–ˆâ–ˆâ–ˆâ–ˆâ–ˆâ–ˆâ–ˆ | 9/10 [40:49<04:39, 279.45s/it]

 80%|â–ˆâ–ˆâ–ˆâ–ˆâ–ˆâ–ˆâ–ˆâ–ˆ  | 8/10 [35:59<08:48, 264.44s/it][A[A
 40%|â–ˆâ–ˆâ–ˆâ–ˆ      | 4/10 [22:28<31:52, 318.78s/it][A100%|â–ˆâ–ˆâ–ˆâ–ˆâ–ˆâ–ˆâ–ˆâ–ˆâ–ˆâ–ˆ| 10/10 [43:55<00:00, 250.72s/it]100%|â–ˆâ–ˆâ–ˆâ–ˆâ–ˆâ–ˆâ–ˆâ–ˆâ–ˆâ–ˆ| 10/10 [43:55<00:00, 263.55s/it]
[32m[I 2022-04-06 19:11:21,485][0m Trial 51 finished with value: 0.450669870394641 and parameters: {'emb_size': 100, 'hidden_size': 256, 'fc_size': 128, 'num_layers': 2, 'dropout_rnn': 0.7984468941033901, 'dropout_fc': 0.5389578324305335, 'learning_rate': 0.013129255450848646, 'l2_reg': 0.16069346233864779}. Best is trial 7 with value: 0.46741663026066693.[0m
  0%|          | 0/10 [00:00<?, ?it/s]

 90%|â–ˆâ–ˆâ–ˆâ–ˆâ–ˆâ–ˆâ–ˆâ–ˆâ–ˆ | 9/10 [39:02<03:59, 239.01s/it][A[A
 50%|â–ˆâ–ˆâ–ˆâ–ˆâ–ˆ     | 5/10 [25:27<22:20, 268.15s/it][A 10%|â–ˆ         | 1/10 [03:05<27:50, 185.59s/it]

100%|â–ˆâ–ˆâ–ˆâ–ˆâ–ˆâ–ˆâ–ˆâ–ˆâ–ˆâ–ˆ| 10/10 [42:05<00:00, 221.82s/it][A[A100%|â–ˆâ–ˆâ–ˆâ–ˆâ–ˆâ–ˆâ–ˆâ–ˆâ–ˆâ–ˆ| 10/10 [42:05<00:00, 252.55s/it]

 60%|â–ˆâ–ˆâ–ˆâ–ˆâ–ˆâ–ˆ    | 6/10 [28:26<15:51, 237.98s/it][A[32m[I 2022-04-06 19:15:22,308][0m Trial 52 finished with value: 0.3749817970001456 and parameters: {'emb_size': 100, 'hidden_size': 256, 'fc_size': 64, 'num_layers': 2, 'dropout_rnn': 0.24258863882161896, 'dropout_fc': 0.5181951434991074, 'learning_rate': 0.023547095231397898, 'l2_reg': 0.0013793775629117198}. Best is trial 7 with value: 0.46741663026066693.[0m


  0%|          | 0/10 [00:00<?, ?it/s][A[A 20%|â–ˆâ–ˆ        | 2/10 [06:12<24:51, 186.47s/it]
 70%|â–ˆâ–ˆâ–ˆâ–ˆâ–ˆâ–ˆâ–ˆ   | 7/10 [31:25<10:55, 218.61s/it][A

 10%|â–ˆ         | 1/10 [03:05<27:51, 185.73s/it][A[A 30%|â–ˆâ–ˆâ–ˆ       | 3/10 [09:19<21:47, 186.78s/it]
 80%|â–ˆâ–ˆâ–ˆâ–ˆâ–ˆâ–ˆâ–ˆâ–ˆ  | 8/10 [34:23<06:51, 205.80s/it][A

 20%|â–ˆâ–ˆ        | 2/10 [06:06<24:22, 182.79s/it][A[A 40%|â–ˆâ–ˆâ–ˆâ–ˆ      | 4/10 [12:28<18:46, 187.68s/it]
 90%|â–ˆâ–ˆâ–ˆâ–ˆâ–ˆâ–ˆâ–ˆâ–ˆâ–ˆ | 9/10 [37:24<03:17, 197.81s/it][A

 30%|â–ˆâ–ˆâ–ˆ       | 3/10 [09:12<21:29, 184.25s/it][A[A 50%|â–ˆâ–ˆâ–ˆâ–ˆâ–ˆ     | 5/10 [15:38<15:41, 188.30s/it]
100%|â–ˆâ–ˆâ–ˆâ–ˆâ–ˆâ–ˆâ–ˆâ–ˆâ–ˆâ–ˆ| 10/10 [40:26<00:00, 193.14s/it][A100%|â–ˆâ–ˆâ–ˆâ–ˆâ–ˆâ–ˆâ–ˆâ–ˆâ–ˆâ–ˆ| 10/10 [40:26<00:00, 242.67s/it]
[32m[I 2022-04-06 19:27:23,268][0m Trial 53 finished with value: 0.42798893257608855 and parameters: {'emb_size': 100, 'hidden_size': 256, 'fc_size': 64, 'num_layers': 2, 'dropout_rnn': 0.30493577234838404, 'dropout_fc': 0.5494694081290706, 'learning_rate': 0.0005899767422115922, 'l2_reg': 0.0014300432276956323}. Best is trial 7 with value: 0.46741663026066693.[0m

  0%|          | 0/10 [00:00<?, ?it/s][A

 40%|â–ˆâ–ˆâ–ˆâ–ˆ      | 4/10 [12:19<18:31, 185.18s/it][A[A 60%|â–ˆâ–ˆâ–ˆâ–ˆâ–ˆâ–ˆ    | 6/10 [18:45<12:31, 187.82s/it]
 10%|â–ˆ         | 1/10 [02:59<26:55, 179.47s/it][A

 50%|â–ˆâ–ˆâ–ˆâ–ˆâ–ˆ     | 5/10 [15:24<15:27, 185.42s/it][A[A 70%|â–ˆâ–ˆâ–ˆâ–ˆâ–ˆâ–ˆâ–ˆ   | 7/10 [21:53<09:24, 188.15s/it]
 20%|â–ˆâ–ˆ        | 2/10 [06:00<24:02, 180.27s/it][A

 60%|â–ˆâ–ˆâ–ˆâ–ˆâ–ˆâ–ˆ    | 6/10 [18:29<12:21, 185.28s/it][A[A 80%|â–ˆâ–ˆâ–ˆâ–ˆâ–ˆâ–ˆâ–ˆâ–ˆ  | 8/10 [25:04<06:17, 188.92s/it]
 30%|â–ˆâ–ˆâ–ˆ       | 3/10 [09:03<21:12, 181.78s/it][A

 70%|â–ˆâ–ˆâ–ˆâ–ˆâ–ˆâ–ˆâ–ˆ   | 7/10 [21:37<09:17, 185.92s/it][A[A
 40%|â–ˆâ–ˆâ–ˆâ–ˆ      | 4/10 [12:03<18:05, 180.91s/it][A 90%|â–ˆâ–ˆâ–ˆâ–ˆâ–ˆâ–ˆâ–ˆâ–ˆâ–ˆ | 9/10 [28:13<03:08, 188.94s/it]

 80%|â–ˆâ–ˆâ–ˆâ–ˆâ–ˆâ–ˆâ–ˆâ–ˆ  | 8/10 [24:42<06:11, 185.74s/it][A[A
 50%|â–ˆâ–ˆâ–ˆâ–ˆâ–ˆ     | 5/10 [15:06<15:08, 181.76s/it][A100%|â–ˆâ–ˆâ–ˆâ–ˆâ–ˆâ–ˆâ–ˆâ–ˆâ–ˆâ–ˆ| 10/10 [31:23<00:00, 189.34s/it]100%|â–ˆâ–ˆâ–ˆâ–ˆâ–ˆâ–ˆâ–ˆâ–ˆâ–ˆâ–ˆ| 10/10 [31:23<00:00, 188.38s/it]
