[32m[I 2022-04-06 19:42:48,541][0m Trial 54 finished with value: 0.4504150283966798 and parameters: {'emb_size': 100, 'hidden_size': 256, 'fc_size': 64, 'num_layers': 2, 'dropout_rnn': 0.2991034546350521, 'dropout_fc': 0.5159483956043841, 'learning_rate': 0.01563955837347059, 'l2_reg': 0.32956915793412017}. Best is trial 7 with value: 0.46741663026066693.[0m
  0%|          | 0/10 [00:00<?, ?it/s]

 90%|â–ˆâ–ˆâ–ˆâ–ˆâ–ˆâ–ˆâ–ˆâ–ˆâ–ˆ | 9/10 [27:50<03:06, 186.50s/it][A[A
 60%|â–ˆâ–ˆâ–ˆâ–ˆâ–ˆâ–ˆ    | 6/10 [18:10<12:10, 182.52s/it][A 10%|â–ˆ         | 1/10 [03:12<28:55, 192.84s/it]

100%|â–ˆâ–ˆâ–ˆâ–ˆâ–ˆâ–ˆâ–ˆâ–ˆâ–ˆâ–ˆ| 10/10 [31:03<00:00, 188.60s/it][A[A100%|â–ˆâ–ˆâ–ˆâ–ˆâ–ˆâ–ˆâ–ˆâ–ˆâ–ˆâ–ˆ| 10/10 [31:03<00:00, 186.40s/it]
[32m[I 2022-04-06 19:46:29,388][0m Trial 55 finished with value: 0.4503422163972623 and parameters: {'emb_size': 100, 'hidden_size': 256, 'fc_size': 128, 'num_layers': 2, 'dropout_rnn': 0.7391177126287488, 'dropout_fc': 0.5530832572010096, 'learning_rate': 0.0002676258046951552, 'l2_reg': 0.21824158163517227}. Best is trial 7 with value: 0.46741663026066693.[0m


  0%|          | 0/10 [00:00<?, ?it/s][A[A
 70%|â–ˆâ–ˆâ–ˆâ–ˆâ–ˆâ–ˆâ–ˆ   | 7/10 [21:12<09:06, 182.28s/it][A 20%|â–ˆâ–ˆ        | 2/10 [06:23<25:33, 191.67s/it]

 10%|â–ˆ         | 1/10 [03:06<27:57, 186.44s/it][A[A
 80%|â–ˆâ–ˆâ–ˆâ–ˆâ–ˆâ–ˆâ–ˆâ–ˆ  | 8/10 [24:12<06:03, 181.67s/it][A 30%|â–ˆâ–ˆâ–ˆ       | 3/10 [09:32<22:13, 190.51s/it]

 20%|â–ˆâ–ˆ        | 2/10 [06:10<24:40, 185.02s/it][A[A
 90%|â–ˆâ–ˆâ–ˆâ–ˆâ–ˆâ–ˆâ–ˆâ–ˆâ–ˆ | 9/10 [27:12<03:01, 181.06s/it][A 40%|â–ˆâ–ˆâ–ˆâ–ˆ      | 4/10 [12:41<18:57, 189.65s/it]

 30%|â–ˆâ–ˆâ–ˆ       | 3/10 [09:11<21:23, 183.34s/it][A[A
100%|â–ˆâ–ˆâ–ˆâ–ˆâ–ˆâ–ˆâ–ˆâ–ˆâ–ˆâ–ˆ| 10/10 [30:10<00:00, 180.11s/it][A100%|â–ˆâ–ˆâ–ˆâ–ˆâ–ˆâ–ˆâ–ˆâ–ˆâ–ˆâ–ˆ| 10/10 [30:10<00:00, 181.06s/it]
[32m[I 2022-04-06 19:57:36,922][0m Trial 56 finished with value: 0.4504878403960973 and parameters: {'emb_size': 100, 'hidden_size': 256, 'fc_size': 128, 'num_layers': 2, 'dropout_rnn': 0.7368021831210955, 'dropout_fc': 0.27962405911255145, 'learning_rate': 0.071221308075899, 'l2_reg': 0.19331855982051283}. Best is trial 7 with value: 0.46741663026066693.[0m

  0%|          | 0/10 [00:00<?, ?it/s][A 50%|â–ˆâ–ˆâ–ˆâ–ˆâ–ˆ     | 5/10 [15:51<15:49, 189.91s/it]

 40%|â–ˆâ–ˆâ–ˆâ–ˆ      | 4/10 [12:16<18:22, 183.71s/it][A[A
 10%|â–ˆ         | 1/10 [02:59<26:52, 179.19s/it][A 60%|â–ˆâ–ˆâ–ˆâ–ˆâ–ˆâ–ˆ    | 6/10 [18:58<12:35, 188.97s/it]

 50%|â–ˆâ–ˆâ–ˆâ–ˆâ–ˆ     | 5/10 [15:20<15:19, 183.90s/it][A[A
 20%|â–ˆâ–ˆ        | 2/10 [05:52<23:25, 175.71s/it][A 70%|â–ˆâ–ˆâ–ˆâ–ˆâ–ˆâ–ˆâ–ˆ   | 7/10 [22:16<09:35, 191.78s/it]

 60%|â–ˆâ–ˆâ–ˆâ–ˆâ–ˆâ–ˆ    | 6/10 [18:36<12:32, 188.18s/it][A[A
 30%|â–ˆâ–ˆâ–ˆ       | 3/10 [09:06<21:28, 184.01s/it][A

 70%|â–ˆâ–ˆâ–ˆâ–ˆâ–ˆâ–ˆâ–ˆ   | 7/10 [21:51<09:30, 190.33s/it][A[A 80%|â–ˆâ–ˆâ–ˆâ–ˆâ–ˆâ–ˆâ–ˆâ–ˆ  | 8/10 [25:33<06:27, 193.52s/it]
 40%|â–ˆâ–ˆâ–ˆâ–ˆ      | 4/10 [12:16<18:38, 186.34s/it][A

 80%|â–ˆâ–ˆâ–ˆâ–ˆâ–ˆâ–ˆâ–ˆâ–ˆ  | 8/10 [25:05<06:23, 191.51s/it][A[A 90%|â–ˆâ–ˆâ–ˆâ–ˆâ–ˆâ–ˆâ–ˆâ–ˆâ–ˆ | 9/10 [28:51<03:14, 194.91s/it]
 50%|â–ˆâ–ˆâ–ˆâ–ˆâ–ˆ     | 5/10 [15:26<15:38, 187.78s/it][A

 90%|â–ˆâ–ˆâ–ˆâ–ˆâ–ˆâ–ˆâ–ˆâ–ˆâ–ˆ | 9/10 [28:20<03:12, 192.57s/it][A[A100%|â–ˆâ–ˆâ–ˆâ–ˆâ–ˆâ–ˆâ–ˆâ–ˆâ–ˆâ–ˆ| 10/10 [32:07<00:00, 195.28s/it]100%|â–ˆâ–ˆâ–ˆâ–ˆâ–ˆâ–ˆâ–ˆâ–ˆâ–ˆâ–ˆ| 10/10 [32:07<00:00, 192.76s/it]
[32m[I 2022-04-06 20:14:59,655][0m Trial 57 finished with value: 0.4504150283966798 and parameters: {'emb_size': 100, 'hidden_size': 256, 'fc_size': 64, 'num_layers': 2, 'dropout_rnn': 0.2517392375668104, 'dropout_fc': 0.5907193854265312, 'learning_rate': 0.0013876394041861155, 'l2_reg': 0.00297352110664172}. Best is trial 7 with value: 0.46741663026066693.[0m

 60%|â–ˆâ–ˆâ–ˆâ–ˆâ–ˆâ–ˆ    | 6/10 [18:35<12:32, 188.07s/it][A

100%|â–ˆâ–ˆâ–ˆâ–ˆâ–ˆâ–ˆâ–ˆâ–ˆâ–ˆâ–ˆ| 10/10 [31:32<00:00, 192.48s/it][A[A100%|â–ˆâ–ˆâ–ˆâ–ˆâ–ˆâ–ˆâ–ˆâ–ˆâ–ˆâ–ˆ| 10/10 [31:32<00:00, 189.28s/it]
[32m[I 2022-04-06 20:18:05,657][0m Trial 58 finished with value: 0.450378622396971 and parameters: {'emb_size': 100, 'hidden_size': 256, 'fc_size': 64, 'num_layers': 2, 'dropout_rnn': 0.2529723522437808, 'dropout_fc': 0.6001865471909021, 'learning_rate': 0.008434421211231738, 'l2_reg': 0.0051667724174475245}. Best is trial 7 with value: 0.46741663026066693.[0m

 70%|â–ˆâ–ˆâ–ˆâ–ˆâ–ˆâ–ˆâ–ˆ   | 7/10 [21:38<09:19, 186.62s/it][A
 80%|â–ˆâ–ˆâ–ˆâ–ˆâ–ˆâ–ˆâ–ˆâ–ˆ  | 8/10 [24:37<06:07, 183.95s/it][A
 90%|â–ˆâ–ˆâ–ˆâ–ˆâ–ˆâ–ˆâ–ˆâ–ˆâ–ˆ | 9/10 [27:33<03:01, 181.50s/it][A
100%|â–ˆâ–ˆâ–ˆâ–ˆâ–ˆâ–ˆâ–ˆâ–ˆâ–ˆâ–ˆ| 10/10 [30:29<00:00, 179.93s/it][A100%|â–ˆâ–ˆâ–ˆâ–ˆâ–ˆâ–ˆâ–ˆâ–ˆâ–ˆâ–ˆ| 10/10 [30:29<00:00, 182.96s/it]
[32m[I 2022-04-06 20:28:09,455][0m Trial 59 finished with value: 0.4505606523955148 and parameters: {'emb_size': 100, 'hidden_size': 256, 'fc_size': 64, 'num_layers': 2, 'dropout_rnn': 0.2507353327251949, 'dropout_fc': 0.6063909346301434, 'learning_rate': 0.0016003855667757428, 'l2_reg': 0.0029208837142947757}. Best is trial 7 with value: 0.46741663026066693.[0m
