[nltk_data] Downloading package punkt to
[nltk_data]     /home/mainakbiswas/nltk_data...
[nltk_data]   Package punkt is already up-to-date!
[nltk_data] Downloading package stopwords to
[nltk_data]     /home/mainakbiswas/nltk_data...
[nltk_data]   Package stopwords is already up-to-date!
[32m[I 2022-04-05 12:37:37,920][0m A new study created in memory with name: no-name-5de7299f-d4b1-4405-95ca-c5d4f4de72d7[0m
/opt/anaconda3/lib/python3.6/site-packages/optuna/study/study.py:397: FutureWarning: `n_jobs` argument has been deprecated in v2.7.0. This feature will be removed in v4.0.0. See https://github.com/optuna/optuna/releases/tag/v2.7.0.
  FutureWarning,
  0%|          | 0/10 [00:00<?, ?it/s]
  0%|          | 0/10 [00:00<?, ?it/s][A

  0%|          | 0/10 [00:00<?, ?it/s][A[A 10%|â–ˆ         | 1/10 [01:53<17:00, 113.43s/it]

 10%|â–ˆ         | 1/10 [01:55<17:15, 115.09s/it][A[A
 10%|â–ˆ         | 1/10 [02:25<21:48, 145.42s/it][A 20%|â–ˆâ–ˆ        | 2/10 [03:46<15:04, 113.04s/it]

 20%|â–ˆâ–ˆ        | 2/10 [03:49<15:15, 114.45s/it][A[A
 20%|â–ˆâ–ˆ        | 2/10 [04:48<19:11, 143.90s/it][A 30%|â–ˆâ–ˆâ–ˆ       | 3/10 [05:39<13:13, 113.35s/it]

 30%|â–ˆâ–ˆâ–ˆ       | 3/10 [05:41<13:15, 113.63s/it][A[A
 30%|â–ˆâ–ˆâ–ˆ       | 3/10 [07:12<16:49, 144.22s/it][A 40%|â–ˆâ–ˆâ–ˆâ–ˆ      | 4/10 [07:33<11:21, 113.55s/it]

 40%|â–ˆâ–ˆâ–ˆâ–ˆ      | 4/10 [07:35<11:21, 113.66s/it][A[A 50%|â–ˆâ–ˆâ–ˆâ–ˆâ–ˆ     | 5/10 [09:26<09:26, 113.39s/it]

 50%|â–ˆâ–ˆâ–ˆâ–ˆâ–ˆ     | 5/10 [09:29<09:28, 113.76s/it][A[A
 40%|â–ˆâ–ˆâ–ˆâ–ˆ      | 4/10 [09:38<14:28, 144.77s/it][A 60%|â–ˆâ–ˆâ–ˆâ–ˆâ–ˆâ–ˆ    | 6/10 [11:20<07:33, 113.41s/it]

 60%|â–ˆâ–ˆâ–ˆâ–ˆâ–ˆâ–ˆ    | 6/10 [11:23<07:35, 113.91s/it][A[A
 50%|â–ˆâ–ˆâ–ˆâ–ˆâ–ˆ     | 5/10 [12:04<12:05, 145.13s/it][A 70%|â–ˆâ–ˆâ–ˆâ–ˆâ–ˆâ–ˆâ–ˆ   | 7/10 [13:14<05:41, 113.73s/it]

 70%|â–ˆâ–ˆâ–ˆâ–ˆâ–ˆâ–ˆâ–ˆ   | 7/10 [13:19<05:43, 114.43s/it][A[A
 60%|â–ˆâ–ˆâ–ˆâ–ˆâ–ˆâ–ˆ    | 6/10 [14:29<09:40, 145.17s/it][A 80%|â–ˆâ–ˆâ–ˆâ–ˆâ–ˆâ–ˆâ–ˆâ–ˆ  | 8/10 [15:09<03:47, 113.98s/it]

 80%|â–ˆâ–ˆâ–ˆâ–ˆâ–ˆâ–ˆâ–ˆâ–ˆ  | 8/10 [15:14<03:49, 114.68s/it][A[A
 70%|â–ˆâ–ˆâ–ˆâ–ˆâ–ˆâ–ˆâ–ˆ   | 7/10 [16:56<07:17, 145.78s/it][A 90%|â–ˆâ–ˆâ–ˆâ–ˆâ–ˆâ–ˆâ–ˆâ–ˆâ–ˆ | 9/10 [17:04<01:54, 114.39s/it]

 90%|â–ˆâ–ˆâ–ˆâ–ˆâ–ˆâ–ˆâ–ˆâ–ˆâ–ˆ | 9/10 [17:09<01:54, 114.95s/it][A[A100%|â–ˆâ–ˆâ–ˆâ–ˆâ–ˆâ–ˆâ–ˆâ–ˆâ–ˆâ–ˆ| 10/10 [18:57<00:00, 114.02s/it]100%|â–ˆâ–ˆâ–ˆâ–ˆâ–ˆâ–ˆâ–ˆâ–ˆâ–ˆâ–ˆ| 10/10 [18:57<00:00, 113.77s/it]
[32m[I 2022-04-05 12:56:51,616][0m Trial 2 finished with value: 0.3829911169360711 and parameters: {'emb_size': 100, 'hidden_size': 256, 'fc_size': 64, 'num_layers': 2, 'dropout_rnn': 0.6098609258204468, 'dropout_fc': 0.8421655746660082, 'learning_rate': 1e-05, 'l2_reg': 0.001}. Best is trial 2 with value: 0.3829911169360711.[0m
  0%|          | 0/10 [00:00<?, ?it/s]

100%|â–ˆâ–ˆâ–ˆâ–ˆâ–ˆâ–ˆâ–ˆâ–ˆâ–ˆâ–ˆ| 10/10 [19:02<00:00, 114.31s/it][A[A100%|â–ˆâ–ˆâ–ˆâ–ˆâ–ˆâ–ˆâ–ˆâ–ˆâ–ˆâ–ˆ| 10/10 [19:02<00:00, 114.27s/it]
[32m[I 2022-04-05 12:56:56,434][0m Trial 0 finished with value: 0.4030144167758847 and parameters: {'emb_size': 100, 'hidden_size': 128, 'fc_size': 128, 'num_layers': 2, 'dropout_rnn': 0.6803824569018668, 'dropout_fc': 0.5587046944891162, 'learning_rate': 1e-05, 'l2_reg': 0.001}. Best is trial 0 with value: 0.4030144167758847.[0m


  0%|          | 0/10 [00:00<?, ?it/s][A[A
 80%|â–ˆâ–ˆâ–ˆâ–ˆâ–ˆâ–ˆâ–ˆâ–ˆ  | 8/10 [19:21<04:50, 145.39s/it][A

 10%|â–ˆ         | 1/10 [01:51<16:43, 111.45s/it][A[A 10%|â–ˆ         | 1/10 [02:22<21:23, 142.65s/it]
 90%|â–ˆâ–ˆâ–ˆâ–ˆâ–ˆâ–ˆâ–ˆâ–ˆâ–ˆ | 9/10 [21:44<02:24, 144.82s/it][A

 20%|â–ˆâ–ˆ        | 2/10 [03:40<14:42, 110.26s/it][A[A 20%|â–ˆâ–ˆ        | 2/10 [04:43<18:52, 141.51s/it]
100%|â–ˆâ–ˆâ–ˆâ–ˆâ–ˆâ–ˆâ–ˆâ–ˆâ–ˆâ–ˆ| 10/10 [24:07<00:00, 144.11s/it][A100%|â–ˆâ–ˆâ–ˆâ–ˆâ–ˆâ–ˆâ–ˆâ–ˆâ–ˆâ–ˆ| 10/10 [24:07<00:00, 144.72s/it]
[32m[I 2022-04-05 13:02:01,785][0m Trial 1 finished with value: 0.4075651667394787 and parameters: {'emb_size': 200, 'hidden_size': 128, 'fc_size': 64, 'num_layers': 3, 'dropout_rnn': 0.6433158022698375, 'dropout_fc': 0.45075421652182524, 'learning_rate': 1e-05, 'l2_reg': 0.001}. Best is trial 1 with value: 0.4075651667394787.[0m

  0%|          | 0/10 [00:00<?, ?it/s][A

 30%|â–ˆâ–ˆâ–ˆ       | 3/10 [05:32<12:54, 110.69s/it][A[A 30%|â–ˆâ–ˆâ–ˆ       | 3/10 [06:59<16:13, 139.02s/it]

 40%|â–ˆâ–ˆâ–ˆâ–ˆ      | 4/10 [07:20<10:59, 109.98s/it][A[A
 10%|â–ˆ         | 1/10 [02:20<21:06, 140.71s/it][A 40%|â–ˆâ–ˆâ–ˆâ–ˆ      | 4/10 [09:13<13:41, 137.00s/it]

 50%|â–ˆâ–ˆâ–ˆâ–ˆâ–ˆ     | 5/10 [09:09<09:06, 109.37s/it][A[A
 20%|â–ˆâ–ˆ        | 2/10 [04:41<18:46, 140.81s/it][A

 60%|â–ˆâ–ˆâ–ˆâ–ˆâ–ˆâ–ˆ    | 6/10 [10:59<07:18, 109.59s/it][A[A 50%|â–ˆâ–ˆâ–ˆâ–ˆâ–ˆ     | 5/10 [11:35<11:34, 138.84s/it]
 30%|â–ˆâ–ˆâ–ˆ       | 3/10 [07:05<16:34, 142.07s/it][A

 70%|â–ˆâ–ˆâ–ˆâ–ˆâ–ˆâ–ˆâ–ˆ   | 7/10 [12:49<05:29, 109.93s/it][A[A 60%|â–ˆâ–ˆâ–ˆâ–ˆâ–ˆâ–ˆ    | 6/10 [13:57<09:19, 139.85s/it]
 40%|â–ˆâ–ˆâ–ˆâ–ˆ      | 4/10 [09:28<14:15, 142.63s/it][A

 80%|â–ˆâ–ˆâ–ˆâ–ˆâ–ˆâ–ˆâ–ˆâ–ˆ  | 8/10 [14:40<03:40, 110.30s/it][A[A 70%|â–ˆâ–ˆâ–ˆâ–ˆâ–ˆâ–ˆâ–ˆ   | 7/10 [16:20<07:02, 140.98s/it]

 90%|â–ˆâ–ˆâ–ˆâ–ˆâ–ˆâ–ˆâ–ˆâ–ˆâ–ˆ | 9/10 [16:32<01:50, 110.81s/it][A[A
 50%|â–ˆâ–ˆâ–ˆâ–ˆâ–ˆ     | 5/10 [11:52<11:56, 143.23s/it][A

100%|â–ˆâ–ˆâ–ˆâ–ˆâ–ˆâ–ˆâ–ˆâ–ˆâ–ˆâ–ˆ| 10/10 [18:21<00:00, 110.11s/it][A[A100%|â–ˆâ–ˆâ–ˆâ–ˆâ–ˆâ–ˆâ–ˆâ–ˆâ–ˆâ–ˆ| 10/10 [18:21<00:00, 110.15s/it]
[32m[I 2022-04-05 13:15:19,352][0m Trial 4 finished with value: 0.39307557885539535 and parameters: {'emb_size': 100, 'hidden_size': 128, 'fc_size': 64, 'num_layers': 2, 'dropout_rnn': 0.6282862877193176, 'dropout_fc': 0.2991463085555617, 'learning_rate': 1e-05, 'l2_reg': 0.001}. Best is trial 1 with value: 0.4075651667394787.[0m


  0%|          | 0/10 [00:00<?, ?it/s][A[A 80%|â–ˆâ–ˆâ–ˆâ–ˆâ–ˆâ–ˆâ–ˆâ–ˆ  | 8/10 [18:41<04:41, 141.00s/it]
 60%|â–ˆâ–ˆâ–ˆâ–ˆâ–ˆâ–ˆ    | 6/10 [14:16<09:33, 143.27s/it][A

 10%|â–ˆ         | 1/10 [02:22<21:24, 142.70s/it][A[A 90%|â–ˆâ–ˆâ–ˆâ–ˆâ–ˆâ–ˆâ–ˆâ–ˆâ–ˆ | 9/10 [21:04<02:21, 141.50s/it]
 70%|â–ˆâ–ˆâ–ˆâ–ˆâ–ˆâ–ˆâ–ˆ   | 7/10 [16:40<07:10, 143.59s/it][A

 20%|â–ˆâ–ˆ        | 2/10 [04:44<18:59, 142.43s/it][A[A100%|â–ˆâ–ˆâ–ˆâ–ˆâ–ˆâ–ˆâ–ˆâ–ˆâ–ˆâ–ˆ| 10/10 [23:25<00:00, 141.54s/it]100%|â–ˆâ–ˆâ–ˆâ–ˆâ–ˆâ–ˆâ–ˆâ–ˆâ–ˆâ–ˆ| 10/10 [23:25<00:00, 140.58s/it]
[32m[I 2022-04-05 13:20:19,893][0m Trial 3 finished with value: 0.41477355468181154 and parameters: {'emb_size': 100, 'hidden_size': 128, 'fc_size': 128, 'num_layers': 3, 'dropout_rnn': 0.6659137674798608, 'dropout_fc': 0.6807516654566926, 'learning_rate': 1e-05, 'l2_reg': 0.001}. Best is trial 3 with value: 0.41477355468181154.[0m
  0%|          | 0/10 [00:00<?, ?it/s]
 80%|â–ˆâ–ˆâ–ˆâ–ˆâ–ˆâ–ˆâ–ˆâ–ˆ  | 8/10 [19:03<04:46, 143.23s/it][A 10%|â–ˆ         | 1/10 [01:49<16:22, 109.15s/it]

 30%|â–ˆâ–ˆâ–ˆ       | 3/10 [07:06<16:33, 141.94s/it][A[A
 90%|â–ˆâ–ˆâ–ˆâ–ˆâ–ˆâ–ˆâ–ˆâ–ˆâ–ˆ | 9/10 [21:25<02:22, 142.88s/it][A 20%|â–ˆâ–ˆ        | 2/10 [03:38<14:31, 108.97s/it]

 40%|â–ˆâ–ˆâ–ˆâ–ˆ      | 4/10 [09:27<14:10, 141.72s/it][A[A 30%|â–ˆâ–ˆâ–ˆ       | 3/10 [05:27<12:44, 109.17s/it]
100%|â–ˆâ–ˆâ–ˆâ–ˆâ–ˆâ–ˆâ–ˆâ–ˆâ–ˆâ–ˆ| 10/10 [23:47<00:00, 142.83s/it][A100%|â–ˆâ–ˆâ–ˆâ–ˆâ–ˆâ–ˆâ–ˆâ–ˆâ–ˆâ–ˆ| 10/10 [23:47<00:00, 142.78s/it]
[32m[I 2022-04-05 13:25:52,540][0m Trial 5 finished with value: 0.43891073248871415 and parameters: {'emb_size': 200, 'hidden_size': 256, 'fc_size': 128, 'num_layers': 3, 'dropout_rnn': 0.2364465883978501, 'dropout_fc': 0.5960465954561494, 'learning_rate': 1e-05, 'l2_reg': 0.001}. Best is trial 5 with value: 0.43891073248871415.[0m

  0%|          | 0/10 [00:00<?, ?it/s][A

 50%|â–ˆâ–ˆâ–ˆâ–ˆâ–ˆ     | 5/10 [11:49<11:49, 141.82s/it][A[A 40%|â–ˆâ–ˆâ–ˆâ–ˆ      | 4/10 [07:21<11:06, 111.05s/it]
 10%|â–ˆ         | 1/10 [01:54<17:07, 114.15s/it][A

 60%|â–ˆâ–ˆâ–ˆâ–ˆâ–ˆâ–ˆ    | 6/10 [14:12<09:28, 142.04s/it][A[A 50%|â–ˆâ–ˆâ–ˆâ–ˆâ–ˆ     | 5/10 [09:15<09:20, 112.17s/it]
 20%|â–ˆâ–ˆ        | 2/10 [03:49<15:17, 114.65s/it][A 60%|â–ˆâ–ˆâ–ˆâ–ˆâ–ˆâ–ˆ    | 6/10 [11:09<07:31, 112.92s/it]
 30%|â–ˆâ–ˆâ–ˆ       | 3/10 [05:44<13:25, 115.02s/it][A

 70%|â–ˆâ–ˆâ–ˆâ–ˆâ–ˆâ–ˆâ–ˆ   | 7/10 [16:34<07:06, 142.17s/it][A[A 70%|â–ˆâ–ˆâ–ˆâ–ˆâ–ˆâ–ˆâ–ˆ   | 7/10 [13:03<05:39, 113.30s/it]
 40%|â–ˆâ–ˆâ–ˆâ–ˆ      | 4/10 [07:39<11:29, 114.90s/it][A

 80%|â–ˆâ–ˆâ–ˆâ–ˆâ–ˆâ–ˆâ–ˆâ–ˆ  | 8/10 [18:58<04:45, 142.60s/it][A[A 80%|â–ˆâ–ˆâ–ˆâ–ˆâ–ˆâ–ˆâ–ˆâ–ˆ  | 8/10 [14:58<03:47, 113.63s/it]
 50%|â–ˆâ–ˆâ–ˆâ–ˆâ–ˆ     | 5/10 [09:34<09:34, 114.96s/it][A

 90%|â–ˆâ–ˆâ–ˆâ–ˆâ–ˆâ–ˆâ–ˆâ–ˆâ–ˆ | 9/10 [21:21<02:22, 142.99s/it][A[A 90%|â–ˆâ–ˆâ–ˆâ–ˆâ–ˆâ–ˆâ–ˆâ–ˆâ–ˆ | 9/10 [16:53<01:54, 114.22s/it]
 60%|â–ˆâ–ˆâ–ˆâ–ˆâ–ˆâ–ˆ    | 6/10 [11:30<07:41, 115.29s/it][A

100%|â–ˆâ–ˆâ–ˆâ–ˆâ–ˆâ–ˆâ–ˆâ–ˆâ–ˆâ–ˆ| 10/10 [23:43<00:00, 142.69s/it][A[A100%|â–ˆâ–ˆâ–ˆâ–ˆâ–ˆâ–ˆâ–ˆâ–ˆâ–ˆâ–ˆ| 10/10 [23:43<00:00, 142.40s/it]
[32m[I 2022-04-05 13:39:06,124][0m Trial 6 finished with value: 0.413826998689384 and parameters: {'emb_size': 100, 'hidden_size': 256, 'fc_size': 64, 'num_layers': 3, 'dropout_rnn': 0.634507940091942, 'dropout_fc': 0.6212455933798116, 'learning_rate': 1e-05, 'l2_reg': 0.001}. Best is trial 5 with value: 0.43891073248871415.[0m


  0%|          | 0/10 [00:00<?, ?it/s][A[A100%|â–ˆâ–ˆâ–ˆâ–ˆâ–ˆâ–ˆâ–ˆâ–ˆâ–ˆâ–ˆ| 10/10 [18:47<00:00, 113.97s/it]100%|â–ˆâ–ˆâ–ˆâ–ˆâ–ˆâ–ˆâ–ˆâ–ˆâ–ˆâ–ˆ| 10/10 [18:47<00:00, 112.72s/it]
[32m[I 2022-04-05 13:39:08,577][0m Trial 7 finished with value: 0.390927624872579 and parameters: {'emb_size': 100, 'hidden_size': 128, 'fc_size': 128, 'num_layers': 2, 'dropout_rnn': 0.7889024229945878, 'dropout_fc': 0.6165071816875618, 'learning_rate': 1e-05, 'l2_reg': 0.001}. Best is trial 5 with value: 0.43891073248871415.[0m
  0%|          | 0/10 [00:00<?, ?it/s]
 70%|â–ˆâ–ˆâ–ˆâ–ˆâ–ˆâ–ˆâ–ˆ   | 7/10 [13:24<05:45, 115.07s/it][A
 80%|â–ˆâ–ˆâ–ˆâ–ˆâ–ˆâ–ˆâ–ˆâ–ˆ  | 8/10 [15:16<03:47, 113.94s/it][A

 10%|â–ˆ         | 1/10 [02:22<21:22, 142.54s/it][A[A 10%|â–ˆ         | 1/10 [02:22<21:18, 142.03s/it]
 90%|â–ˆâ–ˆâ–ˆâ–ˆâ–ˆâ–ˆâ–ˆâ–ˆâ–ˆ | 9/10 [17:08<01:53, 113.27s/it][A 20%|â–ˆâ–ˆ        | 2/10 [04:44<18:56, 142.05s/it]

 20%|â–ˆâ–ˆ        | 2/10 [04:46<19:08, 143.51s/it][A[A
100%|â–ˆâ–ˆâ–ˆâ–ˆâ–ˆâ–ˆâ–ˆâ–ˆâ–ˆâ–ˆ| 10/10 [18:59<00:00, 112.70s/it][A100%|â–ˆâ–ˆâ–ˆâ–ˆâ–ˆâ–ˆâ–ˆâ–ˆâ–ˆâ–ˆ| 10/10 [18:59<00:00, 113.97s/it]
[32m[I 2022-04-05 13:44:53,672][0m Trial 8 finished with value: 0.39409494684724045 and parameters: {'emb_size': 200, 'hidden_size': 128, 'fc_size': 64, 'num_layers': 2, 'dropout_rnn': 0.7925561217791437, 'dropout_fc': 0.5662731135291612, 'learning_rate': 1e-05, 'l2_reg': 0.001}. Best is trial 5 with value: 0.43891073248871415.[0m

  0%|          | 0/10 [00:00<?, ?it/s][A 30%|â–ˆâ–ˆâ–ˆ       | 3/10 [07:06<16:34, 142.04s/it]

 30%|â–ˆâ–ˆâ–ˆ       | 3/10 [07:09<16:42, 143.21s/it][A[A
 10%|â–ˆ         | 1/10 [01:51<16:44, 111.59s/it][A
 20%|â–ˆâ–ˆ        | 2/10 [03:41<14:44, 110.51s/it][A 40%|â–ˆâ–ˆâ–ˆâ–ˆ      | 4/10 [09:28<14:11, 142.00s/it]

 40%|â–ˆâ–ˆâ–ˆâ–ˆ      | 4/10 [09:31<14:17, 142.86s/it][A[A
 30%|â–ˆâ–ˆâ–ˆ       | 3/10 [05:31<12:52, 110.42s/it][A 50%|â–ˆâ–ˆâ–ˆâ–ˆâ–ˆ     | 5/10 [11:48<11:47, 141.41s/it]

 50%|â–ˆâ–ˆâ–ˆâ–ˆâ–ˆ     | 5/10 [11:54<11:53, 142.62s/it][A[A
 40%|â–ˆâ–ˆâ–ˆâ–ˆ      | 4/10 [07:23<11:05, 110.90s/it][A 60%|â–ˆâ–ˆâ–ˆâ–ˆâ–ˆâ–ˆ    | 6/10 [14:11<09:28, 142.13s/it]

 60%|â–ˆâ–ˆâ–ˆâ–ˆâ–ˆâ–ˆ    | 6/10 [14:18<09:32, 143.18s/it][A[A
 50%|â–ˆâ–ˆâ–ˆâ–ˆâ–ˆ     | 5/10 [09:15<09:17, 111.50s/it][A 70%|â–ˆâ–ˆâ–ˆâ–ˆâ–ˆâ–ˆâ–ˆ   | 7/10 [16:34<07:07, 142.41s/it]

 70%|â–ˆâ–ˆâ–ˆâ–ˆâ–ˆâ–ˆâ–ˆ   | 7/10 [16:42<07:10, 143.60s/it][A[A
 60%|â–ˆâ–ˆâ–ˆâ–ˆâ–ˆâ–ˆ    | 6/10 [11:08<07:27, 111.76s/it][A
 70%|â–ˆâ–ˆâ–ˆâ–ˆâ–ˆâ–ˆâ–ˆ   | 7/10 [13:00<05:35, 111.80s/it][A 80%|â–ˆâ–ˆâ–ˆâ–ˆâ–ˆâ–ˆâ–ˆâ–ˆ  | 8/10 [18:59<04:46, 143.15s/it]

 80%|â–ˆâ–ˆâ–ˆâ–ˆâ–ˆâ–ˆâ–ˆâ–ˆ  | 8/10 [19:06<04:46, 143.50s/it][A[A
 80%|â–ˆâ–ˆâ–ˆâ–ˆâ–ˆâ–ˆâ–ˆâ–ˆ  | 8/10 [14:52<03:43, 111.95s/it][A 90%|â–ˆâ–ˆâ–ˆâ–ˆâ–ˆâ–ˆâ–ˆâ–ˆâ–ˆ | 9/10 [21:22<02:23, 143.19s/it]

 90%|â–ˆâ–ˆâ–ˆâ–ˆâ–ˆâ–ˆâ–ˆâ–ˆâ–ˆ | 9/10 [21:29<02:23, 143.54s/it][A[A
 90%|â–ˆâ–ˆâ–ˆâ–ˆâ–ˆâ–ˆâ–ˆâ–ˆâ–ˆ | 9/10 [16:44<01:52, 112.11s/it][A100%|â–ˆâ–ˆâ–ˆâ–ˆâ–ˆâ–ˆâ–ˆâ–ˆâ–ˆâ–ˆ| 10/10 [23:47<00:00, 143.51s/it]100%|â–ˆâ–ˆâ–ˆâ–ˆâ–ˆâ–ˆâ–ˆâ–ˆâ–ˆâ–ˆ| 10/10 [23:47<00:00, 142.72s/it]
[32m[I 2022-04-05 14:02:58,814][0m Trial 10 finished with value: 0.4321392165428863 and parameters: {'emb_size': 100, 'hidden_size': 256, 'fc_size': 128, 'num_layers': 3, 'dropout_rnn': 0.2848845439192719, 'dropout_fc': 0.8768563903455109, 'learning_rate': 1e-05, 'l2_reg': 0.001}. Best is trial 5 with value: 0.43891073248871415.[0m
  0%|          | 0/10 [00:00<?, ?it/s]

100%|â–ˆâ–ˆâ–ˆâ–ˆâ–ˆâ–ˆâ–ˆâ–ˆâ–ˆâ–ˆ| 10/10 [23:54<00:00, 143.76s/it][A[A100%|â–ˆâ–ˆâ–ˆâ–ˆâ–ˆâ–ˆâ–ˆâ–ˆâ–ˆâ–ˆ| 10/10 [23:54<00:00, 143.40s/it]
[32m[I 2022-04-05 14:03:02,534][0m Trial 9 finished with value: 0.43144750254841996 and parameters: {'emb_size': 200, 'hidden_size': 128, 'fc_size': 64, 'num_layers': 3, 'dropout_rnn': 0.29922614681353704, 'dropout_fc': 0.6399237399860704, 'learning_rate': 1e-05, 'l2_reg': 0.001}. Best is trial 5 with value: 0.43891073248871415.[0m


  0%|          | 0/10 [00:00<?, ?it/s][A[A
100%|â–ˆâ–ˆâ–ˆâ–ˆâ–ˆâ–ˆâ–ˆâ–ˆâ–ˆâ–ˆ| 10/10 [18:37<00:00, 112.43s/it][A100%|â–ˆâ–ˆâ–ˆâ–ˆâ–ˆâ–ˆâ–ˆâ–ˆâ–ˆâ–ˆ| 10/10 [18:37<00:00, 111.79s/it]
[32m[I 2022-04-05 14:03:33,025][0m Trial 11 finished with value: 0.4217999126256007 and parameters: {'emb_size': 200, 'hidden_size': 128, 'fc_size': 128, 'num_layers': 2, 'dropout_rnn': 0.294222300469485, 'dropout_fc': 0.4626986767699939, 'learning_rate': 1e-05, 'l2_reg': 0.001}. Best is trial 5 with value: 0.43891073248871415.[0m

  0%|          | 0/10 [00:00<?, ?it/s][A 10%|â–ˆ         | 1/10 [02:23<21:30, 143.40s/it]

 10%|â–ˆ         | 1/10 [02:23<21:34, 143.78s/it][A[A
 10%|â–ˆ         | 1/10 [02:23<21:35, 143.94s/it][A 20%|â–ˆâ–ˆ        | 2/10 [04:46<19:04, 143.01s/it]

 20%|â–ˆâ–ˆ        | 2/10 [04:47<19:11, 143.96s/it][A[A
 20%|â–ˆâ–ˆ        | 2/10 [04:48<19:15, 144.50s/it][A 30%|â–ˆâ–ˆâ–ˆ       | 3/10 [07:07<16:37, 142.44s/it]

 30%|â–ˆâ–ˆâ–ˆ       | 3/10 [07:10<16:42, 143.21s/it][A[A
 30%|â–ˆâ–ˆâ–ˆ       | 3/10 [07:11<16:46, 143.84s/it][A 40%|â–ˆâ–ˆâ–ˆâ–ˆ      | 4/10 [09:30<14:15, 142.60s/it]

 40%|â–ˆâ–ˆâ–ˆâ–ˆ      | 4/10 [09:33<14:20, 143.40s/it][A[A
 40%|â–ˆâ–ˆâ–ˆâ–ˆ      | 4/10 [09:35<14:21, 143.63s/it][A 50%|â–ˆâ–ˆâ–ˆâ–ˆâ–ˆ     | 5/10 [11:53<11:52, 142.49s/it]

 50%|â–ˆâ–ˆâ–ˆâ–ˆâ–ˆ     | 5/10 [11:57<11:57, 143.43s/it][A[A
 50%|â–ˆâ–ˆâ–ˆâ–ˆâ–ˆ     | 5/10 [11:59<11:58, 143.77s/it][A 60%|â–ˆâ–ˆâ–ˆâ–ˆâ–ˆâ–ˆ    | 6/10 [14:15<09:29, 142.47s/it]

 60%|â–ˆâ–ˆâ–ˆâ–ˆâ–ˆâ–ˆ    | 6/10 [14:21<09:34, 143.72s/it][A[A
 60%|â–ˆâ–ˆâ–ˆâ–ˆâ–ˆâ–ˆ    | 6/10 [14:23<09:35, 143.93s/it][A 70%|â–ˆâ–ˆâ–ˆâ–ˆâ–ˆâ–ˆâ–ˆ   | 7/10 [16:39<07:08, 142.95s/it]

 70%|â–ˆâ–ˆâ–ˆâ–ˆâ–ˆâ–ˆâ–ˆ   | 7/10 [16:46<07:12, 144.19s/it][A[A
 70%|â–ˆâ–ˆâ–ˆâ–ˆâ–ˆâ–ˆâ–ˆ   | 7/10 [16:47<07:12, 144.07s/it][A 80%|â–ˆâ–ˆâ–ˆâ–ˆâ–ˆâ–ˆâ–ˆâ–ˆ  | 8/10 [19:02<04:45, 142.86s/it]

 80%|â–ˆâ–ˆâ–ˆâ–ˆâ–ˆâ–ˆâ–ˆâ–ˆ  | 8/10 [19:10<04:48, 144.01s/it][A[A
 80%|â–ˆâ–ˆâ–ˆâ–ˆâ–ˆâ–ˆâ–ˆâ–ˆ  | 8/10 [19:12<04:48, 144.25s/it][A 90%|â–ˆâ–ˆâ–ˆâ–ˆâ–ˆâ–ˆâ–ˆâ–ˆâ–ˆ | 9/10 [21:25<02:23, 143.01s/it]

 90%|â–ˆâ–ˆâ–ˆâ–ˆâ–ˆâ–ˆâ–ˆâ–ˆâ–ˆ | 9/10 [21:34<02:24, 144.07s/it][A[A
 90%|â–ˆâ–ˆâ–ˆâ–ˆâ–ˆâ–ˆâ–ˆâ–ˆâ–ˆ | 9/10 [21:37<02:24, 144.50s/it][A100%|â–ˆâ–ˆâ–ˆâ–ˆâ–ˆâ–ˆâ–ˆâ–ˆâ–ˆâ–ˆ| 10/10 [23:46<00:00, 142.44s/it]100%|â–ˆâ–ˆâ–ˆâ–ˆâ–ˆâ–ˆâ–ˆâ–ˆâ–ˆâ–ˆ| 10/10 [23:46<00:00, 142.66s/it]
[32m[I 2022-04-05 14:26:48,427][0m Trial 12 finished with value: 0.4385830784913354 and parameters: {'emb_size': 200, 'hidden_size': 256, 'fc_size': 128, 'num_layers': 3, 'dropout_rnn': 0.20522412846953142, 'dropout_fc': 0.39960964446448, 'learning_rate': 1e-05, 'l2_reg': 0.001}. Best is trial 5 with value: 0.43891073248871415.[0m
  0%|          | 0/10 [00:00<?, ?it/s]

100%|â–ˆâ–ˆâ–ˆâ–ˆâ–ˆâ–ˆâ–ˆâ–ˆâ–ˆâ–ˆ| 10/10 [23:51<00:00, 141.87s/it][A[A100%|â–ˆâ–ˆâ–ˆâ–ˆâ–ˆâ–ˆâ–ˆâ–ˆâ–ˆâ–ˆ| 10/10 [23:51<00:00, 143.16s/it]
[32m[I 2022-04-05 14:26:56,939][0m Trial 13 finished with value: 0.4125527886995777 and parameters: {'emb_size': 200, 'hidden_size': 256, 'fc_size': 128, 'num_layers': 3, 'dropout_rnn': 0.20052831186740733, 'dropout_fc': 0.8697105238165317, 'learning_rate': 1e-05, 'l2_reg': 0.001}. Best is trial 5 with value: 0.43891073248871415.[0m


  0%|          | 0/10 [00:00<?, ?it/s][A[A
100%|â–ˆâ–ˆâ–ˆâ–ˆâ–ˆâ–ˆâ–ˆâ–ˆâ–ˆâ–ˆ| 10/10 [24:00<00:00, 144.14s/it][A100%|â–ˆâ–ˆâ–ˆâ–ˆâ–ˆâ–ˆâ–ˆâ–ˆâ–ˆâ–ˆ| 10/10 [24:00<00:00, 144.08s/it]
[32m[I 2022-04-05 14:27:36,877][0m Trial 14 finished with value: 0.4084389107324887 and parameters: {'emb_size': 200, 'hidden_size': 256, 'fc_size': 128, 'num_layers': 3, 'dropout_rnn': 0.2175170679918053, 'dropout_fc': 0.8938827885303664, 'learning_rate': 1e-05, 'l2_reg': 0.001}. Best is trial 5 with value: 0.43891073248871415.[0m

  0%|          | 0/10 [00:00<?, ?it/s][A 10%|â–ˆ         | 1/10 [02:23<21:32, 143.61s/it]

 10%|â–ˆ         | 1/10 [02:20<21:07, 140.84s/it][A[A
 10%|â–ˆ         | 1/10 [02:23<21:28, 143.18s/it][A 20%|â–ˆâ–ˆ        | 2/10 [04:45<18:59, 142.40s/it]

 20%|â–ˆâ–ˆ        | 2/10 [04:42<18:51, 141.45s/it][A[A
 20%|â–ˆâ–ˆ        | 2/10 [04:44<18:57, 142.16s/it][A 30%|â–ˆâ–ˆâ–ˆ       | 3/10 [07:04<16:25, 140.80s/it]

 30%|â–ˆâ–ˆâ–ˆ       | 3/10 [07:02<16:24, 140.59s/it][A[A
 30%|â–ˆâ–ˆâ–ˆ       | 3/10 [07:06<16:32, 141.83s/it][A 40%|â–ˆâ–ˆâ–ˆâ–ˆ      | 4/10 [09:27<14:10, 141.69s/it]

 40%|â–ˆâ–ˆâ–ˆâ–ˆ      | 4/10 [09:26<14:12, 142.02s/it][A[A
 40%|â–ˆâ–ˆâ–ˆâ–ˆ      | 4/10 [09:30<14:16, 142.76s/it][A 50%|â–ˆâ–ˆâ–ˆâ–ˆâ–ˆ     | 5/10 [11:49<11:49, 141.82s/it]

 50%|â–ˆâ–ˆâ–ˆâ–ˆâ–ˆ     | 5/10 [11:49<11:52, 142.43s/it][A[A
 50%|â–ˆâ–ˆâ–ˆâ–ˆâ–ˆ     | 5/10 [11:54<11:56, 143.28s/it][A 60%|â–ˆâ–ˆâ–ˆâ–ˆâ–ˆâ–ˆ    | 6/10 [14:12<09:29, 142.39s/it]

 60%|â–ˆâ–ˆâ–ˆâ–ˆâ–ˆâ–ˆ    | 6/10 [14:13<09:31, 142.90s/it][A[A
 60%|â–ˆâ–ˆâ–ˆâ–ˆâ–ˆâ–ˆ    | 6/10 [14:18<09:34, 143.59s/it][A 70%|â–ˆâ–ˆâ–ˆâ–ˆâ–ˆâ–ˆâ–ˆ   | 7/10 [16:35<07:07, 142.62s/it]

 70%|â–ˆâ–ˆâ–ˆâ–ˆâ–ˆâ–ˆâ–ˆ   | 7/10 [16:37<07:09, 143.26s/it][A[A
 70%|â–ˆâ–ˆâ–ˆâ–ˆâ–ˆâ–ˆâ–ˆ   | 7/10 [16:42<07:10, 143.65s/it][A 80%|â–ˆâ–ˆâ–ˆâ–ˆâ–ˆâ–ˆâ–ˆâ–ˆ  | 8/10 [18:58<04:45, 142.58s/it]

 80%|â–ˆâ–ˆâ–ˆâ–ˆâ–ˆâ–ˆâ–ˆâ–ˆ  | 8/10 [19:01<04:46, 143.49s/it][A[A
 80%|â–ˆâ–ˆâ–ˆâ–ˆâ–ˆâ–ˆâ–ˆâ–ˆ  | 8/10 [19:04<04:46, 143.17s/it][A 90%|â–ˆâ–ˆâ–ˆâ–ˆâ–ˆâ–ˆâ–ˆâ–ˆâ–ˆ | 9/10 [21:19<02:22, 142.10s/it]

 90%|â–ˆâ–ˆâ–ˆâ–ˆâ–ˆâ–ˆâ–ˆâ–ˆâ–ˆ | 9/10 [21:22<02:22, 142.84s/it][A[A
 90%|â–ˆâ–ˆâ–ˆâ–ˆâ–ˆâ–ˆâ–ˆâ–ˆâ–ˆ | 9/10 [21:20<02:20, 140.77s/it][A100%|â–ˆâ–ˆâ–ˆâ–ˆâ–ˆâ–ˆâ–ˆâ–ˆâ–ˆâ–ˆ| 10/10 [23:39<00:00, 141.44s/it]100%|â–ˆâ–ˆâ–ˆâ–ˆâ–ˆâ–ˆâ–ˆâ–ˆâ–ˆâ–ˆ| 10/10 [23:39<00:00, 141.93s/it]
[32m[I 2022-04-05 14:50:30,710][0m Trial 15 finished with value: 0.4486311344109509 and parameters: {'emb_size': 200, 'hidden_size': 256, 'fc_size': 128, 'num_layers': 3, 'dropout_rnn': 0.2031180979700503, 'dropout_fc': 0.20040881380226663, 'learning_rate': 1e-05, 'l2_reg': 0.001}. Best is trial 15 with value: 0.4486311344109509.[0m
  0%|          | 0/10 [00:00<?, ?it/s]

100%|â–ˆâ–ˆâ–ˆâ–ˆâ–ˆâ–ˆâ–ˆâ–ˆâ–ˆâ–ˆ| 10/10 [23:44<00:00, 142.56s/it][A[A100%|â–ˆâ–ˆâ–ˆâ–ˆâ–ˆâ–ˆâ–ˆâ–ˆâ–ˆâ–ˆ| 10/10 [23:44<00:00, 142.48s/it]
[32m[I 2022-04-05 14:50:44,663][0m Trial 16 finished with value: 0.43577981651376146 and parameters: {'emb_size': 200, 'hidden_size': 256, 'fc_size': 128, 'num_layers': 3, 'dropout_rnn': 0.42732289320013483, 'dropout_fc': 0.23095963068772138, 'learning_rate': 1e-05, 'l2_reg': 0.001}. Best is trial 15 with value: 0.4486311344109509.[0m


  0%|          | 0/10 [00:00<?, ?it/s][A[A
100%|â–ˆâ–ˆâ–ˆâ–ˆâ–ˆâ–ˆâ–ˆâ–ˆâ–ˆâ–ˆ| 10/10 [23:44<00:00, 141.80s/it][A100%|â–ˆâ–ˆâ–ˆâ–ˆâ–ˆâ–ˆâ–ˆâ–ˆâ–ˆâ–ˆ| 10/10 [23:44<00:00, 142.42s/it]
