[32m[I 2022-04-05 14:51:23,953][0m Trial 17 finished with value: 0.43778214649774283 and parameters: {'emb_size': 200, 'hidden_size': 256, 'fc_size': 128, 'num_layers': 3, 'dropout_rnn': 0.4010429626035158, 'dropout_fc': 0.2458022280998013, 'learning_rate': 1e-05, 'l2_reg': 0.001}. Best is trial 15 with value: 0.4486311344109509.[0m

  0%|          | 0/10 [00:00<?, ?it/s][A 10%|â–ˆ         | 1/10 [02:24<21:44, 144.92s/it]

 10%|â–ˆ         | 1/10 [02:24<21:39, 144.38s/it][A[A
 10%|â–ˆ         | 1/10 [02:25<21:50, 145.57s/it][A 20%|â–ˆâ–ˆ        | 2/10 [04:45<19:00, 142.53s/it]

 20%|â–ˆâ–ˆ        | 2/10 [04:45<18:59, 142.47s/it][A[A
 20%|â–ˆâ–ˆ        | 2/10 [04:47<19:07, 143.45s/it][A 30%|â–ˆâ–ˆâ–ˆ       | 3/10 [07:07<16:34, 142.05s/it]

 30%|â–ˆâ–ˆâ–ˆ       | 3/10 [07:07<16:35, 142.21s/it][A[A
 30%|â–ˆâ–ˆâ–ˆ       | 3/10 [07:10<16:41, 143.07s/it][A 40%|â–ˆâ–ˆâ–ˆâ–ˆ      | 4/10 [09:28<14:09, 141.55s/it]

 40%|â–ˆâ–ˆâ–ˆâ–ˆ      | 4/10 [09:30<14:14, 142.40s/it][A[A
 40%|â–ˆâ–ˆâ–ˆâ–ˆ      | 4/10 [09:32<14:17, 142.92s/it][A 50%|â–ˆâ–ˆâ–ˆâ–ˆâ–ˆ     | 5/10 [11:49<11:48, 141.66s/it]

 50%|â–ˆâ–ˆâ–ˆâ–ˆâ–ˆ     | 5/10 [11:53<11:54, 142.90s/it][A[A
 50%|â–ˆâ–ˆâ–ˆâ–ˆâ–ˆ     | 5/10 [11:55<11:53, 142.70s/it][A 60%|â–ˆâ–ˆâ–ˆâ–ˆâ–ˆâ–ˆ    | 6/10 [14:15<09:32, 143.06s/it]

 60%|â–ˆâ–ˆâ–ˆâ–ˆâ–ˆâ–ˆ    | 6/10 [14:20<09:36, 144.03s/it][A[A
 60%|â–ˆâ–ˆâ–ˆâ–ˆâ–ˆâ–ˆ    | 6/10 [14:22<09:37, 144.36s/it][A 70%|â–ˆâ–ˆâ–ˆâ–ˆâ–ˆâ–ˆâ–ˆ   | 7/10 [16:37<07:08, 142.68s/it]

 70%|â–ˆâ–ˆâ–ˆâ–ˆâ–ˆâ–ˆâ–ˆ   | 7/10 [16:43<07:11, 143.81s/it][A[A
 70%|â–ˆâ–ˆâ–ˆâ–ˆâ–ˆâ–ˆâ–ˆ   | 7/10 [16:44<07:10, 143.58s/it][A 80%|â–ˆâ–ˆâ–ˆâ–ˆâ–ˆâ–ˆâ–ˆâ–ˆ  | 8/10 [19:00<04:45, 142.86s/it]

 80%|â–ˆâ–ˆâ–ˆâ–ˆâ–ˆâ–ˆâ–ˆâ–ˆ  | 8/10 [19:07<04:47, 143.97s/it][A[A
 80%|â–ˆâ–ˆâ–ˆâ–ˆâ–ˆâ–ˆâ–ˆâ–ˆ  | 8/10 [19:07<04:46, 143.40s/it][A 90%|â–ˆâ–ˆâ–ˆâ–ˆâ–ˆâ–ˆâ–ˆâ–ˆâ–ˆ | 9/10 [21:21<02:22, 142.04s/it]

 90%|â–ˆâ–ˆâ–ˆâ–ˆâ–ˆâ–ˆâ–ˆâ–ˆâ–ˆ | 9/10 [21:27<02:22, 142.69s/it][A[A
 90%|â–ˆâ–ˆâ–ˆâ–ˆâ–ˆâ–ˆâ–ˆâ–ˆâ–ˆ | 9/10 [21:28<02:22, 142.65s/it][A100%|â–ˆâ–ˆâ–ˆâ–ˆâ–ˆâ–ˆâ–ˆâ–ˆâ–ˆâ–ˆ| 10/10 [23:41<00:00, 141.49s/it]100%|â–ˆâ–ˆâ–ˆâ–ˆâ–ˆâ–ˆâ–ˆâ–ˆâ–ˆâ–ˆ| 10/10 [23:41<00:00, 142.13s/it]
[32m[I 2022-04-05 15:14:14,959][0m Trial 18 finished with value: 0.4373452745012378 and parameters: {'emb_size': 200, 'hidden_size': 256, 'fc_size': 128, 'num_layers': 3, 'dropout_rnn': 0.4348852982977043, 'dropout_fc': 0.2685733313816762, 'learning_rate': 1e-05, 'l2_reg': 0.001}. Best is trial 15 with value: 0.4486311344109509.[0m
  0%|          | 0/10 [00:00<?, ?it/s]

100%|â–ˆâ–ˆâ–ˆâ–ˆâ–ˆâ–ˆâ–ˆâ–ˆâ–ˆâ–ˆ| 10/10 [23:48<00:00, 142.00s/it][A[A100%|â–ˆâ–ˆâ–ˆâ–ˆâ–ˆâ–ˆâ–ˆâ–ˆâ–ˆâ–ˆ| 10/10 [23:48<00:00, 142.81s/it]
[32m[I 2022-04-05 15:14:35,592][0m Trial 19 finished with value: 0.42107179263142563 and parameters: {'emb_size': 200, 'hidden_size': 256, 'fc_size': 128, 'num_layers': 3, 'dropout_rnn': 0.44082032075204397, 'dropout_fc': 0.7221171699747793, 'learning_rate': 1e-05, 'l2_reg': 0.001}. Best is trial 15 with value: 0.4486311344109509.[0m


  0%|          | 0/10 [00:00<?, ?it/s][A[A
100%|â–ˆâ–ˆâ–ˆâ–ˆâ–ˆâ–ˆâ–ˆâ–ˆâ–ˆâ–ˆ| 10/10 [23:51<00:00, 142.66s/it][A100%|â–ˆâ–ˆâ–ˆâ–ˆâ–ˆâ–ˆâ–ˆâ–ˆâ–ˆâ–ˆ| 10/10 [23:51<00:00, 143.14s/it]
[32m[I 2022-04-05 15:15:18,327][0m Trial 20 finished with value: 0.43283093053735255 and parameters: {'emb_size': 200, 'hidden_size': 256, 'fc_size': 128, 'num_layers': 3, 'dropout_rnn': 0.37537467122601637, 'dropout_fc': 0.7480294211430452, 'learning_rate': 1e-05, 'l2_reg': 0.001}. Best is trial 15 with value: 0.4486311344109509.[0m

  0%|          | 0/10 [00:00<?, ?it/s][A 10%|â–ˆ         | 1/10 [02:21<21:16, 141.85s/it]

 10%|â–ˆ         | 1/10 [02:14<20:14, 134.94s/it][A[A
 10%|â–ˆ         | 1/10 [02:19<20:56, 139.66s/it][A 20%|â–ˆâ–ˆ        | 2/10 [04:41<18:43, 140.43s/it]

 20%|â–ˆâ–ˆ        | 2/10 [04:36<18:29, 138.63s/it][A[A
 20%|â–ˆâ–ˆ        | 2/10 [04:43<18:56, 142.08s/it][A 30%|â–ˆâ–ˆâ–ˆ       | 3/10 [07:04<16:31, 141.57s/it]

 30%|â–ˆâ–ˆâ–ˆ       | 3/10 [07:00<16:28, 141.19s/it][A[A
 30%|â–ˆâ–ˆâ–ˆ       | 3/10 [07:07<16:41, 143.12s/it][A 40%|â–ˆâ–ˆâ–ˆâ–ˆ      | 4/10 [09:27<14:12, 142.06s/it]

 40%|â–ˆâ–ˆâ–ˆâ–ˆ      | 4/10 [09:23<14:12, 142.11s/it][A[A
 40%|â–ˆâ–ˆâ–ˆâ–ˆ      | 4/10 [09:30<14:17, 142.86s/it][A 50%|â–ˆâ–ˆâ–ˆâ–ˆâ–ˆ     | 5/10 [11:46<11:45, 141.05s/it]

 50%|â–ˆâ–ˆâ–ˆâ–ˆâ–ˆ     | 5/10 [11:44<11:46, 141.39s/it][A[A
 50%|â–ˆâ–ˆâ–ˆâ–ˆâ–ˆ     | 5/10 [11:50<11:49, 141.91s/it][A 60%|â–ˆâ–ˆâ–ˆâ–ˆâ–ˆâ–ˆ    | 6/10 [14:07<09:24, 141.05s/it]

 60%|â–ˆâ–ˆâ–ˆâ–ˆâ–ˆâ–ˆ    | 6/10 [14:05<09:26, 141.52s/it][A[A
 60%|â–ˆâ–ˆâ–ˆâ–ˆâ–ˆâ–ˆ    | 6/10 [14:13<09:28, 142.15s/it][A 70%|â–ˆâ–ˆâ–ˆâ–ˆâ–ˆâ–ˆâ–ˆ   | 7/10 [16:29<07:04, 141.53s/it]

 70%|â–ˆâ–ˆâ–ˆâ–ˆâ–ˆâ–ˆâ–ˆ   | 7/10 [16:29<07:06, 142.14s/it][A[A
 70%|â–ˆâ–ˆâ–ˆâ–ˆâ–ˆâ–ˆâ–ˆ   | 7/10 [16:36<07:07, 142.64s/it][A 80%|â–ˆâ–ˆâ–ˆâ–ˆâ–ˆâ–ˆâ–ˆâ–ˆ  | 8/10 [18:48<04:41, 140.66s/it]

 80%|â–ˆâ–ˆâ–ˆâ–ˆâ–ˆâ–ˆâ–ˆâ–ˆ  | 8/10 [18:49<04:43, 141.62s/it][A[A
 80%|â–ˆâ–ˆâ–ˆâ–ˆâ–ˆâ–ˆâ–ˆâ–ˆ  | 8/10 [18:57<04:44, 142.15s/it][A 90%|â–ˆâ–ˆâ–ˆâ–ˆâ–ˆâ–ˆâ–ˆâ–ˆâ–ˆ | 9/10 [21:09<02:20, 140.80s/it]

 90%|â–ˆâ–ˆâ–ˆâ–ˆâ–ˆâ–ˆâ–ˆâ–ˆâ–ˆ | 9/10 [21:12<02:21, 141.88s/it][A[A
 90%|â–ˆâ–ˆâ–ˆâ–ˆâ–ˆâ–ˆâ–ˆâ–ˆâ–ˆ | 9/10 [21:20<02:22, 142.27s/it][A100%|â–ˆâ–ˆâ–ˆâ–ˆâ–ˆâ–ˆâ–ˆâ–ˆâ–ˆâ–ˆ| 10/10 [23:32<00:00, 141.31s/it]100%|â–ˆâ–ˆâ–ˆâ–ˆâ–ˆâ–ˆâ–ˆâ–ˆâ–ˆâ–ˆ| 10/10 [23:32<00:00, 141.22s/it]
[32m[I 2022-04-05 15:37:50,192][0m Trial 21 finished with value: 0.4274064365807485 and parameters: {'emb_size': 200, 'hidden_size': 256, 'fc_size': 128, 'num_layers': 3, 'dropout_rnn': 0.35649001850926915, 'dropout_fc': 0.7867030795095147, 'learning_rate': 1e-05, 'l2_reg': 0.001}. Best is trial 15 with value: 0.4486311344109509.[0m
  0%|          | 0/10 [00:00<?, ?it/s]

100%|â–ˆâ–ˆâ–ˆâ–ˆâ–ˆâ–ˆâ–ˆâ–ˆâ–ˆâ–ˆ| 10/10 [23:35<00:00, 142.30s/it][A[A100%|â–ˆâ–ˆâ–ˆâ–ˆâ–ˆâ–ˆâ–ˆâ–ˆâ–ˆâ–ˆ| 10/10 [23:35<00:00, 141.54s/it]
[32m[I 2022-04-05 15:38:13,922][0m Trial 22 finished with value: 0.4211810106305519 and parameters: {'emb_size': 200, 'hidden_size': 256, 'fc_size': 128, 'num_layers': 3, 'dropout_rnn': 0.3633535425440382, 'dropout_fc': 0.7565431877573483, 'learning_rate': 1e-05, 'l2_reg': 0.001}. Best is trial 15 with value: 0.4486311344109509.[0m


  0%|          | 0/10 [00:00<?, ?it/s][A[A
100%|â–ˆâ–ˆâ–ˆâ–ˆâ–ˆâ–ˆâ–ˆâ–ˆâ–ˆâ–ˆ| 10/10 [23:46<00:00, 143.34s/it][A100%|â–ˆâ–ˆâ–ˆâ–ˆâ–ˆâ–ˆâ–ˆâ–ˆâ–ˆâ–ˆ| 10/10 [23:46<00:00, 142.61s/it]
[32m[I 2022-04-05 15:39:07,406][0m Trial 23 finished with value: 0.44695645842434834 and parameters: {'emb_size': 200, 'hidden_size': 256, 'fc_size': 128, 'num_layers': 3, 'dropout_rnn': 0.25230138621163356, 'dropout_fc': 0.34490117709837975, 'learning_rate': 1e-05, 'l2_reg': 0.001}. Best is trial 15 with value: 0.4486311344109509.[0m

  0%|          | 0/10 [00:00<?, ?it/s][A 10%|â–ˆ         | 1/10 [02:23<21:30, 143.35s/it]

 10%|â–ˆ         | 1/10 [02:23<21:33, 143.73s/it][A[A
 10%|â–ˆ         | 1/10 [02:23<21:28, 143.15s/it][A 20%|â–ˆâ–ˆ        | 2/10 [04:43<18:52, 141.57s/it]

 20%|â–ˆâ–ˆ        | 2/10 [04:44<18:55, 141.97s/it][A[A
 20%|â–ˆâ–ˆ        | 2/10 [04:44<18:54, 141.85s/it][A 30%|â–ˆâ–ˆâ–ˆ       | 3/10 [07:04<16:28, 141.17s/it]

 30%|â–ˆâ–ˆâ–ˆ       | 3/10 [07:05<16:29, 141.35s/it][A[A
 30%|â–ˆâ–ˆâ–ˆ       | 3/10 [07:05<16:31, 141.68s/it][A 40%|â–ˆâ–ˆâ–ˆâ–ˆ      | 4/10 [09:25<14:05, 140.99s/it]

 40%|â–ˆâ–ˆâ–ˆâ–ˆ      | 4/10 [09:26<14:08, 141.39s/it][A[A
 40%|â–ˆâ–ˆâ–ˆâ–ˆ      | 4/10 [09:27<14:10, 141.76s/it][A 50%|â–ˆâ–ˆâ–ˆâ–ˆâ–ˆ     | 5/10 [11:47<11:46, 141.36s/it]

 50%|â–ˆâ–ˆâ–ˆâ–ˆâ–ˆ     | 5/10 [11:49<11:49, 141.83s/it][A[A
 50%|â–ˆâ–ˆâ–ˆâ–ˆâ–ˆ     | 5/10 [11:49<11:50, 142.03s/it][A 60%|â–ˆâ–ˆâ–ˆâ–ˆâ–ˆâ–ˆ    | 6/10 [14:06<09:22, 140.69s/it]

 60%|â–ˆâ–ˆâ–ˆâ–ˆâ–ˆâ–ˆ    | 6/10 [14:08<09:23, 140.92s/it][A[A
 60%|â–ˆâ–ˆâ–ˆâ–ˆâ–ˆâ–ˆ    | 6/10 [14:09<09:24, 141.22s/it][A 70%|â–ˆâ–ˆâ–ˆâ–ˆâ–ˆâ–ˆâ–ˆ   | 7/10 [16:25<07:00, 140.12s/it]

 70%|â–ˆâ–ˆâ–ˆâ–ˆâ–ˆâ–ˆâ–ˆ   | 7/10 [16:28<07:01, 140.54s/it][A[A
 70%|â–ˆâ–ˆâ–ˆâ–ˆâ–ˆâ–ˆâ–ˆ   | 7/10 [16:31<07:04, 141.39s/it][A 80%|â–ˆâ–ˆâ–ˆâ–ˆâ–ˆâ–ˆâ–ˆâ–ˆ  | 8/10 [18:46<04:40, 140.46s/it]

 80%|â–ˆâ–ˆâ–ˆâ–ˆâ–ˆâ–ˆâ–ˆâ–ˆ  | 8/10 [18:50<04:42, 141.13s/it][A[A
 80%|â–ˆâ–ˆâ–ˆâ–ˆâ–ˆâ–ˆâ–ˆâ–ˆ  | 8/10 [18:53<04:43, 141.65s/it][A 90%|â–ˆâ–ˆâ–ˆâ–ˆâ–ˆâ–ˆâ–ˆâ–ˆâ–ˆ | 9/10 [21:06<02:20, 140.40s/it]

 90%|â–ˆâ–ˆâ–ˆâ–ˆâ–ˆâ–ˆâ–ˆâ–ˆâ–ˆ | 9/10 [21:11<02:21, 141.06s/it][A[A
 90%|â–ˆâ–ˆâ–ˆâ–ˆâ–ˆâ–ˆâ–ˆâ–ˆâ–ˆ | 9/10 [21:13<02:21, 141.27s/it][A100%|â–ˆâ–ˆâ–ˆâ–ˆâ–ˆâ–ˆâ–ˆâ–ˆâ–ˆâ–ˆ| 10/10 [23:28<00:00, 140.89s/it]100%|â–ˆâ–ˆâ–ˆâ–ˆâ–ˆâ–ˆâ–ˆâ–ˆâ–ˆâ–ˆ| 10/10 [23:28<00:00, 140.89s/it]
[32m[I 2022-04-05 16:01:22,168][0m Trial 24 finished with value: 0.44677442842580456 and parameters: {'emb_size': 200, 'hidden_size': 256, 'fc_size': 128, 'num_layers': 3, 'dropout_rnn': 0.2451689434345788, 'dropout_fc': 0.3489552810017965, 'learning_rate': 1e-05, 'l2_reg': 0.001}. Best is trial 15 with value: 0.4486311344109509.[0m
  0%|          | 0/10 [00:00<?, ?it/s]

100%|â–ˆâ–ˆâ–ˆâ–ˆâ–ˆâ–ˆâ–ˆâ–ˆâ–ˆâ–ˆ| 10/10 [23:34<00:00, 141.68s/it][A[A100%|â–ˆâ–ˆâ–ˆâ–ˆâ–ˆâ–ˆâ–ˆâ–ˆâ–ˆâ–ˆ| 10/10 [23:34<00:00, 141.44s/it]
[32m[I 2022-04-05 16:01:51,230][0m Trial 25 finished with value: 0.4413499344692005 and parameters: {'emb_size': 200, 'hidden_size': 256, 'fc_size': 128, 'num_layers': 3, 'dropout_rnn': 0.24932524687569133, 'dropout_fc': 0.35009838939344656, 'learning_rate': 1e-05, 'l2_reg': 0.001}. Best is trial 15 with value: 0.4486311344109509.[0m


  0%|          | 0/10 [00:00<?, ?it/s][A[A
100%|â–ˆâ–ˆâ–ˆâ–ˆâ–ˆâ–ˆâ–ˆâ–ˆâ–ˆâ–ˆ| 10/10 [23:38<00:00, 142.18s/it][A100%|â–ˆâ–ˆâ–ˆâ–ˆâ–ˆâ–ˆâ–ˆâ–ˆâ–ˆâ–ˆ| 10/10 [23:38<00:00, 141.82s/it]
[32m[I 2022-04-05 16:02:48,549][0m Trial 26 finished with value: 0.4227464686180282 and parameters: {'emb_size': 200, 'hidden_size': 256, 'fc_size': 128, 'num_layers': 3, 'dropout_rnn': 0.2587198538312288, 'dropout_fc': 0.3364958923442391, 'learning_rate': 1e-05, 'l2_reg': 0.001}. Best is trial 15 with value: 0.4486311344109509.[0m

  0%|          | 0/10 [00:00<?, ?it/s][A 10%|â–ˆ         | 1/10 [02:22<21:23, 142.66s/it]

 10%|â–ˆ         | 1/10 [02:22<21:21, 142.36s/it][A[A
 10%|â–ˆ         | 1/10 [02:22<21:22, 142.46s/it][A 20%|â–ˆâ–ˆ        | 2/10 [04:43<18:55, 141.88s/it]

 20%|â–ˆâ–ˆ        | 2/10 [04:42<18:49, 141.22s/it][A[A
 20%|â–ˆâ–ˆ        | 2/10 [04:42<18:46, 140.82s/it][A 30%|â–ˆâ–ˆâ–ˆ       | 3/10 [07:02<16:21, 140.16s/it]

 30%|â–ˆâ–ˆâ–ˆ       | 3/10 [07:00<16:18, 139.83s/it][A[A
 30%|â–ˆâ–ˆâ–ˆ       | 3/10 [07:00<16:16, 139.57s/it][A 40%|â–ˆâ–ˆâ–ˆâ–ˆ      | 4/10 [09:21<13:58, 139.70s/it]

 40%|â–ˆâ–ˆâ–ˆâ–ˆ      | 4/10 [09:21<13:59, 139.94s/it][A[A
 40%|â–ˆâ–ˆâ–ˆâ–ˆ      | 4/10 [09:22<14:03, 140.54s/it][A 50%|â–ˆâ–ˆâ–ˆâ–ˆâ–ˆ     | 5/10 [11:43<11:43, 140.76s/it]

 50%|â–ˆâ–ˆâ–ˆâ–ˆâ–ˆ     | 5/10 [11:44<11:46, 141.34s/it][A[A
 50%|â–ˆâ–ˆâ–ˆâ–ˆâ–ˆ     | 5/10 [11:46<11:50, 142.05s/it][A 60%|â–ˆâ–ˆâ–ˆâ–ˆâ–ˆâ–ˆ    | 6/10 [14:07<09:27, 141.81s/it]

 60%|â–ˆâ–ˆâ–ˆâ–ˆâ–ˆâ–ˆ    | 6/10 [14:08<09:28, 142.15s/it][A[A
 60%|â–ˆâ–ˆâ–ˆâ–ˆâ–ˆâ–ˆ    | 6/10 [14:11<09:31, 142.80s/it][A 70%|â–ˆâ–ˆâ–ˆâ–ˆâ–ˆâ–ˆâ–ˆ   | 7/10 [16:30<07:06, 142.08s/it]

 70%|â–ˆâ–ˆâ–ˆâ–ˆâ–ˆâ–ˆâ–ˆ   | 7/10 [16:32<07:08, 142.70s/it][A[A
 70%|â–ˆâ–ˆâ–ˆâ–ˆâ–ˆâ–ˆâ–ˆ   | 7/10 [16:34<07:08, 142.92s/it][A 80%|â–ˆâ–ˆâ–ˆâ–ˆâ–ˆâ–ˆâ–ˆâ–ˆ  | 8/10 [18:51<04:43, 141.84s/it]

 80%|â–ˆâ–ˆâ–ˆâ–ˆâ–ˆâ–ˆâ–ˆâ–ˆ  | 8/10 [18:54<04:44, 142.41s/it][A[A
 80%|â–ˆâ–ˆâ–ˆâ–ˆâ–ˆâ–ˆâ–ˆâ–ˆ  | 8/10 [18:57<04:46, 143.10s/it][A 90%|â–ˆâ–ˆâ–ˆâ–ˆâ–ˆâ–ˆâ–ˆâ–ˆâ–ˆ | 9/10 [21:13<02:21, 141.89s/it]

 90%|â–ˆâ–ˆâ–ˆâ–ˆâ–ˆâ–ˆâ–ˆâ–ˆâ–ˆ | 9/10 [21:18<02:22, 142.88s/it][A[A
 90%|â–ˆâ–ˆâ–ˆâ–ˆâ–ˆâ–ˆâ–ˆâ–ˆâ–ˆ | 9/10 [21:22<02:23, 143.52s/it][A100%|â–ˆâ–ˆâ–ˆâ–ˆâ–ˆâ–ˆâ–ˆâ–ˆâ–ˆâ–ˆ| 10/10 [23:36<00:00, 142.08s/it]100%|â–ˆâ–ˆâ–ˆâ–ˆâ–ˆâ–ˆâ–ˆâ–ˆâ–ˆâ–ˆ| 10/10 [23:36<00:00, 141.60s/it]
[32m[I 2022-04-05 16:25:01,277][0m Trial 27 finished with value: 0.43268530653851756 and parameters: {'emb_size': 200, 'hidden_size': 256, 'fc_size': 128, 'num_layers': 3, 'dropout_rnn': 0.5299549212408434, 'dropout_fc': 0.3273237688046483, 'learning_rate': 1e-05, 'l2_reg': 0.001}. Best is trial 15 with value: 0.4486311344109509.[0m
  0%|          | 0/10 [00:00<?, ?it/s]

100%|â–ˆâ–ˆâ–ˆâ–ˆâ–ˆâ–ˆâ–ˆâ–ˆâ–ˆâ–ˆ| 10/10 [23:41<00:00, 143.14s/it][A[A100%|â–ˆâ–ˆâ–ˆâ–ˆâ–ˆâ–ˆâ–ˆâ–ˆâ–ˆâ–ˆ| 10/10 [23:41<00:00, 142.19s/it]
[32m[I 2022-04-05 16:25:35,968][0m Trial 28 finished with value: 0.43756371049949033 and parameters: {'emb_size': 200, 'hidden_size': 256, 'fc_size': 128, 'num_layers': 3, 'dropout_rnn': 0.5264658098101138, 'dropout_fc': 0.20192806701478064, 'learning_rate': 1e-05, 'l2_reg': 0.001}. Best is trial 15 with value: 0.4486311344109509.[0m


  0%|          | 0/10 [00:00<?, ?it/s][A[A
100%|â–ˆâ–ˆâ–ˆâ–ˆâ–ˆâ–ˆâ–ˆâ–ˆâ–ˆâ–ˆ| 10/10 [23:45<00:00, 143.45s/it][A100%|â–ˆâ–ˆâ–ˆâ–ˆâ–ˆâ–ˆâ–ˆâ–ˆâ–ˆâ–ˆ| 10/10 [23:45<00:00, 142.56s/it]
[32m[I 2022-04-05 16:26:37,114][0m Trial 29 finished with value: 0.4333042085335663 and parameters: {'emb_size': 200, 'hidden_size': 256, 'fc_size': 128, 'num_layers': 3, 'dropout_rnn': 0.5392612520878652, 'dropout_fc': 0.20013600420904545, 'learning_rate': 1e-05, 'l2_reg': 0.001}. Best is trial 15 with value: 0.4486311344109509.[0m

  0%|          | 0/10 [00:00<?, ?it/s][A 10%|â–ˆ         | 1/10 [02:21<21:16, 141.85s/it]

 10%|â–ˆ         | 1/10 [01:50<16:36, 110.68s/it][A[A
 10%|â–ˆ         | 1/10 [01:54<17:08, 114.25s/it][A

 20%|â–ˆâ–ˆ        | 2/10 [03:44<15:02, 112.75s/it][A[A 20%|â–ˆâ–ˆ        | 2/10 [04:43<18:52, 141.53s/it]
 20%|â–ˆâ–ˆ        | 2/10 [03:48<15:12, 114.01s/it][A

 30%|â–ˆâ–ˆâ–ˆ       | 3/10 [05:37<13:08, 112.71s/it][A[A 30%|â–ˆâ–ˆâ–ˆ       | 3/10 [07:03<16:25, 140.77s/it]
 30%|â–ˆâ–ˆâ–ˆ       | 3/10 [05:40<13:12, 113.19s/it][A

 40%|â–ˆâ–ˆâ–ˆâ–ˆ      | 4/10 [07:30<11:15, 112.65s/it][A[A
 40%|â–ˆâ–ˆâ–ˆâ–ˆ      | 4/10 [07:35<11:23, 113.92s/it][A 40%|â–ˆâ–ˆâ–ˆâ–ˆ      | 4/10 [09:24<14:06, 141.09s/it]

 50%|â–ˆâ–ˆâ–ˆâ–ˆâ–ˆ     | 5/10 [09:24<09:26, 113.27s/it][A[A
 50%|â–ˆâ–ˆâ–ˆâ–ˆâ–ˆ     | 5/10 [09:30<09:31, 114.35s/it][A 50%|â–ˆâ–ˆâ–ˆâ–ˆâ–ˆ     | 5/10 [11:47<11:48, 141.66s/it]

 60%|â–ˆâ–ˆâ–ˆâ–ˆâ–ˆâ–ˆ    | 6/10 [11:20<07:36, 114.20s/it][A[A
 60%|â–ˆâ–ˆâ–ˆâ–ˆâ–ˆâ–ˆ    | 6/10 [11:26<07:40, 115.07s/it][A

 70%|â–ˆâ–ˆâ–ˆâ–ˆâ–ˆâ–ˆâ–ˆ   | 7/10 [13:14<05:42, 114.30s/it][A[A 60%|â–ˆâ–ˆâ–ˆâ–ˆâ–ˆâ–ˆ    | 6/10 [14:08<09:26, 141.63s/it]
 70%|â–ˆâ–ˆâ–ˆâ–ˆâ–ˆâ–ˆâ–ˆ   | 7/10 [13:20<05:44, 114.70s/it][A

 80%|â–ˆâ–ˆâ–ˆâ–ˆâ–ˆâ–ˆâ–ˆâ–ˆ  | 8/10 [15:08<03:48, 114.07s/it][A[A 70%|â–ˆâ–ˆâ–ˆâ–ˆâ–ˆâ–ˆâ–ˆ   | 7/10 [16:29<07:03, 141.28s/it]
 80%|â–ˆâ–ˆâ–ˆâ–ˆâ–ˆâ–ˆâ–ˆâ–ˆ  | 8/10 [15:14<03:48, 114.43s/it][A

 90%|â–ˆâ–ˆâ–ˆâ–ˆâ–ˆâ–ˆâ–ˆâ–ˆâ–ˆ | 9/10 [17:02<01:53, 113.96s/it][A[A
 90%|â–ˆâ–ˆâ–ˆâ–ˆâ–ˆâ–ˆâ–ˆâ–ˆâ–ˆ | 9/10 [17:06<01:53, 113.75s/it][A 80%|â–ˆâ–ˆâ–ˆâ–ˆâ–ˆâ–ˆâ–ˆâ–ˆ  | 8/10 [18:49<04:41, 140.93s/it]

100%|â–ˆâ–ˆâ–ˆâ–ˆâ–ˆâ–ˆâ–ˆâ–ˆâ–ˆâ–ˆ| 10/10 [18:55<00:00, 113.67s/it][A[A100%|â–ˆâ–ˆâ–ˆâ–ˆâ–ˆâ–ˆâ–ˆâ–ˆâ–ˆâ–ˆ| 10/10 [18:55<00:00, 113.53s/it]
[32m[I 2022-04-05 16:44:32,937][0m Trial 31 finished with value: 0.41888743264890055 and parameters: {'emb_size': 200, 'hidden_size': 256, 'fc_size': 128, 'num_layers': 2, 'dropout_rnn': 0.3158022356735853, 'dropout_fc': 0.4862686684827028, 'learning_rate': 1e-05, 'l2_reg': 0.001}. Best is trial 15 with value: 0.4486311344109509.[0m


  0%|          | 0/10 [00:00<?, ?it/s][A[A
100%|â–ˆâ–ˆâ–ˆâ–ˆâ–ˆâ–ˆâ–ˆâ–ˆâ–ˆâ–ˆ| 10/10 [18:58<00:00, 113.13s/it][A100%|â–ˆâ–ˆâ–ˆâ–ˆâ–ˆâ–ˆâ–ˆâ–ˆâ–ˆâ–ˆ| 10/10 [18:58<00:00, 113.87s/it]
[32m[I 2022-04-05 16:45:37,687][0m Trial 32 finished with value: 0.4303917285568662 and parameters: {'emb_size': 200, 'hidden_size': 256, 'fc_size': 128, 'num_layers': 2, 'dropout_rnn': 0.33657941196676666, 'dropout_fc': 0.49626267891785336, 'learning_rate': 1e-05, 'l2_reg': 0.001}. Best is trial 15 with value: 0.4486311344109509.[0m

  0%|          | 0/10 [00:00<?, ?it/s][A 90%|â–ˆâ–ˆâ–ˆâ–ˆâ–ˆâ–ˆâ–ˆâ–ˆâ–ˆ | 9/10 [21:10<02:20, 140.87s/it]

 10%|â–ˆ         | 1/10 [02:20<21:04, 140.45s/it][A[A
 10%|â–ˆ         | 1/10 [02:20<21:08, 140.96s/it][A100%|â–ˆâ–ˆâ–ˆâ–ˆâ–ˆâ–ˆâ–ˆâ–ˆâ–ˆâ–ˆ| 10/10 [23:31<00:00, 140.99s/it]100%|â–ˆâ–ˆâ–ˆâ–ˆâ–ˆâ–ˆâ–ˆâ–ˆâ–ˆâ–ˆ| 10/10 [23:31<00:00, 141.16s/it]
[32m[I 2022-04-05 16:48:35,851][0m Trial 30 finished with value: 0.44859472841124215 and parameters: {'emb_size': 200, 'hidden_size': 256, 'fc_size': 128, 'num_layers': 3, 'dropout_rnn': 0.3155768533241434, 'dropout_fc': 0.2034358428842281, 'learning_rate': 1e-05, 'l2_reg': 0.001}. Best is trial 15 with value: 0.4486311344109509.[0m
  0%|          | 0/10 [00:00<?, ?it/s]

 20%|â–ˆâ–ˆ        | 2/10 [04:42<18:49, 141.19s/it][A[A
 20%|â–ˆâ–ˆ        | 2/10 [04:43<18:56, 142.06s/it][A 10%|â–ˆ         | 1/10 [02:21<21:12, 141.37s/it]

 30%|â–ˆâ–ˆâ–ˆ       | 3/10 [07:04<16:31, 141.69s/it][A[A
 30%|â–ˆâ–ˆâ–ˆ       | 3/10 [07:07<16:38, 142.64s/it][A 20%|â–ˆâ–ˆ        | 2/10 [04:42<18:50, 141.25s/it]

 40%|â–ˆâ–ˆâ–ˆâ–ˆ      | 4/10 [09:25<14:09, 141.52s/it][A[A
 40%|â–ˆâ–ˆâ–ˆâ–ˆ      | 4/10 [09:29<14:14, 142.38s/it][A 30%|â–ˆâ–ˆâ–ˆ       | 3/10 [07:03<16:29, 141.33s/it]

 50%|â–ˆâ–ˆâ–ˆâ–ˆâ–ˆ     | 5/10 [11:48<11:49, 141.85s/it][A[A
 50%|â–ˆâ–ˆâ–ˆâ–ˆâ–ˆ     | 5/10 [11:52<11:52, 142.57s/it][A 40%|â–ˆâ–ˆâ–ˆâ–ˆ      | 4/10 [09:24<14:07, 141.18s/it]

 60%|â–ˆâ–ˆâ–ˆâ–ˆâ–ˆâ–ˆ    | 6/10 [14:09<09:26, 141.66s/it][A[A
 60%|â–ˆâ–ˆâ–ˆâ–ˆâ–ˆâ–ˆ    | 6/10 [14:14<09:30, 142.69s/it][A 50%|â–ˆâ–ˆâ–ˆâ–ˆâ–ˆ     | 5/10 [11:47<11:47, 141.52s/it]

 70%|â–ˆâ–ˆâ–ˆâ–ˆâ–ˆâ–ˆâ–ˆ   | 7/10 [16:31<07:05, 141.74s/it][A[A
 70%|â–ˆâ–ˆâ–ˆâ–ˆâ–ˆâ–ˆâ–ˆ   | 7/10 [16:37<07:07, 142.51s/it][A 60%|â–ˆâ–ˆâ–ˆâ–ˆâ–ˆâ–ˆ    | 6/10 [14:08<09:26, 141.59s/it]

 80%|â–ˆâ–ˆâ–ˆâ–ˆâ–ˆâ–ˆâ–ˆâ–ˆ  | 8/10 [18:55<04:44, 142.49s/it][A[A
 80%|â–ˆâ–ˆâ–ˆâ–ˆâ–ˆâ–ˆâ–ˆâ–ˆ  | 8/10 [19:01<04:46, 143.03s/it][A 70%|â–ˆâ–ˆâ–ˆâ–ˆâ–ˆâ–ˆâ–ˆ   | 7/10 [16:31<07:05, 141.85s/it]

 90%|â–ˆâ–ˆâ–ˆâ–ˆâ–ˆâ–ˆâ–ˆâ–ˆâ–ˆ | 9/10 [21:17<02:22, 142.47s/it][A[A
 90%|â–ˆâ–ˆâ–ˆâ–ˆâ–ˆâ–ˆâ–ˆâ–ˆâ–ˆ | 9/10 [21:22<02:22, 142.47s/it][A 80%|â–ˆâ–ˆâ–ˆâ–ˆâ–ˆâ–ˆâ–ˆâ–ˆ  | 8/10 [18:50<04:42, 141.10s/it]

100%|â–ˆâ–ˆâ–ˆâ–ˆâ–ˆâ–ˆâ–ˆâ–ˆâ–ˆâ–ˆ| 10/10 [23:37<00:00, 141.67s/it][A[A100%|â–ˆâ–ˆâ–ˆâ–ˆâ–ˆâ–ˆâ–ˆâ–ˆâ–ˆâ–ˆ| 10/10 [23:37<00:00, 141.77s/it]
[32m[I 2022-04-05 17:08:13,552][0m Trial 33 finished with value: 0.4400757244793942 and parameters: {'emb_size': 200, 'hidden_size': 256, 'fc_size': 128, 'num_layers': 3, 'dropout_rnn': 0.2547312273487521, 'dropout_fc': 0.39655722743589344, 'learning_rate': 1e-05, 'l2_reg': 0.001}. Best is trial 15 with value: 0.4486311344109509.[0m


  0%|          | 0/10 [00:00<?, ?it/s][A[A
100%|â–ˆâ–ˆâ–ˆâ–ˆâ–ˆâ–ˆâ–ˆâ–ˆâ–ˆâ–ˆ| 10/10 [23:42<00:00, 141.62s/it][A100%|â–ˆâ–ˆâ–ˆâ–ˆâ–ˆâ–ˆâ–ˆâ–ˆâ–ˆâ–ˆ| 10/10 [23:42<00:00, 142.22s/it]
[32m[I 2022-04-05 17:09:22,831][0m Trial 34 finished with value: 0.4402941604776467 and parameters: {'emb_size': 200, 'hidden_size': 256, 'fc_size': 128, 'num_layers': 3, 'dropout_rnn': 0.2597383591668624, 'dropout_fc': 0.41765150277751706, 'learning_rate': 1e-05, 'l2_reg': 0.001}. Best is trial 15 with value: 0.4486311344109509.[0m

  0%|          | 0/10 [00:00<?, ?it/s][A 90%|â–ˆâ–ˆâ–ˆâ–ˆâ–ˆâ–ˆâ–ˆâ–ˆâ–ˆ | 9/10 [21:11<02:20, 140.88s/it]

 10%|â–ˆ         | 1/10 [02:21<21:17, 141.96s/it][A[A
 10%|â–ˆ         | 1/10 [02:24<21:36, 144.01s/it][A100%|â–ˆâ–ˆâ–ˆâ–ˆâ–ˆâ–ˆâ–ˆâ–ˆâ–ˆâ–ˆ| 10/10 [23:33<00:00, 141.31s/it]100%|â–ˆâ–ˆâ–ˆâ–ˆâ–ˆâ–ˆâ–ˆâ–ˆâ–ˆâ–ˆ| 10/10 [23:33<00:00, 141.33s/it]
[32m[I 2022-04-05 17:12:12,089][0m Trial 35 finished with value: 0.43760011649919905 and parameters: {'emb_size': 200, 'hidden_size': 256, 'fc_size': 128, 'num_layers': 3, 'dropout_rnn': 0.27027026907569035, 'dropout_fc': 0.3995518156030141, 'learning_rate': 1e-05, 'l2_reg': 0.001}. Best is trial 15 with value: 0.4486311344109509.[0m
  0%|          | 0/10 [00:00<?, ?it/s]

 20%|â–ˆâ–ˆ        | 2/10 [04:45<19:01, 142.74s/it][A[A
 20%|â–ˆâ–ˆ        | 2/10 [04:47<19:10, 143.87s/it][A 10%|â–ˆ         | 1/10 [02:22<21:18, 142.07s/it]

 30%|â–ˆâ–ˆâ–ˆ       | 3/10 [07:08<16:39, 142.79s/it][A[A
 30%|â–ˆâ–ˆâ–ˆ       | 3/10 [07:09<16:41, 143.03s/it][A 20%|â–ˆâ–ˆ        | 2/10 [04:39<18:36, 139.59s/it]

 40%|â–ˆâ–ˆâ–ˆâ–ˆ      | 4/10 [09:29<14:12, 142.12s/it][A[A
 40%|â–ˆâ–ˆâ–ˆâ–ˆ      | 4/10 [09:30<14:12, 142.01s/it][A 30%|â–ˆâ–ˆâ–ˆ       | 3/10 [06:58<16:14, 139.23s/it]

 50%|â–ˆâ–ˆâ–ˆâ–ˆâ–ˆ     | 5/10 [11:48<11:45, 141.19s/it][A[A
 50%|â–ˆâ–ˆâ–ˆâ–ˆâ–ˆ     | 5/10 [11:52<11:50, 142.06s/it][A 40%|â–ˆâ–ˆâ–ˆâ–ˆ      | 4/10 [09:18<13:57, 139.52s/it]

 60%|â–ˆâ–ˆâ–ˆâ–ˆâ–ˆâ–ˆ    | 6/10 [14:10<09:25, 141.41s/it][A[A
 60%|â–ˆâ–ˆâ–ˆâ–ˆâ–ˆâ–ˆ    | 6/10 [14:14<09:27, 141.93s/it][A 50%|â–ˆâ–ˆâ–ˆâ–ˆâ–ˆ     | 5/10 [11:39<11:39, 139.82s/it]

 70%|â–ˆâ–ˆâ–ˆâ–ˆâ–ˆâ–ˆâ–ˆ   | 7/10 [16:32<07:04, 141.51s/it][A[A
 70%|â–ˆâ–ˆâ–ˆâ–ˆâ–ˆâ–ˆâ–ˆ   | 7/10 [16:35<07:05, 141.91s/it][A 60%|â–ˆâ–ˆâ–ˆâ–ˆâ–ˆâ–ˆ    | 6/10 [14:00<09:20, 140.21s/it]

 80%|â–ˆâ–ˆâ–ˆâ–ˆâ–ˆâ–ˆâ–ˆâ–ˆ  | 8/10 [18:53<04:42, 141.33s/it][A[A
 80%|â–ˆâ–ˆâ–ˆâ–ˆâ–ˆâ–ˆâ–ˆâ–ˆ  | 8/10 [18:56<04:43, 141.52s/it][A 70%|â–ˆâ–ˆâ–ˆâ–ˆâ–ˆâ–ˆâ–ˆ   | 7/10 [16:19<07:00, 140.01s/it]

 90%|â–ˆâ–ˆâ–ˆâ–ˆâ–ˆâ–ˆâ–ˆâ–ˆâ–ˆ | 9/10 [21:14<02:21, 141.19s/it][A[A
 90%|â–ˆâ–ˆâ–ˆâ–ˆâ–ˆâ–ˆâ–ˆâ–ˆâ–ˆ | 9/10 [21:15<02:20, 140.71s/it][A 80%|â–ˆâ–ˆâ–ˆâ–ˆâ–ˆâ–ˆâ–ˆâ–ˆ  | 8/10 [18:40<04:40, 140.25s/it]

100%|â–ˆâ–ˆâ–ˆâ–ˆâ–ˆâ–ˆâ–ˆâ–ˆâ–ˆâ–ˆ| 10/10 [23:35<00:00, 141.10s/it][A[A100%|â–ˆâ–ˆâ–ˆâ–ˆâ–ˆâ–ˆâ–ˆâ–ˆâ–ˆâ–ˆ| 10/10 [23:35<00:00, 141.50s/it]
