[32m[I 2022-04-05 19:50:14,918][0m Trial 56 finished with value: 0.44502694043978447 and parameters: {'emb_size': 200, 'hidden_size': 256, 'fc_size': 128, 'num_layers': 3, 'dropout_rnn': 0.2826741542362568, 'dropout_fc': 0.32184825242212955, 'learning_rate': 1e-05, 'l2_reg': 0.001}. Best is trial 46 with value: 0.44975972040192225.[0m

  0%|          | 0/10 [00:00<?, ?it/s][A 20%|â–ˆâ–ˆ        | 2/10 [04:44<19:00, 142.54s/it]

 10%|â–ˆ         | 1/10 [02:22<21:24, 142.74s/it][A[A
 10%|â–ˆ         | 1/10 [02:22<21:22, 142.53s/it][A 30%|â–ˆâ–ˆâ–ˆ       | 3/10 [07:06<16:34, 142.07s/it]

 20%|â–ˆâ–ˆ        | 2/10 [04:44<18:57, 142.17s/it][A[A
 20%|â–ˆâ–ˆ        | 2/10 [04:44<18:56, 142.03s/it][A 40%|â–ˆâ–ˆâ–ˆâ–ˆ      | 4/10 [09:27<14:09, 141.61s/it]

 30%|â–ˆâ–ˆâ–ˆ       | 3/10 [07:06<16:33, 141.97s/it][A[A
 30%|â–ˆâ–ˆâ–ˆ       | 3/10 [07:07<16:37, 142.56s/it][A 50%|â–ˆâ–ˆâ–ˆâ–ˆâ–ˆ     | 5/10 [11:47<11:45, 141.08s/it]

 40%|â–ˆâ–ˆâ–ˆâ–ˆ      | 4/10 [09:25<14:06, 141.02s/it][A[A
 40%|â–ˆâ–ˆâ–ˆâ–ˆ      | 4/10 [09:28<14:11, 142.00s/it][A 60%|â–ˆâ–ˆâ–ˆâ–ˆâ–ˆâ–ˆ    | 6/10 [14:05<09:19, 139.97s/it]

 50%|â–ˆâ–ˆâ–ˆâ–ˆâ–ˆ     | 5/10 [12:16<12:38, 151.62s/it][A[A
 50%|â–ˆâ–ˆâ–ˆâ–ˆâ–ˆ     | 5/10 [11:45<11:40, 140.10s/it][A 70%|â–ˆâ–ˆâ–ˆâ–ˆâ–ˆâ–ˆâ–ˆ   | 7/10 [16:18<06:53, 137.85s/it]

 60%|â–ˆâ–ˆâ–ˆâ–ˆâ–ˆâ–ˆ    | 6/10 [14:53<10:13, 153.42s/it][A[A
 60%|â–ˆâ–ˆâ–ˆâ–ˆâ–ˆâ–ˆ    | 6/10 [14:06<09:22, 140.57s/it][A 80%|â–ˆâ–ˆâ–ˆâ–ˆâ–ˆâ–ˆâ–ˆâ–ˆ  | 8/10 [18:39<04:37, 138.83s/it]

 70%|â–ˆâ–ˆâ–ˆâ–ˆâ–ˆâ–ˆâ–ˆ   | 7/10 [17:15<07:29, 149.69s/it][A[A
 70%|â–ˆâ–ˆâ–ˆâ–ˆâ–ˆâ–ˆâ–ˆ   | 7/10 [16:28<07:02, 140.94s/it][A 90%|â–ˆâ–ˆâ–ˆâ–ˆâ–ˆâ–ˆâ–ˆâ–ˆâ–ˆ | 9/10 [21:01<02:19, 139.60s/it]

 80%|â–ˆâ–ˆâ–ˆâ–ˆâ–ˆâ–ˆâ–ˆâ–ˆ  | 8/10 [19:38<04:55, 147.60s/it][A[A
 80%|â–ˆâ–ˆâ–ˆâ–ˆâ–ˆâ–ˆâ–ˆâ–ˆ  | 8/10 [18:52<04:43, 141.92s/it][A100%|â–ˆâ–ˆâ–ˆâ–ˆâ–ˆâ–ˆâ–ˆâ–ˆâ–ˆâ–ˆ| 10/10 [23:24<00:00, 140.80s/it]100%|â–ˆâ–ˆâ–ˆâ–ˆâ–ˆâ–ˆâ–ˆâ–ˆâ–ˆâ–ˆ| 10/10 [23:24<00:00, 140.45s/it]
[32m[I 2022-04-05 20:09:48,027][0m Trial 57 finished with value: 0.44677442842580456 and parameters: {'emb_size': 200, 'hidden_size': 256, 'fc_size': 128, 'num_layers': 3, 'dropout_rnn': 0.22361679798651782, 'dropout_fc': 0.3179101357810403, 'learning_rate': 1e-05, 'l2_reg': 0.001}. Best is trial 46 with value: 0.44975972040192225.[0m


 90%|â–ˆâ–ˆâ–ˆâ–ˆâ–ˆâ–ˆâ–ˆâ–ˆâ–ˆ | 9/10 [21:55<02:24, 144.43s/it][A[A
 90%|â–ˆâ–ˆâ–ˆâ–ˆâ–ˆâ–ˆâ–ˆâ–ˆâ–ˆ | 9/10 [21:07<02:19, 139.82s/it][A

100%|â–ˆâ–ˆâ–ˆâ–ˆâ–ˆâ–ˆâ–ˆâ–ˆâ–ˆâ–ˆ| 10/10 [24:11<00:00, 141.74s/it][A[A100%|â–ˆâ–ˆâ–ˆâ–ˆâ–ˆâ–ˆâ–ˆâ–ˆâ–ˆâ–ˆ| 10/10 [24:11<00:00, 145.14s/it]
[32m[I 2022-04-05 20:13:00,659][0m Trial 58 finished with value: 0.4465195864278433 and parameters: {'emb_size': 200, 'hidden_size': 256, 'fc_size': 128, 'num_layers': 3, 'dropout_rnn': 0.23502493323080093, 'dropout_fc': 0.27659431101425214, 'learning_rate': 1e-05, 'l2_reg': 0.001}. Best is trial 46 with value: 0.44975972040192225.[0m

100%|â–ˆâ–ˆâ–ˆâ–ˆâ–ˆâ–ˆâ–ˆâ–ˆâ–ˆâ–ˆ| 10/10 [23:19<00:00, 137.24s/it][A100%|â–ˆâ–ˆâ–ˆâ–ˆâ–ˆâ–ˆâ–ˆâ–ˆâ–ˆâ–ˆ| 10/10 [23:19<00:00, 139.91s/it]
[32m[I 2022-04-05 20:13:36,896][0m Trial 59 finished with value: 0.44524537643803697 and parameters: {'emb_size': 200, 'hidden_size': 256, 'fc_size': 128, 'num_layers': 3, 'dropout_rnn': 0.2276923697797948, 'dropout_fc': 0.43666747424309055, 'learning_rate': 1e-05, 'l2_reg': 0.001}. Best is trial 46 with value: 0.44975972040192225.[0m
[32m[I 2022-04-05 20:13:37,127][0m A new study created in memory with name: no-name-7eb0ba1c-61b4-4bfa-8ed6-4026c0604767[0m
/opt/anaconda3/lib/python3.6/site-packages/optuna/study/study.py:397: FutureWarning: `n_jobs` argument has been deprecated in v2.7.0. This feature will be removed in v4.0.0. See https://github.com/optuna/optuna/releases/tag/v2.7.0.
  FutureWarning,
  0%|          | 0/10 [00:00<?, ?it/s]
  0%|          | 0/10 [00:00<?, ?it/s][A

  0%|          | 0/10 [00:00<?, ?it/s][A[A
 10%|â–ˆ         | 1/10 [02:31<22:46, 151.85s/it][A

 10%|â–ˆ         | 1/10 [02:31<22:47, 151.95s/it][A[A 10%|â–ˆ         | 1/10 [02:33<23:00, 153.39s/it]
 20%|â–ˆâ–ˆ        | 2/10 [05:04<20:17, 152.24s/it][A

 20%|â–ˆâ–ˆ        | 2/10 [05:04<20:20, 152.54s/it][A[A 20%|â–ˆâ–ˆ        | 2/10 [05:07<20:28, 153.60s/it]
