[32m[I 2022-04-05 17:31:51,438][0m Trial 36 finished with value: 0.43130187854958496 and parameters: {'emb_size': 200, 'hidden_size': 256, 'fc_size': 64, 'num_layers': 3, 'dropout_rnn': 0.27688894427015287, 'dropout_fc': 0.28496192073533544, 'learning_rate': 1e-05, 'l2_reg': 0.001}. Best is trial 15 with value: 0.4486311344109509.[0m


  0%|          | 0/10 [00:00<?, ?it/s][A[A
100%|â–ˆâ–ˆâ–ˆâ–ˆâ–ˆâ–ˆâ–ˆâ–ˆâ–ˆâ–ˆ| 10/10 [23:40<00:00, 141.92s/it][A100%|â–ˆâ–ˆâ–ˆâ–ˆâ–ˆâ–ˆâ–ˆâ–ˆâ–ˆâ–ˆ| 10/10 [23:40<00:00, 142.02s/it]
[32m[I 2022-04-05 17:33:05,914][0m Trial 37 finished with value: 0.4494684724042522 and parameters: {'emb_size': 100, 'hidden_size': 256, 'fc_size': 64, 'num_layers': 3, 'dropout_rnn': 0.32497835312542434, 'dropout_fc': 0.29606785590582185, 'learning_rate': 1e-05, 'l2_reg': 0.001}. Best is trial 37 with value: 0.4494684724042522.[0m

  0%|          | 0/10 [00:00<?, ?it/s][A 90%|â–ˆâ–ˆâ–ˆâ–ˆâ–ˆâ–ˆâ–ˆâ–ˆâ–ˆ | 9/10 [21:02<02:20, 140.83s/it]

 10%|â–ˆ         | 1/10 [02:21<21:15, 141.75s/it][A[A
 10%|â–ˆ         | 1/10 [02:23<21:28, 143.14s/it][A100%|â–ˆâ–ˆâ–ˆâ–ˆâ–ˆâ–ˆâ–ˆâ–ˆâ–ˆâ–ˆ| 10/10 [23:25<00:00, 141.38s/it]100%|â–ˆâ–ˆâ–ˆâ–ˆâ–ˆâ–ˆâ–ˆâ–ˆâ–ˆâ–ˆ| 10/10 [23:25<00:00, 140.51s/it]
[32m[I 2022-04-05 17:35:40,082][0m Trial 38 finished with value: 0.4425149264598806 and parameters: {'emb_size': 100, 'hidden_size': 256, 'fc_size': 64, 'num_layers': 3, 'dropout_rnn': 0.3288446931881123, 'dropout_fc': 0.28581879504941027, 'learning_rate': 1e-05, 'l2_reg': 0.001}. Best is trial 37 with value: 0.4494684724042522.[0m
  0%|          | 0/10 [00:00<?, ?it/s]

 20%|â–ˆâ–ˆ        | 2/10 [04:44<18:58, 142.33s/it][A[A 10%|â–ˆ         | 1/10 [01:49<16:23, 109.26s/it]
 20%|â–ˆâ–ˆ        | 2/10 [04:45<19:03, 142.88s/it][A

 30%|â–ˆâ–ˆâ–ˆ       | 3/10 [07:06<16:36, 142.29s/it][A[A 20%|â–ˆâ–ˆ        | 2/10 [03:38<14:33, 109.14s/it]
 30%|â–ˆâ–ˆâ–ˆ       | 3/10 [07:08<16:38, 142.60s/it][A 30%|â–ˆâ–ˆâ–ˆ       | 3/10 [05:25<12:39, 108.43s/it]

 40%|â–ˆâ–ˆâ–ˆâ–ˆ      | 4/10 [09:28<14:12, 142.15s/it][A[A
 40%|â–ˆâ–ˆâ–ˆâ–ˆ      | 4/10 [09:28<14:11, 141.88s/it][A 40%|â–ˆâ–ˆâ–ˆâ–ˆ      | 4/10 [07:12<10:46, 107.69s/it]

 50%|â–ˆâ–ˆâ–ˆâ–ˆâ–ˆ     | 5/10 [11:48<11:47, 141.47s/it][A[A 50%|â–ˆâ–ˆâ–ˆâ–ˆâ–ˆ     | 5/10 [09:00<08:59, 107.89s/it]
 50%|â–ˆâ–ˆâ–ˆâ–ˆâ–ˆ     | 5/10 [11:50<11:48, 141.65s/it][A

 60%|â–ˆâ–ˆâ–ˆâ–ˆâ–ˆâ–ˆ    | 6/10 [14:07<09:22, 140.53s/it][A[A 60%|â–ˆâ–ˆâ–ˆâ–ˆâ–ˆâ–ˆ    | 6/10 [10:49<07:12, 108.17s/it]
 60%|â–ˆâ–ˆâ–ˆâ–ˆâ–ˆâ–ˆ    | 6/10 [14:12<09:27, 141.84s/it][A 70%|â–ˆâ–ˆâ–ˆâ–ˆâ–ˆâ–ˆâ–ˆ   | 7/10 [12:38<05:25, 108.42s/it]

 70%|â–ˆâ–ˆâ–ˆâ–ˆâ–ˆâ–ˆâ–ˆ   | 7/10 [16:28<07:01, 140.58s/it][A[A
 70%|â–ˆâ–ˆâ–ˆâ–ˆâ–ˆâ–ˆâ–ˆ   | 7/10 [16:33<07:05, 141.75s/it][A 80%|â–ˆâ–ˆâ–ˆâ–ˆâ–ˆâ–ˆâ–ˆâ–ˆ  | 8/10 [14:28<03:37, 108.82s/it]

 80%|â–ˆâ–ˆâ–ˆâ–ˆâ–ˆâ–ˆâ–ˆâ–ˆ  | 8/10 [18:48<04:41, 140.55s/it][A[A 90%|â–ˆâ–ˆâ–ˆâ–ˆâ–ˆâ–ˆâ–ˆâ–ˆâ–ˆ | 9/10 [16:18<01:49, 109.49s/it]
 80%|â–ˆâ–ˆâ–ˆâ–ˆâ–ˆâ–ˆâ–ˆâ–ˆ  | 8/10 [18:57<04:44, 142.23s/it][A

 90%|â–ˆâ–ˆâ–ˆâ–ˆâ–ˆâ–ˆâ–ˆâ–ˆâ–ˆ | 9/10 [21:12<02:21, 141.69s/it][A[A100%|â–ˆâ–ˆâ–ˆâ–ˆâ–ˆâ–ˆâ–ˆâ–ˆâ–ˆâ–ˆ| 10/10 [18:11<00:00, 110.29s/it]100%|â–ˆâ–ˆâ–ˆâ–ˆâ–ˆâ–ˆâ–ˆâ–ˆâ–ˆâ–ˆ| 10/10 [18:11<00:00, 109.11s/it]
[32m[I 2022-04-05 17:53:52,600][0m Trial 41 finished with value: 0.39012669287898644 and parameters: {'emb_size': 100, 'hidden_size': 128, 'fc_size': 64, 'num_layers': 2, 'dropout_rnn': 0.48359749390133344, 'dropout_fc': 0.2438398279629519, 'learning_rate': 1e-05, 'l2_reg': 0.001}. Best is trial 37 with value: 0.4494684724042522.[0m
  0%|          | 0/10 [00:00<?, ?it/s]
 90%|â–ˆâ–ˆâ–ˆâ–ˆâ–ˆâ–ˆâ–ˆâ–ˆâ–ˆ | 9/10 [21:22<02:23, 143.17s/it][A

100%|â–ˆâ–ˆâ–ˆâ–ˆâ–ˆâ–ˆâ–ˆâ–ˆâ–ˆâ–ˆ| 10/10 [23:35<00:00, 141.93s/it][A[A100%|â–ˆâ–ˆâ–ˆâ–ˆâ–ˆâ–ˆâ–ˆâ–ˆâ–ˆâ–ˆ| 10/10 [23:35<00:00, 141.55s/it]
[32m[I 2022-04-05 17:55:29,221][0m Trial 39 finished with value: 0.4460827144313383 and parameters: {'emb_size': 100, 'hidden_size': 128, 'fc_size': 64, 'num_layers': 3, 'dropout_rnn': 0.2189816078046104, 'dropout_fc': 0.2990561051867632, 'learning_rate': 1e-05, 'l2_reg': 0.001}. Best is trial 37 with value: 0.4494684724042522.[0m


  0%|          | 0/10 [00:00<?, ?it/s][A[A 10%|â–ˆ         | 1/10 [02:21<21:17, 141.94s/it]
100%|â–ˆâ–ˆâ–ˆâ–ˆâ–ˆâ–ˆâ–ˆâ–ˆâ–ˆâ–ˆ| 10/10 [23:46<00:00, 143.36s/it][A100%|â–ˆâ–ˆâ–ˆâ–ˆâ–ˆâ–ˆâ–ˆâ–ˆâ–ˆâ–ˆ| 10/10 [23:46<00:00, 142.62s/it]
[32m[I 2022-04-05 17:56:54,466][0m Trial 40 finished with value: 0.4181593126547255 and parameters: {'emb_size': 100, 'hidden_size': 128, 'fc_size': 64, 'num_layers': 3, 'dropout_rnn': 0.4769782530012216, 'dropout_fc': 0.302938579236389, 'learning_rate': 1e-05, 'l2_reg': 0.001}. Best is trial 37 with value: 0.4494684724042522.[0m

  0%|          | 0/10 [00:00<?, ?it/s][A

 10%|â–ˆ         | 1/10 [02:22<21:21, 142.35s/it][A[A 20%|â–ˆâ–ˆ        | 2/10 [04:42<18:49, 141.18s/it]
 10%|â–ˆ         | 1/10 [02:19<20:59, 139.98s/it][A

 20%|â–ˆâ–ˆ        | 2/10 [04:43<18:52, 141.60s/it][A[A 30%|â–ˆâ–ˆâ–ˆ       | 3/10 [07:03<16:27, 141.07s/it]
 20%|â–ˆâ–ˆ        | 2/10 [04:44<19:00, 142.54s/it][A

 30%|â–ˆâ–ˆâ–ˆ       | 3/10 [07:06<16:36, 142.32s/it][A[A 40%|â–ˆâ–ˆâ–ˆâ–ˆ      | 4/10 [09:26<14:11, 141.96s/it]
 30%|â–ˆâ–ˆâ–ˆ       | 3/10 [07:07<16:41, 143.02s/it][A

 40%|â–ˆâ–ˆâ–ˆâ–ˆ      | 4/10 [09:29<14:14, 142.41s/it][A[A 50%|â–ˆâ–ˆâ–ˆâ–ˆâ–ˆ     | 5/10 [11:48<11:49, 141.83s/it]
 40%|â–ˆâ–ˆâ–ˆâ–ˆ      | 4/10 [09:29<14:13, 142.31s/it][A

 50%|â–ˆâ–ˆâ–ˆâ–ˆâ–ˆ     | 5/10 [11:50<11:49, 141.90s/it][A[A 60%|â–ˆâ–ˆâ–ˆâ–ˆâ–ˆâ–ˆ    | 6/10 [14:09<09:25, 141.40s/it]
 50%|â–ˆâ–ˆâ–ˆâ–ˆâ–ˆ     | 5/10 [11:50<11:50, 142.10s/it][A

 60%|â–ˆâ–ˆâ–ˆâ–ˆâ–ˆâ–ˆ    | 6/10 [14:11<09:27, 141.78s/it][A[A 70%|â–ˆâ–ˆâ–ˆâ–ˆâ–ˆâ–ˆâ–ˆ   | 7/10 [16:29<07:03, 141.02s/it]
 60%|â–ˆâ–ˆâ–ˆâ–ˆâ–ˆâ–ˆ    | 6/10 [14:12<09:28, 142.05s/it][A

 70%|â–ˆâ–ˆâ–ˆâ–ˆâ–ˆâ–ˆâ–ˆ   | 7/10 [16:33<07:05, 141.69s/it][A[A 80%|â–ˆâ–ˆâ–ˆâ–ˆâ–ˆâ–ˆâ–ˆâ–ˆ  | 8/10 [18:50<04:42, 141.13s/it]
 70%|â–ˆâ–ˆâ–ˆâ–ˆâ–ˆâ–ˆâ–ˆ   | 7/10 [16:35<07:07, 142.41s/it][A

 80%|â–ˆâ–ˆâ–ˆâ–ˆâ–ˆâ–ˆâ–ˆâ–ˆ  | 8/10 [18:56<04:44, 142.17s/it][A[A 90%|â–ˆâ–ˆâ–ˆâ–ˆâ–ˆâ–ˆâ–ˆâ–ˆâ–ˆ | 9/10 [21:13<02:21, 141.71s/it]
 80%|â–ˆâ–ˆâ–ˆâ–ˆâ–ˆâ–ˆâ–ˆâ–ˆ  | 8/10 [19:00<04:46, 143.21s/it][A

 90%|â–ˆâ–ˆâ–ˆâ–ˆâ–ˆâ–ˆâ–ˆâ–ˆâ–ˆ | 9/10 [21:19<02:22, 142.49s/it][A[A100%|â–ˆâ–ˆâ–ˆâ–ˆâ–ˆâ–ˆâ–ˆâ–ˆâ–ˆâ–ˆ| 10/10 [23:29<00:00, 139.83s/it]100%|â–ˆâ–ˆâ–ˆâ–ˆâ–ˆâ–ˆâ–ˆâ–ˆâ–ˆâ–ˆ| 10/10 [23:29<00:00, 140.92s/it]
[32m[I 2022-04-05 18:17:24,286][0m Trial 42 finished with value: 0.4164118246687054 and parameters: {'emb_size': 100, 'hidden_size': 128, 'fc_size': 64, 'num_layers': 3, 'dropout_rnn': 0.5772355368119915, 'dropout_fc': 0.30514779171833273, 'learning_rate': 1e-05, 'l2_reg': 0.001}. Best is trial 37 with value: 0.4494684724042522.[0m
  0%|          | 0/10 [00:00<?, ?it/s]
 90%|â–ˆâ–ˆâ–ˆâ–ˆâ–ˆâ–ˆâ–ˆâ–ˆâ–ˆ | 9/10 [21:21<02:22, 142.47s/it][A

100%|â–ˆâ–ˆâ–ˆâ–ˆâ–ˆâ–ˆâ–ˆâ–ˆâ–ˆâ–ˆ| 10/10 [23:39<00:00, 141.59s/it][A[A100%|â–ˆâ–ˆâ–ˆâ–ˆâ–ˆâ–ˆâ–ˆâ–ˆâ–ˆâ–ˆ| 10/10 [23:39<00:00, 141.92s/it]
[32m[I 2022-04-05 18:19:11,168][0m Trial 43 finished with value: 0.44025775447793797 and parameters: {'emb_size': 100, 'hidden_size': 256, 'fc_size': 64, 'num_layers': 3, 'dropout_rnn': 0.23649453967938633, 'dropout_fc': 0.36258624769805753, 'learning_rate': 1e-05, 'l2_reg': 0.001}. Best is trial 37 with value: 0.4494684724042522.[0m


  0%|          | 0/10 [00:00<?, ?it/s][A[A 10%|â–ˆ         | 1/10 [02:19<20:57, 139.74s/it]
100%|â–ˆâ–ˆâ–ˆâ–ˆâ–ˆâ–ˆâ–ˆâ–ˆâ–ˆâ–ˆ| 10/10 [23:41<00:00, 141.79s/it][A100%|â–ˆâ–ˆâ–ˆâ–ˆâ–ˆâ–ˆâ–ˆâ–ˆâ–ˆâ–ˆ| 10/10 [23:41<00:00, 142.20s/it]
[32m[I 2022-04-05 18:20:39,326][0m Trial 44 finished with value: 0.43767292849861655 and parameters: {'emb_size': 100, 'hidden_size': 256, 'fc_size': 64, 'num_layers': 3, 'dropout_rnn': 0.23474293328592283, 'dropout_fc': 0.3505194953403975, 'learning_rate': 1e-05, 'l2_reg': 0.001}. Best is trial 37 with value: 0.4494684724042522.[0m

  0%|          | 0/10 [00:00<?, ?it/s][A

 10%|â–ˆ         | 1/10 [02:18<20:47, 138.65s/it][A[A 20%|â–ˆâ–ˆ        | 2/10 [04:38<18:32, 139.02s/it]
 10%|â–ˆ         | 1/10 [02:18<20:50, 138.92s/it][A

 20%|â–ˆâ–ˆ        | 2/10 [04:36<18:23, 137.92s/it][A[A 30%|â–ˆâ–ˆâ–ˆ       | 3/10 [06:55<16:06, 138.04s/it]
 20%|â–ˆâ–ˆ        | 2/10 [04:36<18:26, 138.35s/it][A

 30%|â–ˆâ–ˆâ–ˆ       | 3/10 [06:56<16:14, 139.25s/it][A[A 40%|â–ˆâ–ˆâ–ˆâ–ˆ      | 4/10 [09:16<13:57, 139.50s/it]
 30%|â–ˆâ–ˆâ–ˆ       | 3/10 [07:00<16:26, 140.91s/it][A

 40%|â–ˆâ–ˆâ–ˆâ–ˆ      | 4/10 [09:19<14:03, 140.55s/it][A[A 50%|â–ˆâ–ˆâ–ˆâ–ˆâ–ˆ     | 5/10 [11:38<11:40, 140.14s/it]
 40%|â–ˆâ–ˆâ–ˆâ–ˆ      | 4/10 [09:21<14:05, 140.95s/it][A

 50%|â–ˆâ–ˆâ–ˆâ–ˆâ–ˆ     | 5/10 [11:40<11:43, 140.76s/it][A[A 60%|â–ˆâ–ˆâ–ˆâ–ˆâ–ˆâ–ˆ    | 6/10 [13:58<09:20, 140.24s/it]
 50%|â–ˆâ–ˆâ–ˆâ–ˆâ–ˆ     | 5/10 [11:44<11:47, 141.44s/it][A

 60%|â–ˆâ–ˆâ–ˆâ–ˆâ–ˆâ–ˆ    | 6/10 [14:02<09:24, 141.01s/it][A[A 70%|â–ˆâ–ˆâ–ˆâ–ˆâ–ˆâ–ˆâ–ˆ   | 7/10 [16:19<07:01, 140.35s/it]
 60%|â–ˆâ–ˆâ–ˆâ–ˆâ–ˆâ–ˆ    | 6/10 [14:06<09:26, 141.62s/it][A

 70%|â–ˆâ–ˆâ–ˆâ–ˆâ–ˆâ–ˆâ–ˆ   | 7/10 [16:23<07:03, 141.20s/it][A[A 80%|â–ˆâ–ˆâ–ˆâ–ˆâ–ˆâ–ˆâ–ˆâ–ˆ  | 8/10 [18:38<04:40, 140.14s/it]
 70%|â–ˆâ–ˆâ–ˆâ–ˆâ–ˆâ–ˆâ–ˆ   | 7/10 [16:26<07:04, 141.34s/it][A

 80%|â–ˆâ–ˆâ–ˆâ–ˆâ–ˆâ–ˆâ–ˆâ–ˆ  | 8/10 [18:43<04:41, 140.65s/it][A[A 90%|â–ˆâ–ˆâ–ˆâ–ˆâ–ˆâ–ˆâ–ˆâ–ˆâ–ˆ | 9/10 [20:59<02:20, 140.45s/it]
 80%|â–ˆâ–ˆâ–ˆâ–ˆâ–ˆâ–ˆâ–ˆâ–ˆ  | 8/10 [18:51<04:44, 142.25s/it][A

 90%|â–ˆâ–ˆâ–ˆâ–ˆâ–ˆâ–ˆâ–ˆâ–ˆâ–ˆ | 9/10 [21:07<02:21, 141.96s/it][A[A100%|â–ˆâ–ˆâ–ˆâ–ˆâ–ˆâ–ˆâ–ˆâ–ˆâ–ˆâ–ˆ| 10/10 [23:24<00:00, 141.67s/it]100%|â–ˆâ–ˆâ–ˆâ–ˆâ–ˆâ–ˆâ–ˆâ–ˆâ–ˆâ–ˆ| 10/10 [23:24<00:00, 140.44s/it]
[32m[I 2022-04-05 18:40:51,613][0m Trial 45 finished with value: 0.40447065676423477 and parameters: {'emb_size': 100, 'hidden_size': 256, 'fc_size': 64, 'num_layers': 3, 'dropout_rnn': 0.7292482878549271, 'dropout_fc': 0.3568709079930993, 'learning_rate': 1e-05, 'l2_reg': 0.001}. Best is trial 37 with value: 0.4494684724042522.[0m
  0%|          | 0/10 [00:00<?, ?it/s]
 90%|â–ˆâ–ˆâ–ˆâ–ˆâ–ˆâ–ˆâ–ˆâ–ˆâ–ˆ | 9/10 [21:15<02:22, 142.83s/it][A 10%|â–ˆ         | 1/10 [01:48<16:15, 108.39s/it]

100%|â–ˆâ–ˆâ–ˆâ–ˆâ–ˆâ–ˆâ–ˆâ–ˆâ–ˆâ–ˆ| 10/10 [23:32<00:00, 142.61s/it][A[A100%|â–ˆâ–ˆâ–ˆâ–ˆâ–ˆâ–ˆâ–ˆâ–ˆâ–ˆâ–ˆ| 10/10 [23:32<00:00, 141.20s/it]
[32m[I 2022-04-05 18:42:46,044][0m Trial 46 finished with value: 0.44975972040192225 and parameters: {'emb_size': 100, 'hidden_size': 256, 'fc_size': 64, 'num_layers': 3, 'dropout_rnn': 0.30519623304926424, 'dropout_fc': 0.22936887071601297, 'learning_rate': 1e-05, 'l2_reg': 0.001}. Best is trial 46 with value: 0.44975972040192225.[0m


  0%|          | 0/10 [00:00<?, ?it/s][A[A
100%|â–ˆâ–ˆâ–ˆâ–ˆâ–ˆâ–ˆâ–ˆâ–ˆâ–ˆâ–ˆ| 10/10 [23:34<00:00, 141.59s/it][A100%|â–ˆâ–ˆâ–ˆâ–ˆâ–ˆâ–ˆâ–ˆâ–ˆâ–ˆâ–ˆ| 10/10 [23:34<00:00, 141.40s/it]
[32m[I 2022-04-05 18:44:16,251][0m Trial 47 finished with value: 0.4136085626911315 and parameters: {'emb_size': 100, 'hidden_size': 256, 'fc_size': 128, 'num_layers': 3, 'dropout_rnn': 0.7235685931723603, 'dropout_fc': 0.22985453995666094, 'learning_rate': 1e-05, 'l2_reg': 0.001}. Best is trial 46 with value: 0.44975972040192225.[0m

  0%|          | 0/10 [00:00<?, ?it/s][A 20%|â–ˆâ–ˆ        | 2/10 [03:36<14:26, 108.31s/it]

 10%|â–ˆ         | 1/10 [01:49<16:22, 109.18s/it][A[A
 10%|â–ˆ         | 1/10 [01:37<14:35, 97.23s/it][A 30%|â–ˆâ–ˆâ–ˆ       | 3/10 [05:26<12:43, 109.11s/it]

 20%|â–ˆâ–ˆ        | 2/10 [03:41<14:46, 110.83s/it][A[A
 20%|â–ˆâ–ˆ        | 2/10 [03:32<14:21, 107.68s/it][A 40%|â–ˆâ–ˆâ–ˆâ–ˆ      | 4/10 [07:21<11:08, 111.47s/it]

 30%|â–ˆâ–ˆâ–ˆ       | 3/10 [05:36<13:09, 112.82s/it][A[A
 30%|â–ˆâ–ˆâ–ˆ       | 3/10 [05:26<12:55, 110.84s/it][A 50%|â–ˆâ–ˆâ–ˆâ–ˆâ–ˆ     | 5/10 [09:15<09:21, 112.22s/it]

 40%|â–ˆâ–ˆâ–ˆâ–ˆ      | 4/10 [07:29<11:18, 113.06s/it][A[A
 40%|â–ˆâ–ˆâ–ˆâ–ˆ      | 4/10 [07:18<11:07, 111.27s/it][A 60%|â–ˆâ–ˆâ–ˆâ–ˆâ–ˆâ–ˆ    | 6/10 [11:05<07:26, 111.62s/it]

 50%|â–ˆâ–ˆâ–ˆâ–ˆâ–ˆ     | 5/10 [09:21<09:22, 112.44s/it][A[A
 50%|â–ˆâ–ˆâ–ˆâ–ˆâ–ˆ     | 5/10 [09:10<09:17, 111.57s/it][A 70%|â–ˆâ–ˆâ–ˆâ–ˆâ–ˆâ–ˆâ–ˆ   | 7/10 [12:57<05:34, 111.67s/it]

 60%|â–ˆâ–ˆâ–ˆâ–ˆâ–ˆâ–ˆ    | 6/10 [11:13<07:29, 112.42s/it][A[A
 60%|â–ˆâ–ˆâ–ˆâ–ˆâ–ˆâ–ˆ    | 6/10 [11:05<07:31, 112.76s/it][A 80%|â–ˆâ–ˆâ–ˆâ–ˆâ–ˆâ–ˆâ–ˆâ–ˆ  | 8/10 [14:52<03:45, 112.63s/it]

 70%|â–ˆâ–ˆâ–ˆâ–ˆâ–ˆâ–ˆâ–ˆ   | 7/10 [13:08<05:39, 113.32s/it][A[A
 70%|â–ˆâ–ˆâ–ˆâ–ˆâ–ˆâ–ˆâ–ˆ   | 7/10 [13:00<05:39, 113.23s/it][A 90%|â–ˆâ–ˆâ–ˆâ–ˆâ–ˆâ–ˆâ–ˆâ–ˆâ–ˆ | 9/10 [16:45<01:52, 112.79s/it]

 80%|â–ˆâ–ˆâ–ˆâ–ˆâ–ˆâ–ˆâ–ˆâ–ˆ  | 8/10 [15:01<03:46, 113.30s/it][A[A
 80%|â–ˆâ–ˆâ–ˆâ–ˆâ–ˆâ–ˆâ–ˆâ–ˆ  | 8/10 [14:52<03:46, 113.03s/it][A100%|â–ˆâ–ˆâ–ˆâ–ˆâ–ˆâ–ˆâ–ˆâ–ˆâ–ˆâ–ˆ| 10/10 [18:36<00:00, 112.24s/it]100%|â–ˆâ–ˆâ–ˆâ–ˆâ–ˆâ–ˆâ–ˆâ–ˆâ–ˆâ–ˆ| 10/10 [18:36<00:00, 111.64s/it]
[32m[I 2022-04-05 18:59:29,877][0m Trial 48 finished with value: 0.4355249745158002 and parameters: {'emb_size': 200, 'hidden_size': 256, 'fc_size': 128, 'num_layers': 2, 'dropout_rnn': 0.30387249257533033, 'dropout_fc': 0.2580073798250192, 'learning_rate': 1e-05, 'l2_reg': 0.001}. Best is trial 46 with value: 0.44975972040192225.[0m
  0%|          | 0/10 [00:00<?, ?it/s]

 90%|â–ˆâ–ˆâ–ˆâ–ˆâ–ˆâ–ˆâ–ˆâ–ˆâ–ˆ | 9/10 [16:53<01:52, 112.86s/it][A[A
 90%|â–ˆâ–ˆâ–ˆâ–ˆâ–ˆâ–ˆâ–ˆâ–ˆâ–ˆ | 9/10 [16:43<01:52, 112.19s/it][A

100%|â–ˆâ–ˆâ–ˆâ–ˆâ–ˆâ–ˆâ–ˆâ–ˆâ–ˆâ–ˆ| 10/10 [18:47<00:00, 113.02s/it][A[A100%|â–ˆâ–ˆâ–ˆâ–ˆâ–ˆâ–ˆâ–ˆâ–ˆâ–ˆâ–ˆ| 10/10 [18:47<00:00, 112.72s/it]
[32m[I 2022-04-05 19:01:34,941][0m Trial 49 finished with value: 0.43901995048784037 and parameters: {'emb_size': 100, 'hidden_size': 256, 'fc_size': 64, 'num_layers': 2, 'dropout_rnn': 0.3033805325000128, 'dropout_fc': 0.252150268855452, 'learning_rate': 1e-05, 'l2_reg': 0.001}. Best is trial 46 with value: 0.44975972040192225.[0m


  0%|          | 0/10 [00:00<?, ?it/s][A[A 10%|â–ˆ         | 1/10 [02:20<21:07, 140.82s/it]
100%|â–ˆâ–ˆâ–ˆâ–ˆâ–ˆâ–ˆâ–ˆâ–ˆâ–ˆâ–ˆ| 10/10 [18:35<00:00, 112.11s/it][A100%|â–ˆâ–ˆâ–ˆâ–ˆâ–ˆâ–ˆâ–ˆâ–ˆâ–ˆâ–ˆ| 10/10 [18:35<00:00, 111.50s/it]
[32m[I 2022-04-05 19:02:52,958][0m Trial 50 finished with value: 0.43730886850152906 and parameters: {'emb_size': 100, 'hidden_size': 256, 'fc_size': 64, 'num_layers': 2, 'dropout_rnn': 0.30455648044804867, 'dropout_fc': 0.2619485135322485, 'learning_rate': 1e-05, 'l2_reg': 0.001}. Best is trial 46 with value: 0.44975972040192225.[0m

  0%|          | 0/10 [00:00<?, ?it/s][A

 10%|â–ˆ         | 1/10 [02:22<21:18, 142.00s/it][A[A 20%|â–ˆâ–ˆ        | 2/10 [04:42<18:50, 141.34s/it]
 10%|â–ˆ         | 1/10 [02:22<21:18, 142.04s/it][A

 20%|â–ˆâ–ˆ        | 2/10 [04:42<18:49, 141.17s/it][A[A 30%|â–ˆâ–ˆâ–ˆ       | 3/10 [07:02<16:25, 140.73s/it]
 20%|â–ˆâ–ˆ        | 2/10 [04:42<18:47, 140.95s/it][A

 30%|â–ˆâ–ˆâ–ˆ       | 3/10 [07:00<16:16, 139.49s/it][A[A 40%|â–ˆâ–ˆâ–ˆâ–ˆ      | 4/10 [09:13<13:42, 137.04s/it]
 30%|â–ˆâ–ˆâ–ˆ       | 3/10 [06:56<16:03, 137.71s/it][A

 40%|â–ˆâ–ˆâ–ˆâ–ˆ      | 4/10 [09:14<13:44, 137.34s/it][A[A 50%|â–ˆâ–ˆâ–ˆâ–ˆâ–ˆ     | 5/10 [11:21<11:07, 133.47s/it]
 40%|â–ˆâ–ˆâ–ˆâ–ˆ      | 4/10 [09:15<13:50, 138.35s/it][A

 50%|â–ˆâ–ˆâ–ˆâ–ˆâ–ˆ     | 5/10 [11:34<11:33, 138.62s/it][A[A 60%|â–ˆâ–ˆâ–ˆâ–ˆâ–ˆâ–ˆ    | 6/10 [13:41<09:03, 135.78s/it]
 50%|â–ˆâ–ˆâ–ˆâ–ˆâ–ˆ     | 5/10 [11:36<11:36, 139.30s/it][A

 60%|â–ˆâ–ˆâ–ˆâ–ˆâ–ˆâ–ˆ    | 6/10 [13:56<09:18, 139.55s/it][A[A 70%|â–ˆâ–ˆâ–ˆâ–ˆâ–ˆâ–ˆâ–ˆ   | 7/10 [16:02<06:52, 137.41s/it]
 60%|â–ˆâ–ˆâ–ˆâ–ˆâ–ˆâ–ˆ    | 6/10 [13:58<09:20, 140.19s/it][A 80%|â–ˆâ–ˆâ–ˆâ–ˆâ–ˆâ–ˆâ–ˆâ–ˆ  | 8/10 [18:22<04:36, 138.34s/it]

 70%|â–ˆâ–ˆâ–ˆâ–ˆâ–ˆâ–ˆâ–ˆ   | 7/10 [16:17<07:00, 140.05s/it][A[A
 70%|â–ˆâ–ˆâ–ˆâ–ˆâ–ˆâ–ˆâ–ˆ   | 7/10 [16:21<07:03, 141.04s/it][A 90%|â–ˆâ–ˆâ–ˆâ–ˆâ–ˆâ–ˆâ–ˆâ–ˆâ–ˆ | 9/10 [20:45<02:19, 139.77s/it]

 80%|â–ˆâ–ˆâ–ˆâ–ˆâ–ˆâ–ˆâ–ˆâ–ˆ  | 8/10 [18:40<04:42, 141.06s/it][A[A
 80%|â–ˆâ–ˆâ–ˆâ–ˆâ–ˆâ–ˆâ–ˆâ–ˆ  | 8/10 [18:44<04:43, 141.82s/it][A100%|â–ˆâ–ˆâ–ˆâ–ˆâ–ˆâ–ˆâ–ˆâ–ˆâ–ˆâ–ˆ| 10/10 [23:07<00:00, 140.54s/it]100%|â–ˆâ–ˆâ–ˆâ–ˆâ–ˆâ–ˆâ–ˆâ–ˆâ–ˆâ–ˆ| 10/10 [23:07<00:00, 138.76s/it]


 90%|â–ˆâ–ˆâ–ˆâ–ˆâ–ˆâ–ˆâ–ˆâ–ˆâ–ˆ | 9/10 [21:04<02:21, 141.80s/it][A[A[32m[I 2022-04-05 19:22:40,457][0m Trial 51 finished with value: 0.4386558904907529 and parameters: {'emb_size': 100, 'hidden_size': 256, 'fc_size': 64, 'num_layers': 3, 'dropout_rnn': 0.38773827414312995, 'dropout_fc': 0.21500074930472435, 'learning_rate': 1e-05, 'l2_reg': 0.001}. Best is trial 46 with value: 0.44975972040192225.[0m
  0%|          | 0/10 [00:00<?, ?it/s]
 90%|â–ˆâ–ˆâ–ˆâ–ˆâ–ˆâ–ˆâ–ˆâ–ˆâ–ˆ | 9/10 [21:08<02:22, 142.52s/it][A

100%|â–ˆâ–ˆâ–ˆâ–ˆâ–ˆâ–ˆâ–ˆâ–ˆâ–ˆâ–ˆ| 10/10 [23:26<00:00, 142.06s/it][A[A100%|â–ˆâ–ˆâ–ˆâ–ˆâ–ˆâ–ˆâ–ˆâ–ˆâ–ˆâ–ˆ| 10/10 [23:26<00:00, 140.67s/it]
 10%|â–ˆ         | 1/10 [02:23<21:28, 143.14s/it][32m[I 2022-04-05 19:25:04,489][0m Trial 52 finished with value: 0.43435998252512015 and parameters: {'emb_size': 100, 'hidden_size': 256, 'fc_size': 64, 'num_layers': 3, 'dropout_rnn': 0.3502952344925999, 'dropout_fc': 0.21791848634350677, 'learning_rate': 1e-05, 'l2_reg': 0.001}. Best is trial 46 with value: 0.44975972040192225.[0m


  0%|          | 0/10 [00:00<?, ?it/s][A[A
100%|â–ˆâ–ˆâ–ˆâ–ˆâ–ˆâ–ˆâ–ˆâ–ˆâ–ˆâ–ˆ| 10/10 [23:32<00:00, 142.85s/it][A100%|â–ˆâ–ˆâ–ˆâ–ˆâ–ˆâ–ˆâ–ˆâ–ˆâ–ˆâ–ˆ| 10/10 [23:32<00:00, 141.22s/it]
[32m[I 2022-04-05 19:26:28,032][0m Trial 53 finished with value: 0.3996650648026795 and parameters: {'emb_size': 100, 'hidden_size': 256, 'fc_size': 64, 'num_layers': 3, 'dropout_rnn': 0.3417683772761937, 'dropout_fc': 0.21620711962970646, 'learning_rate': 1e-05, 'l2_reg': 0.001}. Best is trial 46 with value: 0.44975972040192225.[0m

  0%|          | 0/10 [00:00<?, ?it/s][A

 10%|â–ˆ         | 1/10 [02:21<21:11, 141.31s/it][A[A 20%|â–ˆâ–ˆ        | 2/10 [04:45<19:02, 142.76s/it]
 10%|â–ˆ         | 1/10 [02:21<21:13, 141.50s/it][A 30%|â–ˆâ–ˆâ–ˆ       | 3/10 [07:06<16:32, 141.72s/it]

 20%|â–ˆâ–ˆ        | 2/10 [04:42<18:49, 141.16s/it][A[A
 20%|â–ˆâ–ˆ        | 2/10 [04:44<18:58, 142.36s/it][A

 30%|â–ˆâ–ˆâ–ˆ       | 3/10 [07:05<16:34, 142.00s/it][A[A 40%|â–ˆâ–ˆâ–ˆâ–ˆ      | 4/10 [09:30<14:15, 142.61s/it]
 30%|â–ˆâ–ˆâ–ˆ       | 3/10 [07:05<16:32, 141.80s/it][A 50%|â–ˆâ–ˆâ–ˆâ–ˆâ–ˆ     | 5/10 [11:49<11:47, 141.40s/it]

 40%|â–ˆâ–ˆâ–ˆâ–ˆ      | 4/10 [09:25<14:07, 141.32s/it][A[A
 40%|â–ˆâ–ˆâ–ˆâ–ˆ      | 4/10 [09:26<14:08, 141.42s/it][A 60%|â–ˆâ–ˆâ–ˆâ–ˆâ–ˆâ–ˆ    | 6/10 [14:10<09:24, 141.17s/it]

 50%|â–ˆâ–ˆâ–ˆâ–ˆâ–ˆ     | 5/10 [11:46<11:46, 141.31s/it][A[A
 50%|â–ˆâ–ˆâ–ˆâ–ˆâ–ˆ     | 5/10 [11:47<11:47, 141.41s/it][A 70%|â–ˆâ–ˆâ–ˆâ–ˆâ–ˆâ–ˆâ–ˆ   | 7/10 [16:32<07:04, 141.48s/it]

 60%|â–ˆâ–ˆâ–ˆâ–ˆâ–ˆâ–ˆ    | 6/10 [14:09<09:27, 141.81s/it][A[A
 60%|â–ˆâ–ˆâ–ˆâ–ˆâ–ˆâ–ˆ    | 6/10 [14:12<09:29, 142.43s/it][A 80%|â–ˆâ–ˆâ–ˆâ–ˆâ–ˆâ–ˆâ–ˆâ–ˆ  | 8/10 [18:52<04:42, 141.12s/it]

 70%|â–ˆâ–ˆâ–ˆâ–ˆâ–ˆâ–ˆâ–ˆ   | 7/10 [16:32<07:06, 142.12s/it][A[A
 70%|â–ˆâ–ˆâ–ˆâ–ˆâ–ˆâ–ˆâ–ˆ   | 7/10 [16:34<07:07, 142.34s/it][A 90%|â–ˆâ–ˆâ–ˆâ–ˆâ–ˆâ–ˆâ–ˆâ–ˆâ–ˆ | 9/10 [21:14<02:21, 141.49s/it]

 80%|â–ˆâ–ˆâ–ˆâ–ˆâ–ˆâ–ˆâ–ˆâ–ˆ  | 8/10 [18:54<04:44, 142.14s/it][A[A
 80%|â–ˆâ–ˆâ–ˆâ–ˆâ–ˆâ–ˆâ–ˆâ–ˆ  | 8/10 [18:58<04:45, 142.75s/it][A100%|â–ˆâ–ˆâ–ˆâ–ˆâ–ˆâ–ˆâ–ˆâ–ˆâ–ˆâ–ˆ| 10/10 [23:37<00:00, 141.75s/it]100%|â–ˆâ–ˆâ–ˆâ–ˆâ–ˆâ–ˆâ–ˆâ–ˆâ–ˆâ–ˆ| 10/10 [23:37<00:00, 141.72s/it]
[32m[I 2022-04-05 19:46:20,594][0m Trial 54 finished with value: 0.4334862385321101 and parameters: {'emb_size': 200, 'hidden_size': 256, 'fc_size': 64, 'num_layers': 3, 'dropout_rnn': 0.34818259616523534, 'dropout_fc': 0.22706192356286686, 'learning_rate': 1e-05, 'l2_reg': 0.001}. Best is trial 46 with value: 0.44975972040192225.[0m
  0%|          | 0/10 [00:00<?, ?it/s]

 90%|â–ˆâ–ˆâ–ˆâ–ˆâ–ˆâ–ˆâ–ˆâ–ˆâ–ˆ | 9/10 [21:17<02:22, 142.32s/it][A[A
 90%|â–ˆâ–ˆâ–ˆâ–ˆâ–ˆâ–ˆâ–ˆâ–ˆâ–ˆ | 9/10 [21:20<02:22, 142.70s/it][A 10%|â–ˆ         | 1/10 [02:22<21:18, 142.05s/it]

100%|â–ˆâ–ˆâ–ˆâ–ˆâ–ˆâ–ˆâ–ˆâ–ˆâ–ˆâ–ˆ| 10/10 [23:38<00:00, 142.09s/it][A[A100%|â–ˆâ–ˆâ–ˆâ–ˆâ–ˆâ–ˆâ–ˆâ–ˆâ–ˆâ–ˆ| 10/10 [23:38<00:00, 141.89s/it]
[32m[I 2022-04-05 19:48:46,350][0m Trial 55 finished with value: 0.44204164846366684 and parameters: {'emb_size': 200, 'hidden_size': 256, 'fc_size': 128, 'num_layers': 3, 'dropout_rnn': 0.20047176149576607, 'dropout_fc': 0.3125630046992569, 'learning_rate': 1e-05, 'l2_reg': 0.001}. Best is trial 46 with value: 0.44975972040192225.[0m


  0%|          | 0/10 [00:00<?, ?it/s][A[A
100%|â–ˆâ–ˆâ–ˆâ–ˆâ–ˆâ–ˆâ–ˆâ–ˆâ–ˆâ–ˆ| 10/10 [23:43<00:00, 142.89s/it][A100%|â–ˆâ–ˆâ–ˆâ–ˆâ–ˆâ–ˆâ–ˆâ–ˆâ–ˆâ–ˆ| 10/10 [23:43<00:00, 142.39s/it]
