[nltk_data] Downloading package punkt to
[nltk_data]     /home/mainakbiswas/nltk_data...
[nltk_data]   Package punkt is already up-to-date!
[nltk_data] Downloading package stopwords to
[nltk_data]     /home/mainakbiswas/nltk_data...
[nltk_data]   Package stopwords is already up-to-date!
[32m[I 2022-04-05 22:48:11,824][0m A new study created in memory with name: no-name-f7904ccb-0c1d-4bbd-bccd-cf2e2a1cf0dd[0m
/opt/anaconda3/lib/python3.6/site-packages/optuna/study/study.py:397: FutureWarning: `n_jobs` argument has been deprecated in v2.7.0. This feature will be removed in v4.0.0. See https://github.com/optuna/optuna/releases/tag/v2.7.0.
  FutureWarning,
  0%|          | 0/10 [00:00<?, ?it/s]
  0%|          | 0/10 [00:00<?, ?it/s][A

  0%|          | 0/10 [00:00<?, ?it/s][A[A

 10%|â–ˆ         | 1/10 [01:58<17:45, 118.43s/it][A[A
 10%|â–ˆ         | 1/10 [02:31<22:41, 151.29s/it][A 10%|â–ˆ         | 1/10 [02:34<23:08, 154.30s/it]

 20%|â–ˆâ–ˆ        | 2/10 [03:56<15:46, 118.35s/it][A[A
 20%|â–ˆâ–ˆ        | 2/10 [05:03<20:13, 151.65s/it][A 20%|â–ˆâ–ˆ        | 2/10 [05:08<20:34, 154.31s/it]

 30%|â–ˆâ–ˆâ–ˆ       | 3/10 [05:55<13:50, 118.63s/it][A[A
 30%|â–ˆâ–ˆâ–ˆ       | 3/10 [07:33<17:38, 151.14s/it][A 30%|â–ˆâ–ˆâ–ˆ       | 3/10 [07:38<17:46, 152.34s/it]

 40%|â–ˆâ–ˆâ–ˆâ–ˆ      | 4/10 [07:51<11:45, 117.62s/it][A[A

 50%|â–ˆâ–ˆâ–ˆâ–ˆâ–ˆ     | 5/10 [09:48<09:46, 117.39s/it][A[A
 40%|â–ˆâ–ˆâ–ˆâ–ˆ      | 4/10 [10:04<15:06, 151.04s/it][A 40%|â–ˆâ–ˆâ–ˆâ–ˆ      | 4/10 [10:10<15:13, 152.25s/it]

 60%|â–ˆâ–ˆâ–ˆâ–ˆâ–ˆâ–ˆ    | 6/10 [11:47<07:51, 117.90s/it][A[A
 50%|â–ˆâ–ˆâ–ˆâ–ˆâ–ˆ     | 5/10 [12:36<12:36, 151.26s/it][A 50%|â–ˆâ–ˆâ–ˆâ–ˆâ–ˆ     | 5/10 [12:44<12:44, 152.97s/it]

 70%|â–ˆâ–ˆâ–ˆâ–ˆâ–ˆâ–ˆâ–ˆ   | 7/10 [13:45<05:54, 118.00s/it][A[A
 60%|â–ˆâ–ˆâ–ˆâ–ˆâ–ˆâ–ˆ    | 6/10 [15:07<10:05, 151.30s/it][A 60%|â–ˆâ–ˆâ–ˆâ–ˆâ–ˆâ–ˆ    | 6/10 [15:20<10:14, 153.70s/it]

 80%|â–ˆâ–ˆâ–ˆâ–ˆâ–ˆâ–ˆâ–ˆâ–ˆ  | 8/10 [15:43<03:56, 118.02s/it][A[A
 70%|â–ˆâ–ˆâ–ˆâ–ˆâ–ˆâ–ˆâ–ˆ   | 7/10 [17:39<07:34, 151.53s/it][A

 90%|â–ˆâ–ˆâ–ˆâ–ˆâ–ˆâ–ˆâ–ˆâ–ˆâ–ˆ | 9/10 [17:43<01:58, 118.44s/it][A[A 70%|â–ˆâ–ˆâ–ˆâ–ˆâ–ˆâ–ˆâ–ˆ   | 7/10 [17:55<07:42, 154.21s/it]

100%|â–ˆâ–ˆâ–ˆâ–ˆâ–ˆâ–ˆâ–ˆâ–ˆâ–ˆâ–ˆ| 10/10 [19:29<00:00, 114.68s/it][A[A100%|â–ˆâ–ˆâ–ˆâ–ˆâ–ˆâ–ˆâ–ˆâ–ˆâ–ˆâ–ˆ| 10/10 [19:29<00:00, 116.95s/it]
[32m[I 2022-04-05 23:07:57,340][0m Trial 1 finished with value: 0.4505606523955148 and parameters: {'emb_size': 100, 'hidden_size': 128, 'fc_size': 128, 'num_layers': 2, 'dropout_rnn': 0.3210641043840099, 'dropout_fc': 0.5538769130387399, 'learning_rate': 5.781065493058176e-05, 'l2_reg': 0.1318275458701473}. Best is trial 1 with value: 0.4505606523955148.[0m


  0%|          | 0/10 [00:00<?, ?it/s][A[A
 80%|â–ˆâ–ˆâ–ˆâ–ˆâ–ˆâ–ˆâ–ˆâ–ˆ  | 8/10 [20:12<05:03, 151.88s/it][A 80%|â–ˆâ–ˆâ–ˆâ–ˆâ–ˆâ–ˆâ–ˆâ–ˆ  | 8/10 [20:29<05:08, 154.23s/it]

 10%|â–ˆ         | 1/10 [02:27<22:11, 147.92s/it][A[A
 90%|â–ˆâ–ˆâ–ˆâ–ˆâ–ˆâ–ˆâ–ˆâ–ˆâ–ˆ | 9/10 [22:39<02:30, 150.35s/it][A 90%|â–ˆâ–ˆâ–ˆâ–ˆâ–ˆâ–ˆâ–ˆâ–ˆâ–ˆ | 9/10 [22:58<02:32, 152.62s/it]

 20%|â–ˆâ–ˆ        | 2/10 [04:55<19:43, 147.88s/it][A[A
100%|â–ˆâ–ˆâ–ˆâ–ˆâ–ˆâ–ˆâ–ˆâ–ˆâ–ˆâ–ˆ| 10/10 [25:07<00:00, 149.57s/it][A100%|â–ˆâ–ˆâ–ˆâ–ˆâ–ˆâ–ˆâ–ˆâ–ˆâ–ˆâ–ˆ| 10/10 [25:07<00:00, 150.71s/it]
[32m[I 2022-04-05 23:13:35,801][0m Trial 0 finished with value: 0.4504514343963885 and parameters: {'emb_size': 200, 'hidden_size': 128, 'fc_size': 64, 'num_layers': 3, 'dropout_rnn': 0.5496724606119066, 'dropout_fc': 0.7608911330801347, 'learning_rate': 0.025807757170833123, 'l2_reg': 0.012642938811996922}. Best is trial 1 with value: 0.4505606523955148.[0m

  0%|          | 0/10 [00:00<?, ?it/s][A100%|â–ˆâ–ˆâ–ˆâ–ˆâ–ˆâ–ˆâ–ˆâ–ˆâ–ˆâ–ˆ| 10/10 [25:29<00:00, 152.09s/it]100%|â–ˆâ–ˆâ–ˆâ–ˆâ–ˆâ–ˆâ–ˆâ–ˆâ–ˆâ–ˆ| 10/10 [25:29<00:00, 152.96s/it]
[32m[I 2022-04-05 23:13:58,714][0m Trial 2 finished with value: 0.450378622396971 and parameters: {'emb_size': 100, 'hidden_size': 256, 'fc_size': 128, 'num_layers': 3, 'dropout_rnn': 0.36441771263129197, 'dropout_fc': 0.20093028005922758, 'learning_rate': 0.008528741386855046, 'l2_reg': 0.4318387521593131}. Best is trial 1 with value: 0.4505606523955148.[0m
  0%|          | 0/10 [00:00<?, ?it/s]

 30%|â–ˆâ–ˆâ–ˆ       | 3/10 [07:28<17:29, 149.87s/it][A[A
 10%|â–ˆ         | 1/10 [01:58<17:46, 118.52s/it][A 10%|â–ˆ         | 1/10 [02:01<18:13, 121.50s/it]
 20%|â–ˆâ–ˆ        | 2/10 [03:57<15:52, 119.01s/it][A

 40%|â–ˆâ–ˆâ–ˆâ–ˆ      | 4/10 [10:02<15:09, 151.60s/it][A[A 20%|â–ˆâ–ˆ        | 2/10 [04:02<16:09, 121.21s/it]
 30%|â–ˆâ–ˆâ–ˆ       | 3/10 [05:58<13:57, 119.69s/it][A 30%|â–ˆâ–ˆâ–ˆ       | 3/10 [06:04<14:11, 121.68s/it]

 50%|â–ˆâ–ˆâ–ˆâ–ˆâ–ˆ     | 5/10 [12:35<12:41, 152.34s/it][A[A
 40%|â–ˆâ–ˆâ–ˆâ–ˆ      | 4/10 [07:57<11:57, 119.60s/it][A 40%|â–ˆâ–ˆâ–ˆâ–ˆ      | 4/10 [08:05<12:08, 121.36s/it]

 60%|â–ˆâ–ˆâ–ˆâ–ˆâ–ˆâ–ˆ    | 6/10 [15:08<10:10, 152.53s/it][A[A
 50%|â–ˆâ–ˆâ–ˆâ–ˆâ–ˆ     | 5/10 [09:58<09:59, 119.89s/it][A 50%|â–ˆâ–ˆâ–ˆâ–ˆâ–ˆ     | 5/10 [10:06<10:06, 121.30s/it]
 60%|â–ˆâ–ˆâ–ˆâ–ˆâ–ˆâ–ˆ    | 6/10 [11:58<08:00, 120.12s/it][A

 70%|â–ˆâ–ˆâ–ˆâ–ˆâ–ˆâ–ˆâ–ˆ   | 7/10 [17:41<07:38, 152.73s/it][A[A 60%|â–ˆâ–ˆâ–ˆâ–ˆâ–ˆâ–ˆ    | 6/10 [12:08<08:06, 121.56s/it]
 70%|â–ˆâ–ˆâ–ˆâ–ˆâ–ˆâ–ˆâ–ˆ   | 7/10 [13:58<06:00, 120.00s/it][A 70%|â–ˆâ–ˆâ–ˆâ–ˆâ–ˆâ–ˆâ–ˆ   | 7/10 [14:10<06:04, 121.51s/it]

 80%|â–ˆâ–ˆâ–ˆâ–ˆâ–ˆâ–ˆâ–ˆâ–ˆ  | 8/10 [20:15<05:05, 152.93s/it][A[A
 80%|â–ˆâ–ˆâ–ˆâ–ˆâ–ˆâ–ˆâ–ˆâ–ˆ  | 8/10 [15:58<04:00, 120.08s/it][A 80%|â–ˆâ–ˆâ–ˆâ–ˆâ–ˆâ–ˆâ–ˆâ–ˆ  | 8/10 [16:12<04:03, 121.76s/it]

 90%|â–ˆâ–ˆâ–ˆâ–ˆâ–ˆâ–ˆâ–ˆâ–ˆâ–ˆ | 9/10 [22:49<02:33, 153.21s/it][A[A
 90%|â–ˆâ–ˆâ–ˆâ–ˆâ–ˆâ–ˆâ–ˆâ–ˆâ–ˆ | 9/10 [17:59<02:00, 120.40s/it][A 90%|â–ˆâ–ˆâ–ˆâ–ˆâ–ˆâ–ˆâ–ˆâ–ˆâ–ˆ | 9/10 [18:15<02:02, 122.05s/it]

100%|â–ˆâ–ˆâ–ˆâ–ˆâ–ˆâ–ˆâ–ˆâ–ˆâ–ˆâ–ˆ| 10/10 [25:22<00:00, 153.39s/it][A[A100%|â–ˆâ–ˆâ–ˆâ–ˆâ–ˆâ–ˆâ–ˆâ–ˆâ–ˆâ–ˆ| 10/10 [25:22<00:00, 152.29s/it]
[32m[I 2022-04-05 23:33:23,154][0m Trial 3 finished with value: 0.4505970583952235 and parameters: {'emb_size': 200, 'hidden_size': 256, 'fc_size': 128, 'num_layers': 3, 'dropout_rnn': 0.3347849636376513, 'dropout_fc': 0.8473643457516649, 'learning_rate': 0.0006753892624310583, 'l2_reg': 0.34389714531181825}. Best is trial 3 with value: 0.4505970583952235.[0m


  0%|          | 0/10 [00:00<?, ?it/s][A[A
100%|â–ˆâ–ˆâ–ˆâ–ˆâ–ˆâ–ˆâ–ˆâ–ˆâ–ˆâ–ˆ| 10/10 [20:00<00:00, 120.45s/it][A100%|â–ˆâ–ˆâ–ˆâ–ˆâ–ˆâ–ˆâ–ˆâ–ˆâ–ˆâ–ˆ| 10/10 [20:00<00:00, 120.05s/it]
[32m[I 2022-04-05 23:33:37,671][0m Trial 4 finished with value: 0.4501601863987185 and parameters: {'emb_size': 100, 'hidden_size': 128, 'fc_size': 64, 'num_layers': 2, 'dropout_rnn': 0.40793415669137756, 'dropout_fc': 0.49443375105914406, 'learning_rate': 0.0012089510842118712, 'l2_reg': 0.06323726440465366}. Best is trial 3 with value: 0.4505970583952235.[0m

  0%|          | 0/10 [00:00<?, ?it/s][A100%|â–ˆâ–ˆâ–ˆâ–ˆâ–ˆâ–ˆâ–ˆâ–ˆâ–ˆâ–ˆ| 10/10 [20:16<00:00, 121.67s/it]100%|â–ˆâ–ˆâ–ˆâ–ˆâ–ˆâ–ˆâ–ˆâ–ˆâ–ˆâ–ˆ| 10/10 [20:16<00:00, 121.61s/it]
[32m[I 2022-04-05 23:34:16,265][0m Trial 5 finished with value: 0.4505606523955148 and parameters: {'emb_size': 100, 'hidden_size': 128, 'fc_size': 128, 'num_layers': 2, 'dropout_rnn': 0.6639315591751882, 'dropout_fc': 0.3856434939495794, 'learning_rate': 0.00015256262058212404, 'l2_reg': 0.022852435618912346}. Best is trial 3 with value: 0.4505970583952235.[0m
  0%|          | 0/10 [00:00<?, ?it/s]

 10%|â–ˆ         | 1/10 [01:58<17:48, 118.76s/it][A[A
 10%|â–ˆ         | 1/10 [02:31<22:41, 151.33s/it][A 10%|â–ˆ         | 1/10 [01:58<17:45, 118.41s/it]

 20%|â–ˆâ–ˆ        | 2/10 [03:57<15:49, 118.63s/it][A[A 20%|â–ˆâ–ˆ        | 2/10 [04:00<16:02, 120.34s/it]
 20%|â–ˆâ–ˆ        | 2/10 [05:04<20:19, 152.42s/it][A

 30%|â–ˆâ–ˆâ–ˆ       | 3/10 [05:57<13:55, 119.40s/it][A[A 30%|â–ˆâ–ˆâ–ˆ       | 3/10 [06:02<14:08, 121.19s/it]
 30%|â–ˆâ–ˆâ–ˆ       | 3/10 [07:38<17:52, 153.26s/it][A

 40%|â–ˆâ–ˆâ–ˆâ–ˆ      | 4/10 [07:58<12:00, 120.05s/it][A[A 40%|â–ˆâ–ˆâ–ˆâ–ˆ      | 4/10 [08:03<12:07, 121.18s/it]

 50%|â–ˆâ–ˆâ–ˆâ–ˆâ–ˆ     | 5/10 [09:58<10:00, 120.12s/it][A[A
 40%|â–ˆâ–ˆâ–ˆâ–ˆ      | 4/10 [10:12<15:19, 153.31s/it][A 50%|â–ˆâ–ˆâ–ˆâ–ˆâ–ˆ     | 5/10 [10:04<10:05, 121.16s/it]

 60%|â–ˆâ–ˆâ–ˆâ–ˆâ–ˆâ–ˆ    | 6/10 [12:00<08:01, 120.45s/it][A[A 60%|â–ˆâ–ˆâ–ˆâ–ˆâ–ˆâ–ˆ    | 6/10 [12:06<08:05, 121.40s/it]
 50%|â–ˆâ–ˆâ–ˆâ–ˆâ–ˆ     | 5/10 [12:45<12:46, 153.22s/it][A

 70%|â–ˆâ–ˆâ–ˆâ–ˆâ–ˆâ–ˆâ–ˆ   | 7/10 [13:59<06:00, 120.00s/it][A[A 70%|â–ˆâ–ˆâ–ˆâ–ˆâ–ˆâ–ˆâ–ˆ   | 7/10 [14:05<06:01, 120.58s/it]
 60%|â–ˆâ–ˆâ–ˆâ–ˆâ–ˆâ–ˆ    | 6/10 [15:16<10:09, 152.49s/it][A

 80%|â–ˆâ–ˆâ–ˆâ–ˆâ–ˆâ–ˆâ–ˆâ–ˆ  | 8/10 [15:58<03:59, 119.81s/it][A[A 80%|â–ˆâ–ˆâ–ˆâ–ˆâ–ˆâ–ˆâ–ˆâ–ˆ  | 8/10 [15:52<03:52, 116.26s/it]

 90%|â–ˆâ–ˆâ–ˆâ–ˆâ–ˆâ–ˆâ–ˆâ–ˆâ–ˆ | 9/10 [17:57<01:59, 119.53s/it][A[A
 70%|â–ˆâ–ˆâ–ˆâ–ˆâ–ˆâ–ˆâ–ˆ   | 7/10 [17:48<07:37, 152.34s/it][A 90%|â–ˆâ–ˆâ–ˆâ–ˆâ–ˆâ–ˆâ–ˆâ–ˆâ–ˆ | 9/10 [17:53<01:57, 117.71s/it]

100%|â–ˆâ–ˆâ–ˆâ–ˆâ–ˆâ–ˆâ–ˆâ–ˆâ–ˆâ–ˆ| 10/10 [19:57<00:00, 119.72s/it][A[A100%|â–ˆâ–ˆâ–ˆâ–ˆâ–ˆâ–ˆâ–ˆâ–ˆâ–ˆâ–ˆ| 10/10 [19:57<00:00, 119.75s/it]
[32m[I 2022-04-05 23:53:22,433][0m Trial 6 finished with value: 0.4504514343963885 and parameters: {'emb_size': 100, 'hidden_size': 256, 'fc_size': 64, 'num_layers': 2, 'dropout_rnn': 0.6718931467492573, 'dropout_fc': 0.6969540680747284, 'learning_rate': 6.577817970130904e-05, 'l2_reg': 0.012291201140564166}. Best is trial 3 with value: 0.4505970583952235.[0m


  0%|          | 0/10 [00:00<?, ?it/s][A[A
 80%|â–ˆâ–ˆâ–ˆâ–ˆâ–ˆâ–ˆâ–ˆâ–ˆ  | 8/10 [20:21<05:05, 152.66s/it][A100%|â–ˆâ–ˆâ–ˆâ–ˆâ–ˆâ–ˆâ–ˆâ–ˆâ–ˆâ–ˆ| 10/10 [19:55<00:00, 119.14s/it]100%|â–ˆâ–ˆâ–ˆâ–ˆâ–ˆâ–ˆâ–ˆâ–ˆâ–ˆâ–ˆ| 10/10 [19:55<00:00, 119.56s/it]
[32m[I 2022-04-05 23:54:13,290][0m Trial 8 finished with value: 0.4505970583952235 and parameters: {'emb_size': 200, 'hidden_size': 128, 'fc_size': 128, 'num_layers': 2, 'dropout_rnn': 0.7753301292947201, 'dropout_fc': 0.8700850823313786, 'learning_rate': 0.004865635261241532, 'l2_reg': 0.0022299376409047997}. Best is trial 3 with value: 0.4505970583952235.[0m
  0%|          | 0/10 [00:00<?, ?it/s]

 10%|â–ˆ         | 1/10 [02:31<22:47, 151.92s/it][A[A 10%|â–ˆ         | 1/10 [02:02<18:26, 122.97s/it]
 90%|â–ˆâ–ˆâ–ˆâ–ˆâ–ˆâ–ˆâ–ˆâ–ˆâ–ˆ | 9/10 [22:53<02:32, 152.40s/it][A 20%|â–ˆâ–ˆ        | 2/10 [04:06<16:24, 123.08s/it]

 20%|â–ˆâ–ˆ        | 2/10 [05:03<20:12, 151.52s/it][A[A
100%|â–ˆâ–ˆâ–ˆâ–ˆâ–ˆâ–ˆâ–ˆâ–ˆâ–ˆâ–ˆ| 10/10 [25:24<00:00, 151.93s/it][A100%|â–ˆâ–ˆâ–ˆâ–ˆâ–ˆâ–ˆâ–ˆâ–ˆâ–ˆâ–ˆ| 10/10 [25:24<00:00, 152.44s/it]
[32m[I 2022-04-05 23:59:04,432][0m Trial 7 finished with value: 0.4504878403960973 and parameters: {'emb_size': 100, 'hidden_size': 128, 'fc_size': 64, 'num_layers': 3, 'dropout_rnn': 0.3632782515513296, 'dropout_fc': 0.8017123632480121, 'learning_rate': 2.738673696363833e-05, 'l2_reg': 0.01830482136260322}. Best is trial 3 with value: 0.4505970583952235.[0m

  0%|          | 0/10 [00:00<?, ?it/s][A 30%|â–ˆâ–ˆâ–ˆ       | 3/10 [06:08<14:20, 122.94s/it]

 30%|â–ˆâ–ˆâ–ˆ       | 3/10 [07:36<17:45, 152.25s/it][A[A
 10%|â–ˆ         | 1/10 [02:00<18:00, 120.10s/it][A 40%|â–ˆâ–ˆâ–ˆâ–ˆ      | 4/10 [08:09<12:12, 122.11s/it]
 20%|â–ˆâ–ˆ        | 2/10 [03:58<15:55, 119.39s/it][A

 40%|â–ˆâ–ˆâ–ˆâ–ˆ      | 4/10 [10:14<15:28, 154.80s/it][A[A 50%|â–ˆâ–ˆâ–ˆâ–ˆâ–ˆ     | 5/10 [10:08<10:04, 120.95s/it]
 30%|â–ˆâ–ˆâ–ˆ       | 3/10 [05:33<12:35, 107.99s/it][A

 50%|â–ˆâ–ˆâ–ˆâ–ˆâ–ˆ     | 5/10 [12:50<12:56, 155.23s/it][A[A 60%|â–ˆâ–ˆâ–ˆâ–ˆâ–ˆâ–ˆ    | 6/10 [12:08<08:02, 120.66s/it]
 40%|â–ˆâ–ˆâ–ˆâ–ˆ      | 4/10 [07:32<11:14, 112.38s/it][A 70%|â–ˆâ–ˆâ–ˆâ–ˆâ–ˆâ–ˆâ–ˆ   | 7/10 [14:08<06:01, 120.40s/it]
 50%|â–ˆâ–ˆâ–ˆâ–ˆâ–ˆ     | 5/10 [09:31<09:34, 114.89s/it][A

 60%|â–ˆâ–ˆâ–ˆâ–ˆâ–ˆâ–ˆ    | 6/10 [15:23<10:17, 154.26s/it][A[A 80%|â–ˆâ–ˆâ–ˆâ–ˆâ–ˆâ–ˆâ–ˆâ–ˆ  | 8/10 [16:08<04:00, 120.36s/it]
 60%|â–ˆâ–ˆâ–ˆâ–ˆâ–ˆâ–ˆ    | 6/10 [11:32<07:46, 116.68s/it][A

 70%|â–ˆâ–ˆâ–ˆâ–ˆâ–ˆâ–ˆâ–ˆ   | 7/10 [17:54<07:40, 153.40s/it][A[A 90%|â–ˆâ–ˆâ–ˆâ–ˆâ–ˆâ–ˆâ–ˆâ–ˆâ–ˆ | 9/10 [18:09<02:00, 120.40s/it]
 70%|â–ˆâ–ˆâ–ˆâ–ˆâ–ˆâ–ˆâ–ˆ   | 7/10 [13:30<05:51, 117.23s/it][A

 80%|â–ˆâ–ˆâ–ˆâ–ˆâ–ˆâ–ˆâ–ˆâ–ˆ  | 8/10 [20:27<05:05, 153.00s/it][A[A100%|â–ˆâ–ˆâ–ˆâ–ˆâ–ˆâ–ˆâ–ˆâ–ˆâ–ˆâ–ˆ| 10/10 [20:11<00:00, 121.00s/it]100%|â–ˆâ–ˆâ–ˆâ–ˆâ–ˆâ–ˆâ–ˆâ–ˆâ–ˆâ–ˆ| 10/10 [20:11<00:00, 121.17s/it]
[32m[I 2022-04-06 00:14:26,473][0m Trial 10 finished with value: 0.450378622396971 and parameters: {'emb_size': 100, 'hidden_size': 128, 'fc_size': 128, 'num_layers': 2, 'dropout_rnn': 0.46861296763402843, 'dropout_fc': 0.43005794642641404, 'learning_rate': 0.0073041129449825165, 'l2_reg': 0.04295951593440415}. Best is trial 3 with value: 0.4505970583952235.[0m
  0%|          | 0/10 [00:00<?, ?it/s]
 80%|â–ˆâ–ˆâ–ˆâ–ˆâ–ˆâ–ˆâ–ˆâ–ˆ  | 8/10 [15:30<03:56, 118.27s/it][A

 90%|â–ˆâ–ˆâ–ˆâ–ˆâ–ˆâ–ˆâ–ˆâ–ˆâ–ˆ | 9/10 [22:59<02:32, 152.70s/it][A[A
 90%|â–ˆâ–ˆâ–ˆâ–ˆâ–ˆâ–ˆâ–ˆâ–ˆâ–ˆ | 9/10 [17:30<01:58, 118.72s/it][A 10%|â–ˆ         | 1/10 [02:32<22:52, 152.54s/it]
100%|â–ˆâ–ˆâ–ˆâ–ˆâ–ˆâ–ˆâ–ˆâ–ˆâ–ˆâ–ˆ| 10/10 [19:30<00:00, 119.23s/it][A100%|â–ˆâ–ˆâ–ˆâ–ˆâ–ˆâ–ˆâ–ˆâ–ˆâ–ˆâ–ˆ| 10/10 [19:30<00:00, 117.10s/it]
[32m[I 2022-04-06 00:18:36,813][0m Trial 11 finished with value: 0.43592544051259646 and parameters: {'emb_size': 200, 'hidden_size': 128, 'fc_size': 64, 'num_layers': 2, 'dropout_rnn': 0.2008070997082096, 'dropout_fc': 0.7049846793206882, 'learning_rate': 5.277174771318693e-05, 'l2_reg': 0.003247385873687947}. Best is trial 3 with value: 0.4505970583952235.[0m

  0%|          | 0/10 [00:00<?, ?it/s][A

100%|â–ˆâ–ˆâ–ˆâ–ˆâ–ˆâ–ˆâ–ˆâ–ˆâ–ˆâ–ˆ| 10/10 [25:27<00:00, 151.23s/it][A[A100%|â–ˆâ–ˆâ–ˆâ–ˆâ–ˆâ–ˆâ–ˆâ–ˆâ–ˆâ–ˆ| 10/10 [25:27<00:00, 152.71s/it]
[32m[I 2022-04-06 00:18:51,890][0m Trial 9 finished with value: 0.450232998398136 and parameters: {'emb_size': 100, 'hidden_size': 128, 'fc_size': 64, 'num_layers': 3, 'dropout_rnn': 0.5386300910635642, 'dropout_fc': 0.7732348231536823, 'learning_rate': 4.6780299703149216e-05, 'l2_reg': 0.011301486250515249}. Best is trial 3 with value: 0.4505970583952235.[0m


  0%|          | 0/10 [00:00<?, ?it/s][A[A 20%|â–ˆâ–ˆ        | 2/10 [05:01<20:02, 150.34s/it]
 10%|â–ˆ         | 1/10 [02:25<21:53, 145.99s/it][A

 10%|â–ˆ         | 1/10 [02:25<21:47, 145.32s/it][A[A 30%|â–ˆâ–ˆâ–ˆ       | 3/10 [07:28<17:23, 149.09s/it]
 20%|â–ˆâ–ˆ        | 2/10 [04:52<19:30, 146.33s/it][A

 20%|â–ˆâ–ˆ        | 2/10 [04:52<19:29, 146.23s/it][A[A 40%|â–ˆâ–ˆâ–ˆâ–ˆ      | 4/10 [09:54<14:47, 147.86s/it]
 30%|â–ˆâ–ˆâ–ˆ       | 3/10 [07:18<17:03, 146.28s/it][A

 30%|â–ˆâ–ˆâ–ˆ       | 3/10 [07:18<17:03, 146.27s/it][A[A 50%|â–ˆâ–ˆâ–ˆâ–ˆâ–ˆ     | 5/10 [12:18<12:11, 146.30s/it]
 40%|â–ˆâ–ˆâ–ˆâ–ˆ      | 4/10 [09:45<14:37, 146.33s/it][A

 40%|â–ˆâ–ˆâ–ˆâ–ˆ      | 4/10 [09:44<14:37, 146.22s/it][A[A 60%|â–ˆâ–ˆâ–ˆâ–ˆâ–ˆâ–ˆ    | 6/10 [14:41<09:40, 145.21s/it]
 50%|â–ˆâ–ˆâ–ˆâ–ˆâ–ˆ     | 5/10 [12:13<12:15, 147.19s/it][A

 50%|â–ˆâ–ˆâ–ˆâ–ˆâ–ˆ     | 5/10 [12:11<12:12, 146.47s/it][A[A 70%|â–ˆâ–ˆâ–ˆâ–ˆâ–ˆâ–ˆâ–ˆ   | 7/10 [17:04<07:13, 144.58s/it]
 60%|â–ˆâ–ˆâ–ˆâ–ˆâ–ˆâ–ˆ    | 6/10 [14:41<09:48, 147.18s/it][A

 60%|â–ˆâ–ˆâ–ˆâ–ˆâ–ˆâ–ˆ    | 6/10 [14:37<09:44, 146.25s/it][A[A 80%|â–ˆâ–ˆâ–ˆâ–ˆâ–ˆâ–ˆâ–ˆâ–ˆ  | 8/10 [19:27<04:48, 144.05s/it]
 70%|â–ˆâ–ˆâ–ˆâ–ˆâ–ˆâ–ˆâ–ˆ   | 7/10 [17:07<07:20, 146.93s/it][A

 70%|â–ˆâ–ˆâ–ˆâ–ˆâ–ˆâ–ˆâ–ˆ   | 7/10 [17:04<07:19, 146.50s/it][A[A 90%|â–ˆâ–ˆâ–ˆâ–ˆâ–ˆâ–ˆâ–ˆâ–ˆâ–ˆ | 9/10 [21:48<02:23, 143.02s/it]
 80%|â–ˆâ–ˆâ–ˆâ–ˆâ–ˆâ–ˆâ–ˆâ–ˆ  | 8/10 [19:32<04:52, 146.26s/it][A

 80%|â–ˆâ–ˆâ–ˆâ–ˆâ–ˆâ–ˆâ–ˆâ–ˆ  | 8/10 [19:31<04:53, 146.61s/it][A[A100%|â–ˆâ–ˆâ–ˆâ–ˆâ–ˆâ–ˆâ–ˆâ–ˆâ–ˆâ–ˆ| 10/10 [24:11<00:00, 143.01s/it]100%|â–ˆâ–ˆâ–ˆâ–ˆâ–ˆâ–ˆâ–ˆâ–ˆâ–ˆâ–ˆ| 10/10 [24:11<00:00, 145.15s/it]
[32m[I 2022-04-06 00:38:40,740][0m Trial 12 finished with value: 0.45019659239842724 and parameters: {'emb_size': 200, 'hidden_size': 256, 'fc_size': 128, 'num_layers': 3, 'dropout_rnn': 0.2768065478975543, 'dropout_fc': 0.6333314713965136, 'learning_rate': 0.0004750138606091802, 'l2_reg': 0.4133188883338383}. Best is trial 3 with value: 0.4505970583952235.[0m
  0%|          | 0/10 [00:00<?, ?it/s]
 90%|â–ˆâ–ˆâ–ˆâ–ˆâ–ˆâ–ˆâ–ˆâ–ˆâ–ˆ | 9/10 [21:58<02:26, 146.16s/it][A

 90%|â–ˆâ–ˆâ–ˆâ–ˆâ–ˆâ–ˆâ–ˆâ–ˆâ–ˆ | 9/10 [21:56<02:26, 146.31s/it][A[A 10%|â–ˆ         | 1/10 [02:22<21:25, 142.85s/it]
100%|â–ˆâ–ˆâ–ˆâ–ˆâ–ˆâ–ˆâ–ˆâ–ˆâ–ˆâ–ˆ| 10/10 [24:21<00:00, 145.29s/it][A100%|â–ˆâ–ˆâ–ˆâ–ˆâ–ˆâ–ˆâ–ˆâ–ˆâ–ˆâ–ˆ| 10/10 [24:21<00:00, 146.16s/it]
[32m[I 2022-04-06 00:43:01,146][0m Trial 13 finished with value: 0.4503422163972623 and parameters: {'emb_size': 200, 'hidden_size': 256, 'fc_size': 128, 'num_layers': 3, 'dropout_rnn': 0.7719319981044162, 'dropout_fc': 0.8258509572794775, 'learning_rate': 0.0007933861602827466, 'l2_reg': 0.0011194832354054606}. Best is trial 3 with value: 0.4505970583952235.[0m

  0%|          | 0/10 [00:00<?, ?it/s][A

100%|â–ˆâ–ˆâ–ˆâ–ˆâ–ˆâ–ˆâ–ˆâ–ˆâ–ˆâ–ˆ| 10/10 [24:20<00:00, 145.50s/it][A[A100%|â–ˆâ–ˆâ–ˆâ–ˆâ–ˆâ–ˆâ–ˆâ–ˆâ–ˆâ–ˆ| 10/10 [24:20<00:00, 146.06s/it]
[32m[I 2022-04-06 00:43:15,272][0m Trial 14 finished with value: 0.450232998398136 and parameters: {'emb_size': 200, 'hidden_size': 256, 'fc_size': 128, 'num_layers': 3, 'dropout_rnn': 0.7499258491992097, 'dropout_fc': 0.883322127991021, 'learning_rate': 0.000809230146532723, 'l2_reg': 0.0012795302735210039}. Best is trial 3 with value: 0.4505970583952235.[0m


  0%|          | 0/10 [00:00<?, ?it/s][A[A 20%|â–ˆâ–ˆ        | 2/10 [04:44<18:59, 142.39s/it]

 10%|â–ˆ         | 1/10 [01:54<17:10, 114.54s/it][A[A
 10%|â–ˆ         | 1/10 [02:23<21:34, 143.89s/it][A 30%|â–ˆâ–ˆâ–ˆ       | 3/10 [07:07<16:36, 142.34s/it]

 20%|â–ˆâ–ˆ        | 2/10 [03:49<15:16, 114.62s/it][A[A
 20%|â–ˆâ–ˆ        | 2/10 [04:47<19:09, 143.73s/it][A 40%|â–ˆâ–ˆâ–ˆâ–ˆ      | 4/10 [09:29<14:14, 142.46s/it]

 30%|â–ˆâ–ˆâ–ˆ       | 3/10 [05:43<13:21, 114.45s/it][A[A
 30%|â–ˆâ–ˆâ–ˆ       | 3/10 [07:09<16:41, 143.05s/it][A 50%|â–ˆâ–ˆâ–ˆâ–ˆâ–ˆ     | 5/10 [11:51<11:50, 142.14s/it]

 40%|â–ˆâ–ˆâ–ˆâ–ˆ      | 4/10 [07:37<11:26, 114.43s/it][A[A
 40%|â–ˆâ–ˆâ–ˆâ–ˆ      | 4/10 [09:32<14:17, 142.89s/it][A

 50%|â–ˆâ–ˆâ–ˆâ–ˆâ–ˆ     | 5/10 [09:32<09:32, 114.58s/it][A[A 60%|â–ˆâ–ˆâ–ˆâ–ˆâ–ˆâ–ˆ    | 6/10 [14:13<09:28, 142.07s/it]

 60%|â–ˆâ–ˆâ–ˆâ–ˆâ–ˆâ–ˆ    | 6/10 [11:26<07:37, 114.46s/it][A[A
 50%|â–ˆâ–ˆâ–ˆâ–ˆâ–ˆ     | 5/10 [11:56<11:56, 143.27s/it][A 70%|â–ˆâ–ˆâ–ˆâ–ˆâ–ˆâ–ˆâ–ˆ   | 7/10 [16:36<07:06, 142.29s/it]

 70%|â–ˆâ–ˆâ–ˆâ–ˆâ–ˆâ–ˆâ–ˆ   | 7/10 [13:21<05:43, 114.54s/it][A[A
 60%|â–ˆâ–ˆâ–ˆâ–ˆâ–ˆâ–ˆ    | 6/10 [14:20<09:34, 143.52s/it][A 80%|â–ˆâ–ˆâ–ˆâ–ˆâ–ˆâ–ˆâ–ˆâ–ˆ  | 8/10 [18:58<04:44, 142.48s/it]

 80%|â–ˆâ–ˆâ–ˆâ–ˆâ–ˆâ–ˆâ–ˆâ–ˆ  | 8/10 [15:16<03:49, 114.61s/it][A[A
 70%|â–ˆâ–ˆâ–ˆâ–ˆâ–ˆâ–ˆâ–ˆ   | 7/10 [16:43<07:09, 143.27s/it][A 90%|â–ˆâ–ˆâ–ˆâ–ˆâ–ˆâ–ˆâ–ˆâ–ˆâ–ˆ | 9/10 [21:21<02:22, 142.34s/it]

 90%|â–ˆâ–ˆâ–ˆâ–ˆâ–ˆâ–ˆâ–ˆâ–ˆâ–ˆ | 9/10 [17:10<01:54, 114.49s/it][A[A
 80%|â–ˆâ–ˆâ–ˆâ–ˆâ–ˆâ–ˆâ–ˆâ–ˆ  | 8/10 [19:04<04:45, 142.64s/it][A100%|â–ˆâ–ˆâ–ˆâ–ˆâ–ˆâ–ˆâ–ˆâ–ˆâ–ˆâ–ˆ| 10/10 [23:35<00:00, 139.84s/it]100%|â–ˆâ–ˆâ–ˆâ–ˆâ–ˆâ–ˆâ–ˆâ–ˆâ–ˆâ–ˆ| 10/10 [23:35<00:00, 141.53s/it]


100%|â–ˆâ–ˆâ–ˆâ–ˆâ–ˆâ–ˆâ–ˆâ–ˆâ–ˆâ–ˆ| 10/10 [19:02<00:00, 113.70s/it][A[A100%|â–ˆâ–ˆâ–ˆâ–ˆâ–ˆâ–ˆâ–ˆâ–ˆâ–ˆâ–ˆ| 10/10 [19:02<00:00, 114.25s/it]
[32m[I 2022-04-06 01:02:18,768][0m Trial 15 finished with value: 0.45026940439784474 and parameters: {'emb_size': 200, 'hidden_size': 256, 'fc_size': 128, 'num_layers': 3, 'dropout_rnn': 0.7684635383362343, 'dropout_fc': 0.8991977211419618, 'learning_rate': 0.0015731752235909927, 'l2_reg': 0.001028992203025861}. Best is trial 3 with value: 0.4505970583952235.[0m
  0%|          | 0/10 [00:00<?, ?it/s][32m[I 2022-04-06 01:02:19,600][0m Trial 17 finished with value: 0.4504514343963885 and parameters: {'emb_size': 200, 'hidden_size': 256, 'fc_size': 128, 'num_layers': 2, 'dropout_rnn': 0.6080296974203319, 'dropout_fc': 0.8577227279528986, 'learning_rate': 0.003652763820065213, 'l2_reg': 0.0030879361742166896}. Best is trial 3 with value: 0.4505970583952235.[0m


  0%|          | 0/10 [00:00<?, ?it/s][A[A 10%|â–ˆ         | 1/10 [01:51<16:45, 111.77s/it]

 10%|â–ˆ         | 1/10 [01:52<16:53, 112.57s/it][A[A
 90%|â–ˆâ–ˆâ–ˆâ–ˆâ–ˆâ–ˆâ–ˆâ–ˆâ–ˆ | 9/10 [21:29<02:23, 143.55s/it][A 20%|â–ˆâ–ˆ        | 2/10 [03:43<14:55, 111.93s/it]

 20%|â–ˆâ–ˆ        | 2/10 [03:45<15:02, 112.75s/it][A[A
100%|â–ˆâ–ˆâ–ˆâ–ˆâ–ˆâ–ˆâ–ˆâ–ˆâ–ˆâ–ˆ| 10/10 [23:55<00:00, 144.21s/it][A100%|â–ˆâ–ˆâ–ˆâ–ˆâ–ˆâ–ˆâ–ˆâ–ˆâ–ˆâ–ˆ| 10/10 [23:55<00:00, 143.56s/it]
