[32m[I 2022-04-06 01:06:59,525][0m Trial 16 finished with value: 0.45019659239842724 and parameters: {'emb_size': 200, 'hidden_size': 256, 'fc_size': 128, 'num_layers': 3, 'dropout_rnn': 0.6449266033247028, 'dropout_fc': 0.8801538246187295, 'learning_rate': 0.0038129595905815154, 'l2_reg': 0.003582302797404361}. Best is trial 3 with value: 0.4505970583952235.[0m

  0%|          | 0/10 [00:00<?, ?it/s][A 30%|â–ˆâ–ˆâ–ˆ       | 3/10 [05:36<13:05, 112.21s/it]

 30%|â–ˆâ–ˆâ–ˆ       | 3/10 [05:38<13:11, 113.04s/it][A[A
 10%|â–ˆ         | 1/10 [01:51<16:43, 111.52s/it][A 40%|â–ˆâ–ˆâ–ˆâ–ˆ      | 4/10 [07:27<11:10, 111.72s/it]

 40%|â–ˆâ–ˆâ–ˆâ–ˆ      | 4/10 [07:31<11:16, 112.78s/it][A[A
 20%|â–ˆâ–ˆ        | 2/10 [03:44<14:57, 112.20s/it][A 50%|â–ˆâ–ˆâ–ˆâ–ˆâ–ˆ     | 5/10 [09:19<09:18, 111.77s/it]

 50%|â–ˆâ–ˆâ–ˆâ–ˆâ–ˆ     | 5/10 [09:23<09:23, 112.72s/it][A[A
 30%|â–ˆâ–ˆâ–ˆ       | 3/10 [05:36<13:05, 112.22s/it][A 60%|â–ˆâ–ˆâ–ˆâ–ˆâ–ˆâ–ˆ    | 6/10 [11:09<07:24, 111.12s/it]

 60%|â–ˆâ–ˆâ–ˆâ–ˆâ–ˆâ–ˆ    | 6/10 [11:15<07:29, 112.41s/it][A[A
 40%|â–ˆâ–ˆâ–ˆâ–ˆ      | 4/10 [07:27<11:10, 111.78s/it][A 70%|â–ˆâ–ˆâ–ˆâ–ˆâ–ˆâ–ˆâ–ˆ   | 7/10 [12:37<05:11, 103.67s/it]

 70%|â–ˆâ–ˆâ–ˆâ–ˆâ–ˆâ–ˆâ–ˆ   | 7/10 [13:07<05:36, 112.11s/it][A[A
 50%|â–ˆâ–ˆâ–ˆâ–ˆâ–ˆ     | 5/10 [09:19<09:19, 112.00s/it][A 80%|â–ˆâ–ˆâ–ˆâ–ˆâ–ˆâ–ˆâ–ˆâ–ˆ  | 8/10 [14:28<03:31, 105.98s/it]

 80%|â–ˆâ–ˆâ–ˆâ–ˆâ–ˆâ–ˆâ–ˆâ–ˆ  | 8/10 [14:59<03:44, 112.28s/it][A[A
 60%|â–ˆâ–ˆâ–ˆâ–ˆâ–ˆâ–ˆ    | 6/10 [11:12<07:28, 112.15s/it][A 90%|â–ˆâ–ˆâ–ˆâ–ˆâ–ˆâ–ˆâ–ˆâ–ˆâ–ˆ | 9/10 [16:20<01:47, 107.82s/it]

 90%|â–ˆâ–ˆâ–ˆâ–ˆâ–ˆâ–ˆâ–ˆâ–ˆâ–ˆ | 9/10 [16:52<01:52, 112.48s/it][A[A
 70%|â–ˆâ–ˆâ–ˆâ–ˆâ–ˆâ–ˆâ–ˆ   | 7/10 [13:05<05:37, 112.43s/it][A100%|â–ˆâ–ˆâ–ˆâ–ˆâ–ˆâ–ˆâ–ˆâ–ˆâ–ˆâ–ˆ| 10/10 [18:11<00:00, 109.05s/it]100%|â–ˆâ–ˆâ–ˆâ–ˆâ–ˆâ–ˆâ–ˆâ–ˆâ–ˆâ–ˆ| 10/10 [18:11<00:00, 109.20s/it]
[32m[I 2022-04-06 01:20:32,413][0m Trial 18 finished with value: 0.4505606523955148 and parameters: {'emb_size': 200, 'hidden_size': 256, 'fc_size': 128, 'num_layers': 2, 'dropout_rnn': 0.6108640852680424, 'dropout_fc': 0.653007475584829, 'learning_rate': 0.0031850630899683237, 'l2_reg': 0.004250480061399934}. Best is trial 3 with value: 0.4505970583952235.[0m
  0%|          | 0/10 [00:00<?, ?it/s]

100%|â–ˆâ–ˆâ–ˆâ–ˆâ–ˆâ–ˆâ–ˆâ–ˆâ–ˆâ–ˆ| 10/10 [18:45<00:00, 112.51s/it][A[A100%|â–ˆâ–ˆâ–ˆâ–ˆâ–ˆâ–ˆâ–ˆâ–ˆâ–ˆâ–ˆ| 10/10 [18:45<00:00, 112.53s/it]
[32m[I 2022-04-06 01:21:06,497][0m Trial 19 finished with value: 0.4503422163972623 and parameters: {'emb_size': 200, 'hidden_size': 256, 'fc_size': 128, 'num_layers': 2, 'dropout_rnn': 0.46234474390069924, 'dropout_fc': 0.6204267613208729, 'learning_rate': 0.07388475454234424, 'l2_reg': 0.13697762091452823}. Best is trial 3 with value: 0.4505970583952235.[0m


  0%|          | 0/10 [00:00<?, ?it/s][A[A
 80%|â–ˆâ–ˆâ–ˆâ–ˆâ–ˆâ–ˆâ–ˆâ–ˆ  | 8/10 [14:57<03:44, 112.38s/it][A 10%|â–ˆ         | 1/10 [01:51<16:43, 111.55s/it]

 10%|â–ˆ         | 1/10 [02:24<21:44, 144.97s/it][A[A
 90%|â–ˆâ–ˆâ–ˆâ–ˆâ–ˆâ–ˆâ–ˆâ–ˆâ–ˆ | 9/10 [16:50<01:52, 112.67s/it][A 20%|â–ˆâ–ˆ        | 2/10 [03:45<15:01, 112.71s/it]
100%|â–ˆâ–ˆâ–ˆâ–ˆâ–ˆâ–ˆâ–ˆâ–ˆâ–ˆâ–ˆ| 10/10 [17:58<00:00, 98.85s/it][A100%|â–ˆâ–ˆâ–ˆâ–ˆâ–ˆâ–ˆâ–ˆâ–ˆâ–ˆâ–ˆ| 10/10 [17:58<00:00, 107.89s/it]
[32m[I 2022-04-06 01:24:59,697][0m Trial 20 finished with value: 0.4505606523955148 and parameters: {'emb_size': 200, 'hidden_size': 128, 'fc_size': 128, 'num_layers': 2, 'dropout_rnn': 0.4547043265502533, 'dropout_fc': 0.6426171266006275, 'learning_rate': 0.06546489778747734, 'l2_reg': 0.17490951756808423}. Best is trial 3 with value: 0.4505970583952235.[0m

  0%|          | 0/10 [00:00<?, ?it/s][A

 20%|â–ˆâ–ˆ        | 2/10 [04:50<19:24, 145.57s/it][A[A 30%|â–ˆâ–ˆâ–ˆ       | 3/10 [05:37<13:09, 112.74s/it]
 10%|â–ˆ         | 1/10 [01:50<16:31, 110.13s/it][A 40%|â–ˆâ–ˆâ–ˆâ–ˆ      | 4/10 [07:30<11:15, 112.55s/it]

 30%|â–ˆâ–ˆâ–ˆ       | 3/10 [07:17<17:00, 145.82s/it][A[A
 20%|â–ˆâ–ˆ        | 2/10 [03:42<14:50, 111.27s/it][A 50%|â–ˆâ–ˆâ–ˆâ–ˆâ–ˆ     | 5/10 [09:22<09:21, 112.34s/it]
 30%|â–ˆâ–ˆâ–ˆ       | 3/10 [05:34<13:03, 111.88s/it][A

 40%|â–ˆâ–ˆâ–ˆâ–ˆ      | 4/10 [09:43<14:35, 145.89s/it][A[A 60%|â–ˆâ–ˆâ–ˆâ–ˆâ–ˆâ–ˆ    | 6/10 [11:14<07:29, 112.30s/it]
 40%|â–ˆâ–ˆâ–ˆâ–ˆ      | 4/10 [07:27<11:12, 112.06s/it][A

 50%|â–ˆâ–ˆâ–ˆâ–ˆâ–ˆ     | 5/10 [12:09<12:10, 146.02s/it][A[A 70%|â–ˆâ–ˆâ–ˆâ–ˆâ–ˆâ–ˆâ–ˆ   | 7/10 [13:06<05:36, 112.14s/it]
 50%|â–ˆâ–ˆâ–ˆâ–ˆâ–ˆ     | 5/10 [09:19<09:21, 112.34s/it][A 80%|â–ˆâ–ˆâ–ˆâ–ˆâ–ˆâ–ˆâ–ˆâ–ˆ  | 8/10 [14:57<03:43, 111.78s/it]

 60%|â–ˆâ–ˆâ–ˆâ–ˆâ–ˆâ–ˆ    | 6/10 [14:35<09:44, 146.14s/it][A[A
 60%|â–ˆâ–ˆâ–ˆâ–ˆâ–ˆâ–ˆ    | 6/10 [11:13<07:31, 112.77s/it][A 90%|â–ˆâ–ˆâ–ˆâ–ˆâ–ˆâ–ˆâ–ˆâ–ˆâ–ˆ | 9/10 [16:50<01:52, 112.15s/it]
 70%|â–ˆâ–ˆâ–ˆâ–ˆâ–ˆâ–ˆâ–ˆ   | 7/10 [13:06<05:38, 112.67s/it][A

 70%|â–ˆâ–ˆâ–ˆâ–ˆâ–ˆâ–ˆâ–ˆ   | 7/10 [17:01<07:17, 146.00s/it][A[A100%|â–ˆâ–ˆâ–ˆâ–ˆâ–ˆâ–ˆâ–ˆâ–ˆâ–ˆâ–ˆ| 10/10 [18:42<00:00, 112.14s/it]100%|â–ˆâ–ˆâ–ˆâ–ˆâ–ˆâ–ˆâ–ˆâ–ˆâ–ˆâ–ˆ| 10/10 [18:42<00:00, 112.22s/it]
[32m[I 2022-04-06 01:39:15,994][0m Trial 21 finished with value: 0.4506334643949323 and parameters: {'emb_size': 200, 'hidden_size': 128, 'fc_size': 128, 'num_layers': 2, 'dropout_rnn': 0.4665638642311729, 'dropout_fc': 0.28126112002706705, 'learning_rate': 0.0985078553735877, 'l2_reg': 0.19361875994630842}. Best is trial 21 with value: 0.4506334643949323.[0m
  0%|          | 0/10 [00:00<?, ?it/s]
 80%|â–ˆâ–ˆâ–ˆâ–ˆâ–ˆâ–ˆâ–ˆâ–ˆ  | 8/10 [14:59<03:45, 112.88s/it][A

 80%|â–ˆâ–ˆâ–ˆâ–ˆâ–ˆâ–ˆâ–ˆâ–ˆ  | 8/10 [19:28<04:52, 146.30s/it][A[A 10%|â–ˆ         | 1/10 [01:52<16:55, 112.85s/it]
 90%|â–ˆâ–ˆâ–ˆâ–ˆâ–ˆâ–ˆâ–ˆâ–ˆâ–ˆ | 9/10 [16:45<01:50, 110.70s/it][A 20%|â–ˆâ–ˆ        | 2/10 [03:45<15:02, 112.82s/it]

 90%|â–ˆâ–ˆâ–ˆâ–ˆâ–ˆâ–ˆâ–ˆâ–ˆâ–ˆ | 9/10 [21:55<02:26, 146.47s/it][A[A
100%|â–ˆâ–ˆâ–ˆâ–ˆâ–ˆâ–ˆâ–ˆâ–ˆâ–ˆâ–ˆ| 10/10 [18:34<00:00, 110.30s/it][A100%|â–ˆâ–ˆâ–ˆâ–ˆâ–ˆâ–ˆâ–ˆâ–ˆâ–ˆâ–ˆ| 10/10 [18:34<00:00, 111.47s/it]
[32m[I 2022-04-06 01:43:35,723][0m Trial 23 finished with value: 0.4505970583952235 and parameters: {'emb_size': 200, 'hidden_size': 128, 'fc_size': 128, 'num_layers': 2, 'dropout_rnn': 0.41917466630561506, 'dropout_fc': 0.7479555845629076, 'learning_rate': 0.09941304089219391, 'l2_reg': 0.20959764862233857}. Best is trial 21 with value: 0.4506334643949323.[0m

  0%|          | 0/10 [00:00<?, ?it/s][A 30%|â–ˆâ–ˆâ–ˆ       | 3/10 [05:38<13:09, 112.77s/it]

100%|â–ˆâ–ˆâ–ˆâ–ˆâ–ˆâ–ˆâ–ˆâ–ˆâ–ˆâ–ˆ| 10/10 [24:21<00:00, 146.38s/it][A[A100%|â–ˆâ–ˆâ–ˆâ–ˆâ–ˆâ–ˆâ–ˆâ–ˆâ–ˆâ–ˆ| 10/10 [24:21<00:00, 146.14s/it]

 10%|â–ˆ         | 1/10 [01:52<16:49, 112.20s/it][A[32m[I 2022-04-06 01:45:30,146][0m Trial 22 finished with value: 0.4504878403960973 and parameters: {'emb_size': 200, 'hidden_size': 128, 'fc_size': 128, 'num_layers': 3, 'dropout_rnn': 0.2509539868140458, 'dropout_fc': 0.28877529115950507, 'learning_rate': 0.00022679053988627418, 'l2_reg': 0.17546784305712057}. Best is trial 21 with value: 0.4506334643949323.[0m


  0%|          | 0/10 [00:00<?, ?it/s][A[A 40%|â–ˆâ–ˆâ–ˆâ–ˆ      | 4/10 [07:30<11:15, 112.60s/it]
 20%|â–ˆâ–ˆ        | 2/10 [03:44<14:58, 112.36s/it][A

 10%|â–ˆ         | 1/10 [01:52<16:56, 112.94s/it][A[A 50%|â–ˆâ–ˆâ–ˆâ–ˆâ–ˆ     | 5/10 [09:23<09:22, 112.54s/it]
 30%|â–ˆâ–ˆâ–ˆ       | 3/10 [05:37<13:07, 112.46s/it][A

 20%|â–ˆâ–ˆ        | 2/10 [03:45<15:02, 112.85s/it][A[A 60%|â–ˆâ–ˆâ–ˆâ–ˆâ–ˆâ–ˆ    | 6/10 [11:14<07:29, 112.28s/it]

 30%|â–ˆâ–ˆâ–ˆ       | 3/10 [05:19<12:09, 104.27s/it][A[A
 40%|â–ˆâ–ˆâ–ˆâ–ˆ      | 4/10 [07:29<11:14, 112.40s/it][A 70%|â–ˆâ–ˆâ–ˆâ–ˆâ–ˆâ–ˆâ–ˆ   | 7/10 [13:07<05:37, 112.53s/it]

 40%|â–ˆâ–ˆâ–ˆâ–ˆ      | 4/10 [07:13<10:47, 107.98s/it][A[A
 50%|â–ˆâ–ˆâ–ˆâ–ˆâ–ˆ     | 5/10 [09:23<09:24, 112.89s/it][A 80%|â–ˆâ–ˆâ–ˆâ–ˆâ–ˆâ–ˆâ–ˆâ–ˆ  | 8/10 [15:00<03:44, 112.42s/it]

 50%|â–ˆâ–ˆâ–ˆâ–ˆâ–ˆ     | 5/10 [09:06<09:08, 109.73s/it][A[A
 60%|â–ˆâ–ˆâ–ˆâ–ˆâ–ˆâ–ˆ    | 6/10 [11:15<07:31, 112.78s/it][A 90%|â–ˆâ–ˆâ–ˆâ–ˆâ–ˆâ–ˆâ–ˆâ–ˆâ–ˆ | 9/10 [16:52<01:52, 112.43s/it]

 60%|â–ˆâ–ˆâ–ˆâ–ˆâ–ˆâ–ˆ    | 6/10 [10:59<07:23, 110.90s/it][A[A
 70%|â–ˆâ–ˆâ–ˆâ–ˆâ–ˆâ–ˆâ–ˆ   | 7/10 [13:08<05:38, 112.74s/it][A100%|â–ˆâ–ˆâ–ˆâ–ˆâ–ˆâ–ˆâ–ˆâ–ˆâ–ˆâ–ˆ| 10/10 [18:45<00:00, 112.44s/it]100%|â–ˆâ–ˆâ–ˆâ–ˆâ–ˆâ–ˆâ–ˆâ–ˆâ–ˆâ–ˆ| 10/10 [18:45<00:00, 112.51s/it]
[32m[I 2022-04-06 01:58:02,439][0m Trial 24 finished with value: 0.4501601863987185 and parameters: {'emb_size': 200, 'hidden_size': 128, 'fc_size': 128, 'num_layers': 2, 'dropout_rnn': 0.5264681818900185, 'dropout_fc': 0.24228171413679994, 'learning_rate': 0.00028057930619523387, 'l2_reg': 0.24435497696613007}. Best is trial 21 with value: 0.4506334643949323.[0m
  0%|          | 0/10 [00:00<?, ?it/s]

 70%|â–ˆâ–ˆâ–ˆâ–ˆâ–ˆâ–ˆâ–ˆ   | 7/10 [12:52<05:34, 111.63s/it][A[A
 80%|â–ˆâ–ˆâ–ˆâ–ˆâ–ˆâ–ˆâ–ˆâ–ˆ  | 8/10 [15:01<03:45, 112.89s/it][A 10%|â–ˆ         | 1/10 [01:52<16:49, 112.22s/it]

 80%|â–ˆâ–ˆâ–ˆâ–ˆâ–ˆâ–ˆâ–ˆâ–ˆ  | 8/10 [14:45<03:43, 111.97s/it][A[A
 90%|â–ˆâ–ˆâ–ˆâ–ˆâ–ˆâ–ˆâ–ˆâ–ˆâ–ˆ | 9/10 [16:53<01:52, 112.69s/it][A 20%|â–ˆâ–ˆ        | 2/10 [03:44<14:55, 111.99s/it]

 90%|â–ˆâ–ˆâ–ˆâ–ˆâ–ˆâ–ˆâ–ˆâ–ˆâ–ˆ | 9/10 [16:38<01:52, 112.39s/it][A[A
100%|â–ˆâ–ˆâ–ˆâ–ˆâ–ˆâ–ˆâ–ˆâ–ˆâ–ˆâ–ˆ| 10/10 [18:47<00:00, 112.87s/it][A100%|â–ˆâ–ˆâ–ˆâ–ˆâ–ˆâ–ˆâ–ˆâ–ˆâ–ˆâ–ˆ| 10/10 [18:47<00:00, 112.73s/it]
[32m[I 2022-04-06 02:02:24,348][0m Trial 25 finished with value: 0.4506334643949323 and parameters: {'emb_size': 200, 'hidden_size': 128, 'fc_size': 128, 'num_layers': 2, 'dropout_rnn': 0.2482075431925664, 'dropout_fc': 0.206968185833791, 'learning_rate': 0.023959278114559786, 'l2_reg': 0.2441380238274621}. Best is trial 21 with value: 0.4506334643949323.[0m

  0%|          | 0/10 [00:00<?, ?it/s][A 30%|â–ˆâ–ˆâ–ˆ       | 3/10 [05:37<13:07, 112.56s/it]

100%|â–ˆâ–ˆâ–ˆâ–ˆâ–ˆâ–ˆâ–ˆâ–ˆâ–ˆâ–ˆ| 10/10 [18:32<00:00, 112.71s/it][A[A100%|â–ˆâ–ˆâ–ˆâ–ˆâ–ˆâ–ˆâ–ˆâ–ˆâ–ˆâ–ˆ| 10/10 [18:32<00:00, 111.20s/it]
[32m[I 2022-04-06 02:04:03,530][0m Trial 26 finished with value: 0.45005096839959224 and parameters: {'emb_size': 200, 'hidden_size': 128, 'fc_size': 128, 'num_layers': 2, 'dropout_rnn': 0.402105244925115, 'dropout_fc': 0.33910676392094385, 'learning_rate': 0.02163929582952497, 'l2_reg': 0.25878493472707187}. Best is trial 21 with value: 0.4506334643949323.[0m


  0%|          | 0/10 [00:00<?, ?it/s][A[A
 10%|â–ˆ         | 1/10 [01:53<17:01, 113.47s/it][A 40%|â–ˆâ–ˆâ–ˆâ–ˆ      | 4/10 [07:28<11:13, 112.21s/it]

 10%|â–ˆ         | 1/10 [01:51<16:47, 111.91s/it][A[A
 20%|â–ˆâ–ˆ        | 2/10 [03:46<15:05, 113.21s/it][A 50%|â–ˆâ–ˆâ–ˆâ–ˆâ–ˆ     | 5/10 [09:21<09:21, 112.33s/it]

 20%|â–ˆâ–ˆ        | 2/10 [03:44<14:58, 112.27s/it][A[A
 30%|â–ˆâ–ˆâ–ˆ       | 3/10 [05:38<13:09, 112.83s/it][A 60%|â–ˆâ–ˆâ–ˆâ–ˆâ–ˆâ–ˆ    | 6/10 [11:13<07:29, 112.27s/it]

 30%|â–ˆâ–ˆâ–ˆ       | 3/10 [05:37<13:07, 112.44s/it][A[A
 40%|â–ˆâ–ˆâ–ˆâ–ˆ      | 4/10 [07:31<11:17, 112.84s/it][A 70%|â–ˆâ–ˆâ–ˆâ–ˆâ–ˆâ–ˆâ–ˆ   | 7/10 [13:01<05:32, 110.68s/it]

 40%|â–ˆâ–ˆâ–ˆâ–ˆ      | 4/10 [07:30<11:16, 112.70s/it][A[A
 50%|â–ˆâ–ˆâ–ˆâ–ˆâ–ˆ     | 5/10 [09:24<09:23, 112.74s/it][A 80%|â–ˆâ–ˆâ–ˆâ–ˆâ–ˆâ–ˆâ–ˆâ–ˆ  | 8/10 [14:37<03:32, 106.26s/it]

 50%|â–ˆâ–ˆâ–ˆâ–ˆâ–ˆ     | 5/10 [09:23<09:24, 112.81s/it][A[A
 60%|â–ˆâ–ˆâ–ˆâ–ˆâ–ˆâ–ˆ    | 6/10 [11:17<07:31, 112.93s/it][A 90%|â–ˆâ–ˆâ–ˆâ–ˆâ–ˆâ–ˆâ–ˆâ–ˆâ–ˆ | 9/10 [16:30<01:48, 108.19s/it]

 60%|â–ˆâ–ˆâ–ˆâ–ˆâ–ˆâ–ˆ    | 6/10 [11:16<07:31, 112.89s/it][A[A
 70%|â–ˆâ–ˆâ–ˆâ–ˆâ–ˆâ–ˆâ–ˆ   | 7/10 [13:10<05:39, 113.00s/it][A100%|â–ˆâ–ˆâ–ˆâ–ˆâ–ˆâ–ˆâ–ˆâ–ˆâ–ˆâ–ˆ| 10/10 [18:22<00:00, 109.47s/it]100%|â–ˆâ–ˆâ–ˆâ–ˆâ–ˆâ–ˆâ–ˆâ–ˆâ–ˆâ–ˆ| 10/10 [18:22<00:00, 110.26s/it]
[32m[I 2022-04-06 02:16:26,448][0m Trial 27 finished with value: 0.4504150283966798 and parameters: {'emb_size': 200, 'hidden_size': 128, 'fc_size': 128, 'num_layers': 2, 'dropout_rnn': 0.7180020915207496, 'dropout_fc': 0.37152352329416655, 'learning_rate': 0.02015584868597946, 'l2_reg': 0.07494441242917575}. Best is trial 21 with value: 0.4506334643949323.[0m
  0%|          | 0/10 [00:00<?, ?it/s]

 70%|â–ˆâ–ˆâ–ˆâ–ˆâ–ˆâ–ˆâ–ˆ   | 7/10 [13:09<05:39, 113.10s/it][A[A
 80%|â–ˆâ–ˆâ–ˆâ–ˆâ–ˆâ–ˆâ–ˆâ–ˆ  | 8/10 [15:04<03:46, 113.31s/it][A 10%|â–ˆ         | 1/10 [02:23<21:33, 143.77s/it]

 80%|â–ˆâ–ˆâ–ˆâ–ˆâ–ˆâ–ˆâ–ˆâ–ˆ  | 8/10 [15:03<03:46, 113.25s/it][A[A
 90%|â–ˆâ–ˆâ–ˆâ–ˆâ–ˆâ–ˆâ–ˆâ–ˆâ–ˆ | 9/10 [16:53<01:52, 112.04s/it][A

 90%|â–ˆâ–ˆâ–ˆâ–ˆâ–ˆâ–ˆâ–ˆâ–ˆâ–ˆ | 9/10 [16:56<01:53, 113.37s/it][A[A
100%|â–ˆâ–ˆâ–ˆâ–ˆâ–ˆâ–ˆâ–ˆâ–ˆâ–ˆâ–ˆ| 10/10 [18:46<00:00, 112.10s/it][A100%|â–ˆâ–ˆâ–ˆâ–ˆâ–ˆâ–ˆâ–ˆâ–ˆâ–ˆâ–ˆ| 10/10 [18:46<00:00, 112.62s/it]
[32m[I 2022-04-06 02:21:11,863][0m Trial 28 finished with value: 0.450524246395806 and parameters: {'emb_size': 200, 'hidden_size': 128, 'fc_size': 128, 'num_layers': 2, 'dropout_rnn': 0.4055628989603678, 'dropout_fc': 0.3186871510093173, 'learning_rate': 0.02148419578861678, 'l2_reg': 0.0704714158061877}. Best is trial 21 with value: 0.4506334643949323.[0m

  0%|          | 0/10 [00:00<?, ?it/s][A 20%|â–ˆâ–ˆ        | 2/10 [04:48<19:16, 144.60s/it]

100%|â–ˆâ–ˆâ–ˆâ–ˆâ–ˆâ–ˆâ–ˆâ–ˆâ–ˆâ–ˆ| 10/10 [18:51<00:00, 113.64s/it][A[A100%|â–ˆâ–ˆâ–ˆâ–ˆâ–ˆâ–ˆâ–ˆâ–ˆâ–ˆâ–ˆ| 10/10 [18:51<00:00, 113.12s/it]
[32m[I 2022-04-06 02:22:56,077][0m Trial 29 finished with value: 0.4505606523955148 and parameters: {'emb_size': 200, 'hidden_size': 128, 'fc_size': 128, 'num_layers': 2, 'dropout_rnn': 0.6980770624284379, 'dropout_fc': 0.29122356187966486, 'learning_rate': 0.03008366216656041, 'l2_reg': 0.09308534544416273}. Best is trial 21 with value: 0.4506334643949323.[0m


  0%|          | 0/10 [00:00<?, ?it/s][A[A
 10%|â–ˆ         | 1/10 [02:22<21:25, 142.89s/it][A 30%|â–ˆâ–ˆâ–ˆ       | 3/10 [07:10<16:42, 143.24s/it]

 10%|â–ˆ         | 1/10 [02:23<21:27, 143.06s/it][A[A
 20%|â–ˆâ–ˆ        | 2/10 [04:46<19:04, 143.10s/it][A 40%|â–ˆâ–ˆâ–ˆâ–ˆ      | 4/10 [09:31<14:15, 142.52s/it]

 20%|â–ˆâ–ˆ        | 2/10 [04:47<19:09, 143.63s/it][A[A 50%|â–ˆâ–ˆâ–ˆâ–ˆâ–ˆ     | 5/10 [11:53<11:51, 142.22s/it]
 30%|â–ˆâ–ˆâ–ˆ       | 3/10 [07:10<16:44, 143.51s/it][A

 30%|â–ˆâ–ˆâ–ˆ       | 3/10 [07:10<16:46, 143.76s/it][A[A 60%|â–ˆâ–ˆâ–ˆâ–ˆâ–ˆâ–ˆ    | 6/10 [14:15<09:28, 142.14s/it]
 40%|â–ˆâ–ˆâ–ˆâ–ˆ      | 4/10 [09:33<14:21, 143.52s/it][A

 40%|â–ˆâ–ˆâ–ˆâ–ˆ      | 4/10 [09:34<14:20, 143.48s/it][A[A 70%|â–ˆâ–ˆâ–ˆâ–ˆâ–ˆâ–ˆâ–ˆ   | 7/10 [16:36<07:04, 141.67s/it]
 50%|â–ˆâ–ˆâ–ˆâ–ˆâ–ˆ     | 5/10 [11:56<11:56, 143.21s/it][A

 50%|â–ˆâ–ˆâ–ˆâ–ˆâ–ˆ     | 5/10 [11:55<11:54, 142.86s/it][A[A 80%|â–ˆâ–ˆâ–ˆâ–ˆâ–ˆâ–ˆâ–ˆâ–ˆ  | 8/10 [18:56<04:42, 141.31s/it]
 60%|â–ˆâ–ˆâ–ˆâ–ˆâ–ˆâ–ˆ    | 6/10 [14:18<09:31, 142.87s/it][A

 60%|â–ˆâ–ˆâ–ˆâ–ˆâ–ˆâ–ˆ    | 6/10 [14:22<09:36, 144.03s/it][A[A 90%|â–ˆâ–ˆâ–ˆâ–ˆâ–ˆâ–ˆâ–ˆâ–ˆâ–ˆ | 9/10 [21:20<02:22, 142.04s/it]
 70%|â–ˆâ–ˆâ–ˆâ–ˆâ–ˆâ–ˆâ–ˆ   | 7/10 [16:44<07:11, 143.86s/it][A

 70%|â–ˆâ–ˆâ–ˆâ–ˆâ–ˆâ–ˆâ–ˆ   | 7/10 [16:48<07:14, 144.67s/it][A[A100%|â–ˆâ–ˆâ–ˆâ–ˆâ–ˆâ–ˆâ–ˆâ–ˆâ–ˆâ–ˆ| 10/10 [23:43<00:00, 142.37s/it]100%|â–ˆâ–ˆâ–ˆâ–ˆâ–ˆâ–ˆâ–ˆâ–ˆâ–ˆâ–ˆ| 10/10 [23:43<00:00, 142.37s/it]
[32m[I 2022-04-06 02:40:12,855][0m Trial 30 finished with value: 0.4492864424057085 and parameters: {'emb_size': 200, 'hidden_size': 256, 'fc_size': 128, 'num_layers': 3, 'dropout_rnn': 0.27456830101980084, 'dropout_fc': 0.28612552672825975, 'learning_rate': 0.03784109126240801, 'l2_reg': 0.08757867532161323}. Best is trial 21 with value: 0.4506334643949323.[0m
  0%|          | 0/10 [00:00<?, ?it/s]
 80%|â–ˆâ–ˆâ–ˆâ–ˆâ–ˆâ–ˆâ–ˆâ–ˆ  | 8/10 [19:10<04:49, 144.52s/it][A 10%|â–ˆ         | 1/10 [01:54<17:09, 114.35s/it]

 80%|â–ˆâ–ˆâ–ˆâ–ˆâ–ˆâ–ˆâ–ˆâ–ˆ  | 8/10 [19:14<04:50, 145.34s/it][A[A
 90%|â–ˆâ–ˆâ–ˆâ–ˆâ–ˆâ–ˆâ–ˆâ–ˆâ–ˆ | 9/10 [21:36<02:24, 144.89s/it][A 20%|â–ˆâ–ˆ        | 2/10 [03:46<15:03, 112.94s/it]

 90%|â–ˆâ–ˆâ–ˆâ–ˆâ–ˆâ–ˆâ–ˆâ–ˆâ–ˆ | 9/10 [21:37<02:24, 144.60s/it][A[A
100%|â–ˆâ–ˆâ–ˆâ–ˆâ–ˆâ–ˆâ–ˆâ–ˆâ–ˆâ–ˆ| 10/10 [23:59<00:00, 144.40s/it][A100%|â–ˆâ–ˆâ–ˆâ–ˆâ–ˆâ–ˆâ–ˆâ–ˆâ–ˆâ–ˆ| 10/10 [23:59<00:00, 143.94s/it]
[32m[I 2022-04-06 02:45:13,968][0m Trial 31 finished with value: 0.4506334643949323 and parameters: {'emb_size': 200, 'hidden_size': 256, 'fc_size': 64, 'num_layers': 3, 'dropout_rnn': 0.29398905820889076, 'dropout_fc': 0.26011916679018615, 'learning_rate': 0.03280085517552408, 'l2_reg': 0.47409554526066894}. Best is trial 21 with value: 0.4506334643949323.[0m

  0%|          | 0/10 [00:00<?, ?it/s][A 30%|â–ˆâ–ˆâ–ˆ       | 3/10 [05:39<13:11, 113.14s/it]

100%|â–ˆâ–ˆâ–ˆâ–ˆâ–ˆâ–ˆâ–ˆâ–ˆâ–ˆâ–ˆ| 10/10 [24:01<00:00, 144.42s/it][A[A100%|â–ˆâ–ˆâ–ˆâ–ˆâ–ˆâ–ˆâ–ˆâ–ˆâ–ˆâ–ˆ| 10/10 [24:01<00:00, 144.19s/it]
[32m[I 2022-04-06 02:47:00,739][0m Trial 32 finished with value: 0.4505970583952235 and parameters: {'emb_size': 200, 'hidden_size': 256, 'fc_size': 64, 'num_layers': 3, 'dropout_rnn': 0.2971725500112635, 'dropout_fc': 0.49285780296366416, 'learning_rate': 0.034432529217672155, 'l2_reg': 0.3281778428795821}. Best is trial 21 with value: 0.4506334643949323.[0m


  0%|          | 0/10 [00:00<?, ?it/s][A[A
 10%|â–ˆ         | 1/10 [02:23<21:28, 143.15s/it][A 40%|â–ˆâ–ˆâ–ˆâ–ˆ      | 4/10 [07:31<11:16, 112.67s/it]

 10%|â–ˆ         | 1/10 [02:22<21:26, 142.91s/it][A[A 50%|â–ˆâ–ˆâ–ˆâ–ˆâ–ˆ     | 5/10 [09:23<09:21, 112.40s/it]
 20%|â–ˆâ–ˆ        | 2/10 [04:45<19:02, 142.80s/it][A 60%|â–ˆâ–ˆâ–ˆâ–ˆâ–ˆâ–ˆ    | 6/10 [11:15<07:29, 112.33s/it]

 20%|â–ˆâ–ˆ        | 2/10 [04:45<19:03, 142.95s/it][A[A
 30%|â–ˆâ–ˆâ–ˆ       | 3/10 [07:09<16:41, 143.03s/it][A 70%|â–ˆâ–ˆâ–ˆâ–ˆâ–ˆâ–ˆâ–ˆ   | 7/10 [13:07<05:36, 112.12s/it]

 30%|â–ˆâ–ˆâ–ˆ       | 3/10 [07:08<16:38, 142.62s/it][A[A
 40%|â–ˆâ–ˆâ–ˆâ–ˆ      | 4/10 [09:31<14:16, 142.74s/it][A 80%|â–ˆâ–ˆâ–ˆâ–ˆâ–ˆâ–ˆâ–ˆâ–ˆ  | 8/10 [14:33<03:27, 103.69s/it]

 40%|â–ˆâ–ˆâ–ˆâ–ˆ      | 4/10 [09:31<14:16, 142.78s/it][A[A 90%|â–ˆâ–ˆâ–ˆâ–ˆâ–ˆâ–ˆâ–ˆâ–ˆâ–ˆ | 9/10 [16:24<01:46, 106.13s/it]
 50%|â–ˆâ–ˆâ–ˆâ–ˆâ–ˆ     | 5/10 [11:54<11:53, 142.79s/it][A100%|â–ˆâ–ˆâ–ˆâ–ˆâ–ˆâ–ˆâ–ˆâ–ˆâ–ˆâ–ˆ| 10/10 [18:15<00:00, 107.70s/it]100%|â–ˆâ–ˆâ–ˆâ–ˆâ–ˆâ–ˆâ–ˆâ–ˆâ–ˆâ–ˆ| 10/10 [18:15<00:00, 109.58s/it]
[32m[I 2022-04-06 02:58:30,003][0m Trial 33 finished with value: 0.4504878403960973 and parameters: {'emb_size': 200, 'hidden_size': 128, 'fc_size': 128, 'num_layers': 2, 'dropout_rnn': 0.32636009410418154, 'dropout_fc': 0.2026414155113453, 'learning_rate': 0.013362149254929328, 'l2_reg': 0.3273831478714311}. Best is trial 21 with value: 0.4506334643949323.[0m
  0%|          | 0/10 [00:00<?, ?it/s]

 50%|â–ˆâ–ˆâ–ˆâ–ˆâ–ˆ     | 5/10 [11:54<11:54, 142.89s/it][A[A
 60%|â–ˆâ–ˆâ–ˆâ–ˆâ–ˆâ–ˆ    | 6/10 [14:17<09:32, 143.00s/it][A 10%|â–ˆ         | 1/10 [01:52<16:56, 112.91s/it]

 60%|â–ˆâ–ˆâ–ˆâ–ˆâ–ˆâ–ˆ    | 6/10 [14:17<09:32, 143.16s/it][A[A
 70%|â–ˆâ–ˆâ–ˆâ–ˆâ–ˆâ–ˆâ–ˆ   | 7/10 [16:41<07:09, 143.16s/it][A 20%|â–ˆâ–ˆ        | 2/10 [03:45<15:01, 112.75s/it]

 70%|â–ˆâ–ˆâ–ˆâ–ˆâ–ˆâ–ˆâ–ˆ   | 7/10 [16:40<07:09, 143.04s/it][A[A 30%|â–ˆâ–ˆâ–ˆ       | 3/10 [05:37<13:07, 112.44s/it]
 80%|â–ˆâ–ˆâ–ˆâ–ˆâ–ˆâ–ˆâ–ˆâ–ˆ  | 8/10 [19:02<04:44, 142.47s/it][A 40%|â–ˆâ–ˆâ–ˆâ–ˆ      | 4/10 [07:28<11:11, 111.91s/it]

 80%|â–ˆâ–ˆâ–ˆâ–ˆâ–ˆâ–ˆâ–ˆâ–ˆ  | 8/10 [19:03<04:45, 142.91s/it][A[A
 90%|â–ˆâ–ˆâ–ˆâ–ˆâ–ˆâ–ˆâ–ˆâ–ˆâ–ˆ | 9/10 [21:24<02:22, 142.49s/it][A 50%|â–ˆâ–ˆâ–ˆâ–ˆâ–ˆ     | 5/10 [09:22<09:22, 112.52s/it]

 90%|â–ˆâ–ˆâ–ˆâ–ˆâ–ˆâ–ˆâ–ˆâ–ˆâ–ˆ | 9/10 [21:29<02:23, 143.92s/it][A[A
100%|â–ˆâ–ˆâ–ˆâ–ˆâ–ˆâ–ˆâ–ˆâ–ˆâ–ˆâ–ˆ| 10/10 [23:53<00:00, 144.36s/it][A100%|â–ˆâ–ˆâ–ˆâ–ˆâ–ˆâ–ˆâ–ˆâ–ˆâ–ˆâ–ˆ| 10/10 [23:53<00:00, 143.32s/it]
[32m[I 2022-04-06 03:09:09,975][0m Trial 34 finished with value: 0.450232998398136 and parameters: {'emb_size': 200, 'hidden_size': 256, 'fc_size': 64, 'num_layers': 3, 'dropout_rnn': 0.32342750475170867, 'dropout_fc': 0.21095840948705258, 'learning_rate': 0.010229008293811629, 'l2_reg': 0.4933360256155899}. Best is trial 21 with value: 0.4506334643949323.[0m

  0%|          | 0/10 [00:00<?, ?it/s][A 60%|â–ˆâ–ˆâ–ˆâ–ˆâ–ˆâ–ˆ    | 6/10 [11:16<07:32, 113.14s/it]

100%|â–ˆâ–ˆâ–ˆâ–ˆâ–ˆâ–ˆâ–ˆâ–ˆâ–ˆâ–ˆ| 10/10 [23:57<00:00, 145.34s/it][A[A100%|â–ˆâ–ˆâ–ˆâ–ˆâ–ˆâ–ˆâ–ˆâ–ˆâ–ˆâ–ˆ| 10/10 [23:57<00:00, 143.80s/it]
[32m[I 2022-04-06 03:11:01,518][0m Trial 35 finished with value: 0.4504150283966798 and parameters: {'emb_size': 200, 'hidden_size': 256, 'fc_size': 64, 'num_layers': 3, 'dropout_rnn': 0.20004188587652805, 'dropout_fc': 0.20054003909676782, 'learning_rate': 0.011268682624634117, 'l2_reg': 0.4536863348158978}. Best is trial 21 with value: 0.4506334643949323.[0m


  0%|          | 0/10 [00:00<?, ?it/s][A[A
 10%|â–ˆ         | 1/10 [01:56<17:29, 116.63s/it][A 70%|â–ˆâ–ˆâ–ˆâ–ˆâ–ˆâ–ˆâ–ˆ   | 7/10 [13:13<05:42, 114.25s/it]

 10%|â–ˆ         | 1/10 [01:57<17:35, 117.27s/it][A[A
 20%|â–ˆâ–ˆ        | 2/10 [03:56<15:46, 118.28s/it][A 80%|â–ˆâ–ˆâ–ˆâ–ˆâ–ˆâ–ˆâ–ˆâ–ˆ  | 8/10 [15:08<03:48, 114.47s/it]

 20%|â–ˆâ–ˆ        | 2/10 [03:50<15:20, 115.06s/it][A[A
 30%|â–ˆâ–ˆâ–ˆ       | 3/10 [05:49<13:32, 116.09s/it][A 90%|â–ˆâ–ˆâ–ˆâ–ˆâ–ˆâ–ˆâ–ˆâ–ˆâ–ˆ | 9/10 [17:00<01:53, 113.76s/it]

 30%|â–ˆâ–ˆâ–ˆ       | 3/10 [05:43<13:18, 114.05s/it][A[A
 40%|â–ˆâ–ˆâ–ˆâ–ˆ      | 4/10 [07:42<11:28, 114.82s/it][A100%|â–ˆâ–ˆâ–ˆâ–ˆâ–ˆâ–ˆâ–ˆâ–ˆâ–ˆâ–ˆ| 10/10 [18:52<00:00, 113.29s/it]100%|â–ˆâ–ˆâ–ˆâ–ˆâ–ˆâ–ˆâ–ˆâ–ˆâ–ˆâ–ˆ| 10/10 [18:52<00:00, 113.26s/it]
