[32m[I 2022-04-06 03:17:23,963][0m Trial 36 finished with value: 0.450524246395806 and parameters: {'emb_size': 200, 'hidden_size': 128, 'fc_size': 64, 'num_layers': 2, 'dropout_rnn': 0.20042775954905068, 'dropout_fc': 0.24549185805852958, 'learning_rate': 0.012777120534981612, 'l2_reg': 0.006632335326943832}. Best is trial 21 with value: 0.4506334643949323.[0m
  0%|          | 0/10 [00:00<?, ?it/s]

 40%|â–ˆâ–ˆâ–ˆâ–ˆ      | 4/10 [07:36<11:20, 113.49s/it][A[A
 50%|â–ˆâ–ˆâ–ˆâ–ˆâ–ˆ     | 5/10 [09:34<09:29, 113.83s/it][A 10%|â–ˆ         | 1/10 [02:22<21:26, 142.92s/it]

 50%|â–ˆâ–ˆâ–ˆâ–ˆâ–ˆ     | 5/10 [09:28<09:25, 113.12s/it][A[A
 60%|â–ˆâ–ˆâ–ˆâ–ˆâ–ˆâ–ˆ    | 6/10 [11:27<07:33, 113.40s/it][A 20%|â–ˆâ–ˆ        | 2/10 [04:45<19:03, 142.98s/it]

 60%|â–ˆâ–ˆâ–ˆâ–ˆâ–ˆâ–ˆ    | 6/10 [11:21<07:31, 112.94s/it][A[A
 70%|â–ˆâ–ˆâ–ˆâ–ˆâ–ˆâ–ˆâ–ˆ   | 7/10 [13:19<05:39, 113.24s/it][A

 70%|â–ˆâ–ˆâ–ˆâ–ˆâ–ˆâ–ˆâ–ˆ   | 7/10 [13:10<05:35, 111.68s/it][A[A
 80%|â–ˆâ–ˆâ–ˆâ–ˆâ–ˆâ–ˆâ–ˆâ–ˆ  | 8/10 [15:12<03:46, 113.06s/it][A 30%|â–ˆâ–ˆâ–ˆ       | 3/10 [07:08<16:40, 142.93s/it]

 80%|â–ˆâ–ˆâ–ˆâ–ˆâ–ˆâ–ˆâ–ˆâ–ˆ  | 8/10 [15:00<03:42, 111.16s/it][A[A
 90%|â–ˆâ–ˆâ–ˆâ–ˆâ–ˆâ–ˆâ–ˆâ–ˆâ–ˆ | 9/10 [16:54<01:49, 109.46s/it][A 40%|â–ˆâ–ˆâ–ˆâ–ˆ      | 4/10 [09:31<14:18, 143.02s/it]

 90%|â–ˆâ–ˆâ–ˆâ–ˆâ–ˆâ–ˆâ–ˆâ–ˆâ–ˆ | 9/10 [16:53<01:51, 111.88s/it][A[A
100%|â–ˆâ–ˆâ–ˆâ–ˆâ–ˆâ–ˆâ–ˆâ–ˆâ–ˆâ–ˆ| 10/10 [18:47<00:00, 110.61s/it][A100%|â–ˆâ–ˆâ–ˆâ–ˆâ–ˆâ–ˆâ–ˆâ–ˆâ–ˆâ–ˆ| 10/10 [18:47<00:00, 112.74s/it]
[32m[I 2022-04-06 03:27:58,708][0m Trial 37 finished with value: 0.4504878403960973 and parameters: {'emb_size': 200, 'hidden_size': 128, 'fc_size': 64, 'num_layers': 2, 'dropout_rnn': 0.20298980891596952, 'dropout_fc': 0.24989014380257205, 'learning_rate': 0.04739833415199854, 'l2_reg': 0.006519024956249635}. Best is trial 21 with value: 0.4506334643949323.[0m

  0%|          | 0/10 [00:00<?, ?it/s][A 50%|â–ˆâ–ˆâ–ˆâ–ˆâ–ˆ     | 5/10 [11:54<11:54, 142.93s/it]

100%|â–ˆâ–ˆâ–ˆâ–ˆâ–ˆâ–ˆâ–ˆâ–ˆâ–ˆâ–ˆ| 10/10 [18:48<00:00, 112.71s/it][A[A100%|â–ˆâ–ˆâ–ˆâ–ˆâ–ˆâ–ˆâ–ˆâ–ˆâ–ˆâ–ˆ| 10/10 [18:48<00:00, 112.85s/it]
[32m[I 2022-04-06 03:29:51,325][0m Trial 38 finished with value: 0.4505606523955148 and parameters: {'emb_size': 200, 'hidden_size': 128, 'fc_size': 64, 'num_layers': 2, 'dropout_rnn': 0.5730809414551482, 'dropout_fc': 0.25417359872109757, 'learning_rate': 0.052836234244653404, 'l2_reg': 0.03849763810014216}. Best is trial 21 with value: 0.4506334643949323.[0m


  0%|          | 0/10 [00:00<?, ?it/s][A[A
 10%|â–ˆ         | 1/10 [02:21<21:13, 141.53s/it][A 60%|â–ˆâ–ˆâ–ˆâ–ˆâ–ˆâ–ˆ    | 6/10 [14:14<09:27, 141.98s/it]

 10%|â–ˆ         | 1/10 [02:21<21:14, 141.56s/it][A[A
 20%|â–ˆâ–ˆ        | 2/10 [04:43<18:52, 141.56s/it][A 70%|â–ˆâ–ˆâ–ˆâ–ˆâ–ˆâ–ˆâ–ˆ   | 7/10 [16:35<07:04, 141.57s/it]

 20%|â–ˆâ–ˆ        | 2/10 [04:43<18:55, 141.96s/it][A[A
 30%|â–ˆâ–ˆâ–ˆ       | 3/10 [07:04<16:31, 141.67s/it][A 80%|â–ˆâ–ˆâ–ˆâ–ˆâ–ˆâ–ˆâ–ˆâ–ˆ  | 8/10 [18:55<04:42, 141.19s/it]

 30%|â–ˆâ–ˆâ–ˆ       | 3/10 [07:05<16:32, 141.80s/it][A[A
 40%|â–ˆâ–ˆâ–ˆâ–ˆ      | 4/10 [09:26<14:09, 141.62s/it][A 90%|â–ˆâ–ˆâ–ˆâ–ˆâ–ˆâ–ˆâ–ˆâ–ˆâ–ˆ | 9/10 [21:14<02:20, 140.27s/it]

 40%|â–ˆâ–ˆâ–ˆâ–ˆ      | 4/10 [09:24<14:04, 140.83s/it][A[A
 50%|â–ˆâ–ˆâ–ˆâ–ˆâ–ˆ     | 5/10 [11:43<11:39, 139.90s/it][A100%|â–ˆâ–ˆâ–ˆâ–ˆâ–ˆâ–ˆâ–ˆâ–ˆâ–ˆâ–ˆ| 10/10 [23:34<00:00, 140.39s/it]100%|â–ˆâ–ˆâ–ˆâ–ˆâ–ˆâ–ˆâ–ˆâ–ˆâ–ˆâ–ˆ| 10/10 [23:34<00:00, 141.49s/it]
[32m[I 2022-04-06 03:41:01,582][0m Trial 39 finished with value: 0.4505970583952235 and parameters: {'emb_size': 200, 'hidden_size': 256, 'fc_size': 64, 'num_layers': 3, 'dropout_rnn': 0.2483337075862105, 'dropout_fc': 0.5011007386237726, 'learning_rate': 0.04599477969883406, 'l2_reg': 0.04522935529771017}. Best is trial 21 with value: 0.4506334643949323.[0m
  0%|          | 0/10 [00:00<?, ?it/s]

 50%|â–ˆâ–ˆâ–ˆâ–ˆâ–ˆ     | 5/10 [11:46<11:45, 141.15s/it][A[A
 60%|â–ˆâ–ˆâ–ˆâ–ˆâ–ˆâ–ˆ    | 6/10 [14:05<09:22, 140.64s/it][A 10%|â–ˆ         | 1/10 [02:19<20:57, 139.72s/it]

 60%|â–ˆâ–ˆâ–ˆâ–ˆâ–ˆâ–ˆ    | 6/10 [14:07<09:25, 141.27s/it][A[A
 70%|â–ˆâ–ˆâ–ˆâ–ˆâ–ˆâ–ˆâ–ˆ   | 7/10 [16:27<07:03, 141.11s/it][A 20%|â–ˆâ–ˆ        | 2/10 [04:39<18:39, 139.88s/it]

 70%|â–ˆâ–ˆâ–ˆâ–ˆâ–ˆâ–ˆâ–ˆ   | 7/10 [16:29<07:04, 141.46s/it][A[A
 80%|â–ˆâ–ˆâ–ˆâ–ˆâ–ˆâ–ˆâ–ˆâ–ˆ  | 8/10 [18:48<04:42, 141.24s/it][A 30%|â–ˆâ–ˆâ–ˆ       | 3/10 [07:00<16:21, 140.15s/it]

 80%|â–ˆâ–ˆâ–ˆâ–ˆâ–ˆâ–ˆâ–ˆâ–ˆ  | 8/10 [18:51<04:43, 141.64s/it][A[A
 90%|â–ˆâ–ˆâ–ˆâ–ˆâ–ˆâ–ˆâ–ˆâ–ˆâ–ˆ | 9/10 [21:11<02:21, 141.49s/it][A 40%|â–ˆâ–ˆâ–ˆâ–ˆ      | 4/10 [09:20<14:00, 140.06s/it]

 90%|â–ˆâ–ˆâ–ˆâ–ˆâ–ˆâ–ˆâ–ˆâ–ˆâ–ˆ | 9/10 [21:14<02:21, 141.91s/it][A[A
100%|â–ˆâ–ˆâ–ˆâ–ˆâ–ˆâ–ˆâ–ˆâ–ˆâ–ˆâ–ˆ| 10/10 [23:33<00:00, 141.83s/it][A100%|â–ˆâ–ˆâ–ˆâ–ˆâ–ˆâ–ˆâ–ˆâ–ˆâ–ˆâ–ˆ| 10/10 [23:33<00:00, 141.36s/it]
[32m[I 2022-04-06 03:51:35,053][0m Trial 40 finished with value: 0.4367627785058978 and parameters: {'emb_size': 100, 'hidden_size': 256, 'fc_size': 64, 'num_layers': 3, 'dropout_rnn': 0.36489286264226406, 'dropout_fc': 0.43678444664732874, 'learning_rate': 0.09998992103264123, 'l2_reg': 0.039083596980147475}. Best is trial 21 with value: 0.4506334643949323.[0m

  0%|          | 0/10 [00:00<?, ?it/s][A 50%|â–ˆâ–ˆâ–ˆâ–ˆâ–ˆ     | 5/10 [11:42<11:43, 140.72s/it]

100%|â–ˆâ–ˆâ–ˆâ–ˆâ–ˆâ–ˆâ–ˆâ–ˆâ–ˆâ–ˆ| 10/10 [23:37<00:00, 142.22s/it][A[A100%|â–ˆâ–ˆâ–ˆâ–ˆâ–ˆâ–ˆâ–ˆâ–ˆâ–ˆâ–ˆ| 10/10 [23:37<00:00, 141.73s/it]
[32m[I 2022-04-06 03:53:31,329][0m Trial 41 finished with value: 0.4505970583952235 and parameters: {'emb_size': 100, 'hidden_size': 256, 'fc_size': 64, 'num_layers': 3, 'dropout_rnn': 0.3659294857182507, 'dropout_fc': 0.4140717450110143, 'learning_rate': 1.004030790699064e-05, 'l2_reg': 0.11973153923823206}. Best is trial 21 with value: 0.4506334643949323.[0m


  0%|          | 0/10 [00:00<?, ?it/s][A[A
 10%|â–ˆ         | 1/10 [02:22<21:19, 142.13s/it][A 60%|â–ˆâ–ˆâ–ˆâ–ˆâ–ˆâ–ˆ    | 6/10 [14:02<09:22, 140.52s/it]

 10%|â–ˆ         | 1/10 [02:21<21:17, 141.95s/it][A[A
 20%|â–ˆâ–ˆ        | 2/10 [04:43<18:55, 141.96s/it][A 70%|â–ˆâ–ˆâ–ˆâ–ˆâ–ˆâ–ˆâ–ˆ   | 7/10 [16:22<07:00, 140.32s/it]

 20%|â–ˆâ–ˆ        | 2/10 [04:43<18:51, 141.44s/it][A[A
 30%|â–ˆâ–ˆâ–ˆ       | 3/10 [07:05<16:32, 141.74s/it][A 80%|â–ˆâ–ˆâ–ˆâ–ˆâ–ˆâ–ˆâ–ˆâ–ˆ  | 8/10 [18:42<04:40, 140.31s/it]

 30%|â–ˆâ–ˆâ–ˆ       | 3/10 [07:04<16:28, 141.23s/it][A[A
 40%|â–ˆâ–ˆâ–ˆâ–ˆ      | 4/10 [09:14<13:41, 136.90s/it][A 90%|â–ˆâ–ˆâ–ˆâ–ˆâ–ˆâ–ˆâ–ˆâ–ˆâ–ˆ | 9/10 [20:58<02:19, 139.16s/it]

 40%|â–ˆâ–ˆâ–ˆâ–ˆ      | 4/10 [09:23<14:02, 140.45s/it][A[A
 50%|â–ˆâ–ˆâ–ˆâ–ˆâ–ˆ     | 5/10 [11:24<11:11, 134.33s/it][A100%|â–ˆâ–ˆâ–ˆâ–ˆâ–ˆâ–ˆâ–ˆâ–ˆâ–ˆâ–ˆ| 10/10 [23:18<00:00, 139.36s/it]100%|â–ˆâ–ˆâ–ˆâ–ˆâ–ˆâ–ˆâ–ˆâ–ˆâ–ˆâ–ˆ| 10/10 [23:18<00:00, 139.87s/it]
[32m[I 2022-04-06 04:04:23,026][0m Trial 42 finished with value: 0.3976627348186981 and parameters: {'emb_size': 100, 'hidden_size': 256, 'fc_size': 64, 'num_layers': 3, 'dropout_rnn': 0.24825839465978877, 'dropout_fc': 0.45504896025158476, 'learning_rate': 0.09884367092455441, 'l2_reg': 0.1164631801350057}. Best is trial 21 with value: 0.4506334643949323.[0m
  0%|          | 0/10 [00:00<?, ?it/s]

 50%|â–ˆâ–ˆâ–ˆâ–ˆâ–ˆ     | 5/10 [11:44<11:44, 140.88s/it][A[A
 60%|â–ˆâ–ˆâ–ˆâ–ˆâ–ˆâ–ˆ    | 6/10 [13:46<09:07, 136.98s/it][A 10%|â–ˆ         | 1/10 [02:20<21:08, 140.93s/it]

 60%|â–ˆâ–ˆâ–ˆâ–ˆâ–ˆâ–ˆ    | 6/10 [14:06<09:24, 141.03s/it][A[A
 70%|â–ˆâ–ˆâ–ˆâ–ˆâ–ˆâ–ˆâ–ˆ   | 7/10 [16:07<06:54, 138.32s/it][A 20%|â–ˆâ–ˆ        | 2/10 [04:40<18:40, 140.03s/it]

 70%|â–ˆâ–ˆâ–ˆâ–ˆâ–ˆâ–ˆâ–ˆ   | 7/10 [16:26<07:02, 140.93s/it][A[A
 80%|â–ˆâ–ˆâ–ˆâ–ˆâ–ˆâ–ˆâ–ˆâ–ˆ  | 8/10 [18:28<04:38, 139.07s/it][A 30%|â–ˆâ–ˆâ–ˆ       | 3/10 [06:59<16:18, 139.78s/it]

 80%|â–ˆâ–ˆâ–ˆâ–ˆâ–ˆâ–ˆâ–ˆâ–ˆ  | 8/10 [18:49<04:42, 141.36s/it][A[A
 90%|â–ˆâ–ˆâ–ˆâ–ˆâ–ˆâ–ˆâ–ˆâ–ˆâ–ˆ | 9/10 [20:50<02:19, 139.92s/it][A 40%|â–ˆâ–ˆâ–ˆâ–ˆ      | 4/10 [09:20<14:01, 140.18s/it]

 90%|â–ˆâ–ˆâ–ˆâ–ˆâ–ˆâ–ˆâ–ˆâ–ˆâ–ˆ | 9/10 [21:10<02:21, 141.36s/it][A[A
100%|â–ˆâ–ˆâ–ˆâ–ˆâ–ˆâ–ˆâ–ˆâ–ˆâ–ˆâ–ˆ| 10/10 [23:12<00:00, 140.46s/it][A100%|â–ˆâ–ˆâ–ˆâ–ˆâ–ˆâ–ˆâ–ˆâ–ˆâ–ˆâ–ˆ| 10/10 [23:12<00:00, 139.20s/it]
[32m[I 2022-04-06 04:14:49,370][0m Trial 43 finished with value: 0.4504150283966798 and parameters: {'emb_size': 200, 'hidden_size': 128, 'fc_size': 64, 'num_layers': 3, 'dropout_rnn': 0.2322380788962019, 'dropout_fc': 0.5705025005414304, 'learning_rate': 0.09013268824616694, 'l2_reg': 0.23989706108497036}. Best is trial 21 with value: 0.4506334643949323.[0m

  0%|          | 0/10 [00:00<?, ?it/s][A 50%|â–ˆâ–ˆâ–ˆâ–ˆâ–ˆ     | 5/10 [11:40<11:41, 140.24s/it]

100%|â–ˆâ–ˆâ–ˆâ–ˆâ–ˆâ–ˆâ–ˆâ–ˆâ–ˆâ–ˆ| 10/10 [23:32<00:00, 141.64s/it][A[A100%|â–ˆâ–ˆâ–ˆâ–ˆâ–ˆâ–ˆâ–ˆâ–ˆâ–ˆâ–ˆ| 10/10 [23:32<00:00, 141.29s/it]
[32m[I 2022-04-06 04:17:06,972][0m Trial 44 finished with value: 0.4504150283966798 and parameters: {'emb_size': 100, 'hidden_size': 256, 'fc_size': 64, 'num_layers': 3, 'dropout_rnn': 0.23533693025259622, 'dropout_fc': 0.512614084951362, 'learning_rate': 1.5192949245145586e-05, 'l2_reg': 0.11027083906344881}. Best is trial 21 with value: 0.4506334643949323.[0m


  0%|          | 0/10 [00:00<?, ?it/s][A[A
 10%|â–ˆ         | 1/10 [02:21<21:13, 141.45s/it][A 60%|â–ˆâ–ˆâ–ˆâ–ˆâ–ˆâ–ˆ    | 6/10 [14:02<09:22, 140.56s/it]

 10%|â–ˆ         | 1/10 [02:22<21:22, 142.51s/it][A[A
 20%|â–ˆâ–ˆ        | 2/10 [04:43<18:55, 141.98s/it][A 70%|â–ˆâ–ˆâ–ˆâ–ˆâ–ˆâ–ˆâ–ˆ   | 7/10 [16:22<07:01, 140.48s/it]

 20%|â–ˆâ–ˆ        | 2/10 [04:43<18:52, 141.61s/it][A[A
 30%|â–ˆâ–ˆâ–ˆ       | 3/10 [07:04<16:30, 141.50s/it][A 80%|â–ˆâ–ˆâ–ˆâ–ˆâ–ˆâ–ˆâ–ˆâ–ˆ  | 8/10 [18:41<04:40, 140.06s/it]

 30%|â–ˆâ–ˆâ–ˆ       | 3/10 [07:05<16:32, 141.81s/it][A[A
 40%|â–ˆâ–ˆâ–ˆâ–ˆ      | 4/10 [09:26<14:10, 141.73s/it][A 90%|â–ˆâ–ˆâ–ˆâ–ˆâ–ˆâ–ˆâ–ˆâ–ˆâ–ˆ | 9/10 [21:03<02:20, 140.51s/it]

 40%|â–ˆâ–ˆâ–ˆâ–ˆ      | 4/10 [09:27<14:10, 141.71s/it][A[A
 50%|â–ˆâ–ˆâ–ˆâ–ˆâ–ˆ     | 5/10 [11:49<11:49, 141.89s/it][A100%|â–ˆâ–ˆâ–ˆâ–ˆâ–ˆâ–ˆâ–ˆâ–ˆâ–ˆâ–ˆ| 10/10 [23:23<00:00, 140.56s/it]100%|â–ˆâ–ˆâ–ˆâ–ˆâ–ˆâ–ˆâ–ˆâ–ˆâ–ˆâ–ˆ| 10/10 [23:23<00:00, 140.38s/it]
[32m[I 2022-04-06 04:27:49,538][0m Trial 45 finished with value: 0.4505606523955148 and parameters: {'emb_size': 200, 'hidden_size': 256, 'fc_size': 64, 'num_layers': 3, 'dropout_rnn': 0.24448401507922402, 'dropout_fc': 0.5700212456629884, 'learning_rate': 0.002390645628926524, 'l2_reg': 0.31943576306892657}. Best is trial 21 with value: 0.4506334643949323.[0m
  0%|          | 0/10 [00:00<?, ?it/s]

 50%|â–ˆâ–ˆâ–ˆâ–ˆâ–ˆ     | 5/10 [11:49<11:48, 141.79s/it][A[A
 60%|â–ˆâ–ˆâ–ˆâ–ˆâ–ˆâ–ˆ    | 6/10 [14:10<09:27, 141.89s/it][A 10%|â–ˆ         | 1/10 [02:20<21:05, 140.64s/it]

 60%|â–ˆâ–ˆâ–ˆâ–ˆâ–ˆâ–ˆ    | 6/10 [14:11<09:27, 141.99s/it][A[A
 70%|â–ˆâ–ˆâ–ˆâ–ˆâ–ˆâ–ˆâ–ˆ   | 7/10 [16:33<07:06, 142.00s/it][A 20%|â–ˆâ–ˆ        | 2/10 [04:41<18:44, 140.51s/it]

 70%|â–ˆâ–ˆâ–ˆâ–ˆâ–ˆâ–ˆâ–ˆ   | 7/10 [16:29<07:02, 140.69s/it][A[A
 80%|â–ˆâ–ˆâ–ˆâ–ˆâ–ˆâ–ˆâ–ˆâ–ˆ  | 8/10 [18:50<04:41, 140.58s/it][A 30%|â–ˆâ–ˆâ–ˆ       | 3/10 [06:54<16:01, 137.42s/it]

 80%|â–ˆâ–ˆâ–ˆâ–ˆâ–ˆâ–ˆâ–ˆâ–ˆ  | 8/10 [18:51<04:42, 141.06s/it][A[A
 90%|â–ˆâ–ˆâ–ˆâ–ˆâ–ˆâ–ˆâ–ˆâ–ˆâ–ˆ | 9/10 [21:12<02:20, 140.98s/it][A 40%|â–ˆâ–ˆâ–ˆâ–ˆ      | 4/10 [09:15<13:51, 138.55s/it]

 90%|â–ˆâ–ˆâ–ˆâ–ˆâ–ˆâ–ˆâ–ˆâ–ˆâ–ˆ | 9/10 [21:12<02:21, 141.21s/it][A[A
100%|â–ˆâ–ˆâ–ˆâ–ˆâ–ˆâ–ˆâ–ˆâ–ˆâ–ˆâ–ˆ| 10/10 [23:34<00:00, 141.34s/it][A100%|â–ˆâ–ˆâ–ˆâ–ˆâ–ˆâ–ˆâ–ˆâ–ˆâ–ˆâ–ˆ| 10/10 [23:34<00:00, 141.46s/it]
[32m[I 2022-04-06 04:38:26,724][0m Trial 46 finished with value: 0.4505606523955148 and parameters: {'emb_size': 100, 'hidden_size': 256, 'fc_size': 64, 'num_layers': 3, 'dropout_rnn': 0.3653515693483446, 'dropout_fc': 0.3915611119907105, 'learning_rate': 2.1521389229543842e-05, 'l2_reg': 0.3410614670679016}. Best is trial 21 with value: 0.4506334643949323.[0m

  0%|          | 0/10 [00:00<?, ?it/s][A 50%|â–ˆâ–ˆâ–ˆâ–ˆâ–ˆ     | 5/10 [11:36<11:37, 139.59s/it]
 10%|â–ˆ         | 1/10 [01:53<16:58, 113.17s/it][A

100%|â–ˆâ–ˆâ–ˆâ–ˆâ–ˆâ–ˆâ–ˆâ–ˆâ–ˆâ–ˆ| 10/10 [23:35<00:00, 141.69s/it][A[A100%|â–ˆâ–ˆâ–ˆâ–ˆâ–ˆâ–ˆâ–ˆâ–ˆâ–ˆâ–ˆ| 10/10 [23:35<00:00, 141.56s/it]
[32m[I 2022-04-06 04:40:45,287][0m Trial 47 finished with value: 0.4505970583952235 and parameters: {'emb_size': 100, 'hidden_size': 256, 'fc_size': 64, 'num_layers': 3, 'dropout_rnn': 0.34678865654808755, 'dropout_fc': 0.39092760151351535, 'learning_rate': 8.658426833099902e-05, 'l2_reg': 0.341915136033243}. Best is trial 21 with value: 0.4506334643949323.[0m


  0%|          | 0/10 [00:00<?, ?it/s][A[A 60%|â–ˆâ–ˆâ–ˆâ–ˆâ–ˆâ–ˆ    | 6/10 [13:58<09:21, 140.40s/it]
 20%|â–ˆâ–ˆ        | 2/10 [03:45<15:03, 112.94s/it][A

 10%|â–ˆ         | 1/10 [01:52<16:49, 112.20s/it][A[A
 30%|â–ˆâ–ˆâ–ˆ       | 3/10 [05:38<13:08, 112.63s/it][A 70%|â–ˆâ–ˆâ–ˆâ–ˆâ–ˆâ–ˆâ–ˆ   | 7/10 [16:22<07:04, 141.43s/it]

 20%|â–ˆâ–ˆ        | 2/10 [03:44<15:00, 112.55s/it][A[A
 40%|â–ˆâ–ˆâ–ˆâ–ˆ      | 4/10 [07:30<11:15, 112.60s/it][A

 30%|â–ˆâ–ˆâ–ˆ       | 3/10 [05:37<13:07, 112.51s/it][A[A 80%|â–ˆâ–ˆâ–ˆâ–ˆâ–ˆâ–ˆâ–ˆâ–ˆ  | 8/10 [18:45<04:44, 142.11s/it]
 50%|â–ˆâ–ˆâ–ˆâ–ˆâ–ˆ     | 5/10 [09:23<09:23, 112.79s/it][A

 40%|â–ˆâ–ˆâ–ˆâ–ˆ      | 4/10 [07:30<11:16, 112.70s/it][A[A 90%|â–ˆâ–ˆâ–ˆâ–ˆâ–ˆâ–ˆâ–ˆâ–ˆâ–ˆ | 9/10 [21:08<02:22, 142.46s/it]
 60%|â–ˆâ–ˆâ–ˆâ–ˆâ–ˆâ–ˆ    | 6/10 [11:16<07:31, 112.83s/it][A

 50%|â–ˆâ–ˆâ–ˆâ–ˆâ–ˆ     | 5/10 [09:23<09:24, 112.89s/it][A[A100%|â–ˆâ–ˆâ–ˆâ–ˆâ–ˆâ–ˆâ–ˆâ–ˆâ–ˆâ–ˆ| 10/10 [23:32<00:00, 142.74s/it]100%|â–ˆâ–ˆâ–ˆâ–ˆâ–ˆâ–ˆâ–ˆâ–ˆâ–ˆâ–ˆ| 10/10 [23:32<00:00, 141.22s/it]
[32m[I 2022-04-06 04:51:24,444][0m Trial 48 finished with value: 0.4503422163972623 and parameters: {'emb_size': 100, 'hidden_size': 256, 'fc_size': 64, 'num_layers': 3, 'dropout_rnn': 0.35209567883834325, 'dropout_fc': 0.3930718118281264, 'learning_rate': 7.675180031084693e-05, 'l2_reg': 0.1550673003360927}. Best is trial 21 with value: 0.4506334643949323.[0m
  0%|          | 0/10 [00:00<?, ?it/s]
 70%|â–ˆâ–ˆâ–ˆâ–ˆâ–ˆâ–ˆâ–ˆ   | 7/10 [13:04<05:33, 111.29s/it][A

 60%|â–ˆâ–ˆâ–ˆâ–ˆâ–ˆâ–ˆ    | 6/10 [11:16<07:31, 112.99s/it][A[A
 80%|â–ˆâ–ˆâ–ˆâ–ˆâ–ˆâ–ˆâ–ˆâ–ˆ  | 8/10 [14:57<03:43, 111.70s/it][A 10%|â–ˆ         | 1/10 [02:23<21:32, 143.60s/it]

 70%|â–ˆâ–ˆâ–ˆâ–ˆâ–ˆâ–ˆâ–ˆ   | 7/10 [13:09<05:38, 112.84s/it][A[A
 90%|â–ˆâ–ˆâ–ˆâ–ˆâ–ˆâ–ˆâ–ˆâ–ˆâ–ˆ | 9/10 [16:51<01:52, 112.30s/it][A

 80%|â–ˆâ–ˆâ–ˆâ–ˆâ–ˆâ–ˆâ–ˆâ–ˆ  | 8/10 [15:03<03:46, 113.12s/it][A[A 20%|â–ˆâ–ˆ        | 2/10 [04:47<19:09, 143.72s/it]
100%|â–ˆâ–ˆâ–ˆâ–ˆâ–ˆâ–ˆâ–ˆâ–ˆâ–ˆâ–ˆ| 10/10 [18:44<00:00, 112.79s/it][A100%|â–ˆâ–ˆâ–ˆâ–ˆâ–ˆâ–ˆâ–ˆâ–ˆâ–ˆâ–ˆ| 10/10 [18:44<00:00, 112.50s/it]
[32m[I 2022-04-06 04:57:13,044][0m Trial 49 finished with value: 0.4503422163972623 and parameters: {'emb_size': 100, 'hidden_size': 128, 'fc_size': 128, 'num_layers': 2, 'dropout_rnn': 0.42833815558715915, 'dropout_fc': 0.3476407810676104, 'learning_rate': 0.006643109004163418, 'l2_reg': 0.1829699482061314}. Best is trial 21 with value: 0.4506334643949323.[0m

  0%|          | 0/10 [00:00<?, ?it/s][A

 90%|â–ˆâ–ˆâ–ˆâ–ˆâ–ˆâ–ˆâ–ˆâ–ˆâ–ˆ | 9/10 [16:57<01:53, 113.64s/it][A[A 30%|â–ˆâ–ˆâ–ˆ       | 3/10 [07:10<16:44, 143.47s/it]
 10%|â–ˆ         | 1/10 [02:22<21:22, 142.46s/it][A

100%|â–ˆâ–ˆâ–ˆâ–ˆâ–ˆâ–ˆâ–ˆâ–ˆâ–ˆâ–ˆ| 10/10 [18:51<00:00, 113.74s/it][A[A100%|â–ˆâ–ˆâ–ˆâ–ˆâ–ˆâ–ˆâ–ˆâ–ˆâ–ˆâ–ˆ| 10/10 [18:51<00:00, 113.19s/it]
[32m[I 2022-04-06 04:59:38,459][0m Trial 50 finished with value: 0.450378622396971 and parameters: {'emb_size': 100, 'hidden_size': 128, 'fc_size': 128, 'num_layers': 2, 'dropout_rnn': 0.4445882164780341, 'dropout_fc': 0.344035215888042, 'learning_rate': 0.007561672599166543, 'l2_reg': 0.17843530828751214}. Best is trial 21 with value: 0.4506334643949323.[0m


  0%|          | 0/10 [00:00<?, ?it/s][A[A 40%|â–ˆâ–ˆâ–ˆâ–ˆ      | 4/10 [09:30<14:11, 141.98s/it]
 20%|â–ˆâ–ˆ        | 2/10 [04:43<18:54, 141.83s/it][A

 10%|â–ˆ         | 1/10 [02:20<21:00, 140.11s/it][A[A 50%|â–ˆâ–ˆâ–ˆâ–ˆâ–ˆ     | 5/10 [11:50<11:47, 141.50s/it]
 30%|â–ˆâ–ˆâ–ˆ       | 3/10 [07:06<16:36, 142.34s/it][A

 20%|â–ˆâ–ˆ        | 2/10 [04:43<18:54, 141.78s/it][A[A 60%|â–ˆâ–ˆâ–ˆâ–ˆâ–ˆâ–ˆ    | 6/10 [14:11<09:24, 141.23s/it]
 40%|â–ˆâ–ˆâ–ˆâ–ˆ      | 4/10 [09:28<14:13, 142.26s/it][A

 30%|â–ˆâ–ˆâ–ˆ       | 3/10 [07:05<16:32, 141.86s/it][A[A 70%|â–ˆâ–ˆâ–ˆâ–ˆâ–ˆâ–ˆâ–ˆ   | 7/10 [16:31<07:02, 140.85s/it]
 50%|â–ˆâ–ˆâ–ˆâ–ˆâ–ˆ     | 5/10 [11:51<11:51, 142.21s/it][A

 40%|â–ˆâ–ˆâ–ˆâ–ˆ      | 4/10 [09:26<14:10, 141.77s/it][A[A 80%|â–ˆâ–ˆâ–ˆâ–ˆâ–ˆâ–ˆâ–ˆâ–ˆ  | 8/10 [18:52<04:41, 140.70s/it]
 60%|â–ˆâ–ˆâ–ˆâ–ˆâ–ˆâ–ˆ    | 6/10 [14:13<09:29, 142.40s/it][A

 50%|â–ˆâ–ˆâ–ˆâ–ˆâ–ˆ     | 5/10 [11:49<11:50, 142.08s/it][A[A 90%|â–ˆâ–ˆâ–ˆâ–ˆâ–ˆâ–ˆâ–ˆâ–ˆâ–ˆ | 9/10 [21:13<02:20, 140.81s/it]
 70%|â–ˆâ–ˆâ–ˆâ–ˆâ–ˆâ–ˆâ–ˆ   | 7/10 [16:36<07:07, 142.48s/it][A

 60%|â–ˆâ–ˆâ–ˆâ–ˆâ–ˆâ–ˆ    | 6/10 [14:11<09:28, 142.15s/it][A[A100%|â–ˆâ–ˆâ–ˆâ–ˆâ–ˆâ–ˆâ–ˆâ–ˆâ–ˆâ–ˆ| 10/10 [23:33<00:00, 140.74s/it]100%|â–ˆâ–ˆâ–ˆâ–ˆâ–ˆâ–ˆâ–ˆâ–ˆâ–ˆâ–ˆ| 10/10 [23:33<00:00, 141.37s/it]
[32m[I 2022-04-06 05:15:00,862][0m Trial 51 finished with value: 0.450669870394641 and parameters: {'emb_size': 200, 'hidden_size': 256, 'fc_size': 128, 'num_layers': 3, 'dropout_rnn': 0.29220761733241096, 'dropout_fc': 0.33489402875076857, 'learning_rate': 0.005281647879556434, 'l2_reg': 0.054793046215121786}. Best is trial 51 with value: 0.450669870394641.[0m
  0%|          | 0/10 [00:00<?, ?it/s]
 80%|â–ˆâ–ˆâ–ˆâ–ˆâ–ˆâ–ˆâ–ˆâ–ˆ  | 8/10 [18:58<04:44, 142.49s/it][A

 70%|â–ˆâ–ˆâ–ˆâ–ˆâ–ˆâ–ˆâ–ˆ   | 7/10 [16:33<07:06, 142.22s/it][A[A 10%|â–ˆ         | 1/10 [01:50<16:31, 110.18s/it]
 90%|â–ˆâ–ˆâ–ˆâ–ˆâ–ˆâ–ˆâ–ˆâ–ˆâ–ˆ | 9/10 [21:21<02:22, 142.59s/it][A

 80%|â–ˆâ–ˆâ–ˆâ–ˆâ–ˆâ–ˆâ–ˆâ–ˆ  | 8/10 [18:56<04:44, 142.37s/it][A[A 20%|â–ˆâ–ˆ        | 2/10 [03:41<14:45, 110.72s/it] 30%|â–ˆâ–ˆâ–ˆ       | 3/10 [05:33<12:58, 111.20s/it]
100%|â–ˆâ–ˆâ–ˆâ–ˆâ–ˆâ–ˆâ–ˆâ–ˆâ–ˆâ–ˆ| 10/10 [23:44<00:00, 142.56s/it][A100%|â–ˆâ–ˆâ–ˆâ–ˆâ–ˆâ–ˆâ–ˆâ–ˆâ–ˆâ–ˆ| 10/10 [23:44<00:00, 142.43s/it]


 90%|â–ˆâ–ˆâ–ˆâ–ˆâ–ˆâ–ˆâ–ˆâ–ˆâ–ˆ | 9/10 [21:19<02:22, 142.40s/it][A[A[32m[I 2022-04-06 05:21:00,055][0m Trial 52 finished with value: 0.4503058103975535 and parameters: {'emb_size': 200, 'hidden_size': 256, 'fc_size': 128, 'num_layers': 3, 'dropout_rnn': 0.29272724237859155, 'dropout_fc': 0.7133963946030636, 'learning_rate': 0.0014289624659535901, 'l2_reg': 0.2766337755180562}. Best is trial 51 with value: 0.450669870394641.[0m

  0%|          | 0/10 [00:00<?, ?it/s][A 40%|â–ˆâ–ˆâ–ˆâ–ˆ      | 4/10 [07:22<11:04, 110.69s/it]
 10%|â–ˆ         | 1/10 [01:51<16:42, 111.38s/it][A

100%|â–ˆâ–ˆâ–ˆâ–ˆâ–ˆâ–ˆâ–ˆâ–ˆâ–ˆâ–ˆ| 10/10 [23:45<00:00, 143.54s/it][A[A100%|â–ˆâ–ˆâ–ˆâ–ˆâ–ˆâ–ˆâ–ˆâ–ˆâ–ˆâ–ˆ| 10/10 [23:45<00:00, 142.52s/it]
[32m[I 2022-04-06 05:23:26,418][0m Trial 53 finished with value: 0.4506334643949323 and parameters: {'emb_size': 200, 'hidden_size': 256, 'fc_size': 64, 'num_layers': 3, 'dropout_rnn': 0.29699556728824855, 'dropout_fc': 0.5137457818906795, 'learning_rate': 0.03630251007318799, 'l2_reg': 0.02649542522432834}. Best is trial 51 with value: 0.450669870394641.[0m


  0%|          | 0/10 [00:00<?, ?it/s][A[A 50%|â–ˆâ–ˆâ–ˆâ–ˆâ–ˆ     | 5/10 [09:15<09:15, 111.18s/it]
 20%|â–ˆâ–ˆ        | 2/10 [03:43<14:55, 111.97s/it][A

 10%|â–ˆ         | 1/10 [01:52<16:52, 112.45s/it][A[A 60%|â–ˆâ–ˆâ–ˆâ–ˆâ–ˆâ–ˆ    | 6/10 [11:07<07:26, 111.57s/it]
 30%|â–ˆâ–ˆâ–ˆ       | 3/10 [05:36<13:06, 112.31s/it][A

 20%|â–ˆâ–ˆ        | 2/10 [03:45<15:03, 112.93s/it][A[A 70%|â–ˆâ–ˆâ–ˆâ–ˆâ–ˆâ–ˆâ–ˆ   | 7/10 [12:59<05:35, 111.78s/it]
 40%|â–ˆâ–ˆâ–ˆâ–ˆ      | 4/10 [07:28<11:13, 112.22s/it][A

 30%|â–ˆâ–ˆâ–ˆ       | 3/10 [05:37<13:06, 112.42s/it][A[A 80%|â–ˆâ–ˆâ–ˆâ–ˆâ–ˆâ–ˆâ–ˆâ–ˆ  | 8/10 [14:34<03:32, 106.28s/it]
 50%|â–ˆâ–ˆâ–ˆâ–ˆâ–ˆ     | 5/10 [09:20<09:20, 112.05s/it][A

 40%|â–ˆâ–ˆâ–ˆâ–ˆ      | 4/10 [07:29<11:14, 112.42s/it][A[A 90%|â–ˆâ–ˆâ–ˆâ–ˆâ–ˆâ–ˆâ–ˆâ–ˆâ–ˆ | 9/10 [16:26<01:48, 108.11s/it]
 60%|â–ˆâ–ˆâ–ˆâ–ˆâ–ˆâ–ˆ    | 6/10 [11:13<07:29, 112.46s/it][A

 50%|â–ˆâ–ˆâ–ˆâ–ˆâ–ˆ     | 5/10 [09:22<09:22, 112.54s/it][A[A100%|â–ˆâ–ˆâ–ˆâ–ˆâ–ˆâ–ˆâ–ˆâ–ˆâ–ˆâ–ˆ| 10/10 [18:18<00:00, 109.46s/it]100%|â–ˆâ–ˆâ–ˆâ–ˆâ–ˆâ–ˆâ–ˆâ–ˆâ–ˆâ–ˆ| 10/10 [18:18<00:00, 109.87s/it]
[32m[I 2022-04-06 05:33:20,922][0m Trial 54 finished with value: 0.4506334643949323 and parameters: {'emb_size': 200, 'hidden_size': 128, 'fc_size': 128, 'num_layers': 2, 'dropout_rnn': 0.4908022240219686, 'dropout_fc': 0.30895630444299715, 'learning_rate': 0.006132528052449587, 'l2_reg': 0.026291462926890014}. Best is trial 51 with value: 0.450669870394641.[0m
  0%|          | 0/10 [00:00<?, ?it/s]
 70%|â–ˆâ–ˆâ–ˆâ–ˆâ–ˆâ–ˆâ–ˆ   | 7/10 [13:06<05:37, 112.53s/it][A

 60%|â–ˆâ–ˆâ–ˆâ–ˆâ–ˆâ–ˆ    | 6/10 [11:15<07:30, 112.72s/it][A[A 10%|â–ˆ         | 1/10 [01:52<16:49, 112.14s/it]
 80%|â–ˆâ–ˆâ–ˆâ–ˆâ–ˆâ–ˆâ–ˆâ–ˆ  | 8/10 [14:58<03:45, 112.51s/it][A

 70%|â–ˆâ–ˆâ–ˆâ–ˆâ–ˆâ–ˆâ–ˆ   | 7/10 [13:08<05:37, 112.64s/it][A[A 20%|â–ˆâ–ˆ        | 2/10 [03:43<14:55, 111.95s/it]
 90%|â–ˆâ–ˆâ–ˆâ–ˆâ–ˆâ–ˆâ–ˆâ–ˆâ–ˆ | 9/10 [16:50<01:52, 112.36s/it][A

 80%|â–ˆâ–ˆâ–ˆâ–ˆâ–ˆâ–ˆâ–ˆâ–ˆ  | 8/10 [15:00<03:45, 112.54s/it][A[A 30%|â–ˆâ–ˆâ–ˆ       | 3/10 [05:35<13:03, 111.93s/it]
100%|â–ˆâ–ˆâ–ˆâ–ˆâ–ˆâ–ˆâ–ˆâ–ˆâ–ˆâ–ˆ| 10/10 [18:42<00:00, 112.31s/it][A100%|â–ˆâ–ˆâ–ˆâ–ˆâ–ˆâ–ˆâ–ˆâ–ˆâ–ˆâ–ˆ| 10/10 [18:42<00:00, 112.29s/it]
