[32m[I 2022-04-06 05:39:44,371][0m Trial 55 finished with value: 0.4504878403960973 and parameters: {'emb_size': 200, 'hidden_size': 128, 'fc_size': 128, 'num_layers': 2, 'dropout_rnn': 0.48541785148232197, 'dropout_fc': 0.30275315263084074, 'learning_rate': 0.061310568346423566, 'l2_reg': 0.022770653307517954}. Best is trial 51 with value: 0.450669870394641.[0m

  0%|          | 0/10 [00:00<?, ?it/s][A

 90%|â–ˆâ–ˆâ–ˆâ–ˆâ–ˆâ–ˆâ–ˆâ–ˆâ–ˆ | 9/10 [16:53<01:52, 112.57s/it][A[A 40%|â–ˆâ–ˆâ–ˆâ–ˆ      | 4/10 [07:27<11:11, 111.94s/it]
 10%|â–ˆ         | 1/10 [01:52<16:50, 112.25s/it][A

100%|â–ˆâ–ˆâ–ˆâ–ˆâ–ˆâ–ˆâ–ˆâ–ˆâ–ˆâ–ˆ| 10/10 [18:45<00:00, 112.48s/it][A[A100%|â–ˆâ–ˆâ–ˆâ–ˆâ–ˆâ–ˆâ–ˆâ–ˆâ–ˆâ–ˆ| 10/10 [18:45<00:00, 112.55s/it]
[32m[I 2022-04-06 05:42:13,294][0m Trial 56 finished with value: 0.45026940439784474 and parameters: {'emb_size': 200, 'hidden_size': 128, 'fc_size': 128, 'num_layers': 2, 'dropout_rnn': 0.4904956089921266, 'dropout_fc': 0.31404229614932183, 'learning_rate': 0.017183241012252756, 'l2_reg': 0.023542643588036993}. Best is trial 51 with value: 0.450669870394641.[0m


  0%|          | 0/10 [00:00<?, ?it/s][A[A 50%|â–ˆâ–ˆâ–ˆâ–ˆâ–ˆ     | 5/10 [09:19<09:19, 111.93s/it]
 20%|â–ˆâ–ˆ        | 2/10 [03:44<14:59, 112.49s/it][A

 10%|â–ˆ         | 1/10 [01:52<16:52, 112.55s/it][A[A 60%|â–ˆâ–ˆâ–ˆâ–ˆâ–ˆâ–ˆ    | 6/10 [11:11<07:28, 112.03s/it]
 30%|â–ˆâ–ˆâ–ˆ       | 3/10 [05:37<13:08, 112.58s/it][A

 20%|â–ˆâ–ˆ        | 2/10 [03:45<15:02, 112.86s/it][A[A 70%|â–ˆâ–ˆâ–ˆâ–ˆâ–ˆâ–ˆâ–ˆ   | 7/10 [13:01<05:33, 111.16s/it]
 40%|â–ˆâ–ˆâ–ˆâ–ˆ      | 4/10 [07:29<11:13, 112.24s/it][A

 30%|â–ˆâ–ˆâ–ˆ       | 3/10 [05:37<13:06, 112.32s/it][A[A 80%|â–ˆâ–ˆâ–ˆâ–ˆâ–ˆâ–ˆâ–ˆâ–ˆ  | 8/10 [14:52<03:42, 111.16s/it]
 50%|â–ˆâ–ˆâ–ˆâ–ˆâ–ˆ     | 5/10 [09:22<09:22, 112.55s/it][A

 40%|â–ˆâ–ˆâ–ˆâ–ˆ      | 4/10 [07:30<11:15, 112.67s/it][A[A 90%|â–ˆâ–ˆâ–ˆâ–ˆâ–ˆâ–ˆâ–ˆâ–ˆâ–ˆ | 9/10 [16:28<01:46, 106.34s/it]
 60%|â–ˆâ–ˆâ–ˆâ–ˆâ–ˆâ–ˆ    | 6/10 [11:14<07:30, 112.55s/it][A

 50%|â–ˆâ–ˆâ–ˆâ–ˆâ–ˆ     | 5/10 [09:22<09:22, 112.44s/it][A[A100%|â–ˆâ–ˆâ–ˆâ–ˆâ–ˆâ–ˆâ–ˆâ–ˆâ–ˆâ–ˆ| 10/10 [18:20<00:00, 108.02s/it]100%|â–ˆâ–ˆâ–ˆâ–ˆâ–ˆâ–ˆâ–ˆâ–ˆâ–ˆâ–ˆ| 10/10 [18:20<00:00, 110.00s/it]
[32m[I 2022-04-06 05:51:42,357][0m Trial 57 finished with value: 0.4504878403960973 and parameters: {'emb_size': 200, 'hidden_size': 128, 'fc_size': 128, 'num_layers': 2, 'dropout_rnn': 0.4934959697164745, 'dropout_fc': 0.30775268204551165, 'learning_rate': 0.015115233593382757, 'l2_reg': 0.020035281429576744}. Best is trial 51 with value: 0.450669870394641.[0m

 70%|â–ˆâ–ˆâ–ˆâ–ˆâ–ˆâ–ˆâ–ˆ   | 7/10 [13:01<05:32, 110.68s/it][A

 60%|â–ˆâ–ˆâ–ˆâ–ˆâ–ˆâ–ˆ    | 6/10 [11:06<07:17, 109.41s/it][A[A
 80%|â–ˆâ–ˆâ–ˆâ–ˆâ–ˆâ–ˆâ–ˆâ–ˆ  | 8/10 [14:43<03:35, 107.83s/it][A

 70%|â–ˆâ–ˆâ–ˆâ–ˆâ–ˆâ–ˆâ–ˆ   | 7/10 [12:47<05:20, 106.87s/it][A[A
 90%|â–ˆâ–ˆâ–ˆâ–ˆâ–ˆâ–ˆâ–ˆâ–ˆâ–ˆ | 9/10 [16:25<01:45, 105.98s/it][A

 80%|â–ˆâ–ˆâ–ˆâ–ˆâ–ˆâ–ˆâ–ˆâ–ˆ  | 8/10 [14:29<03:30, 105.26s/it][A[A
100%|â–ˆâ–ˆâ–ˆâ–ˆâ–ˆâ–ˆâ–ˆâ–ˆâ–ˆâ–ˆ| 10/10 [17:50<00:00, 99.37s/it][A100%|â–ˆâ–ˆâ–ˆâ–ˆâ–ˆâ–ˆâ–ˆâ–ˆâ–ˆâ–ˆ| 10/10 [17:50<00:00, 107.00s/it]
[32m[I 2022-04-06 05:57:35,665][0m Trial 58 finished with value: 0.4503058103975535 and parameters: {'emb_size': 200, 'hidden_size': 128, 'fc_size': 128, 'num_layers': 2, 'dropout_rnn': 0.2988893174142123, 'dropout_fc': 0.2668946942596001, 'learning_rate': 0.0168125652368436, 'l2_reg': 0.015006065558884266}. Best is trial 51 with value: 0.450669870394641.[0m


 90%|â–ˆâ–ˆâ–ˆâ–ˆâ–ˆâ–ˆâ–ˆâ–ˆâ–ˆ | 9/10 [16:06<01:42, 102.72s/it][A[A

100%|â–ˆâ–ˆâ–ˆâ–ˆâ–ˆâ–ˆâ–ˆâ–ˆâ–ˆâ–ˆ| 10/10 [17:39<00:00, 99.59s/it][A[A100%|â–ˆâ–ˆâ–ˆâ–ˆâ–ˆâ–ˆâ–ˆâ–ˆâ–ˆâ–ˆ| 10/10 [17:39<00:00, 105.92s/it]
[32m[I 2022-04-06 05:59:53,866][0m Trial 59 finished with value: 0.450524246395806 and parameters: {'emb_size': 200, 'hidden_size': 128, 'fc_size': 128, 'num_layers': 2, 'dropout_rnn': 0.5135298044405123, 'dropout_fc': 0.26799741124203386, 'learning_rate': 0.005722210841173643, 'l2_reg': 0.05454709079800376}. Best is trial 51 with value: 0.450669870394641.[0m
